#
# There is insufficient memory for the Java Runtime Environment to continue.
# Native memory allocation (malloc) failed to allocate 1063696 bytes. Error detail: Chunk::new
# Possible reasons:
#   The system is out of physical RAM or swap space
#   This process is running with CompressedOops enabled, and the Java Heap may be blocking the growth of the native heap
# Possible solutions:
#   Reduce memory load on the system
#   Increase physical memory or swap space
#   Check if swap backing store is full
#   Decrease Java heap size (-Xmx/-Xms)
#   Decrease number of Java threads
#   Decrease Java thread stack sizes (-Xss)
#   Set larger code cache with -XX:ReservedCodeCacheSize=
#   JVM is running with Unscaled Compressed Oops mode in which the Java heap is
#     placed in the first 4GB address space. The Java Heap base address is the
#     maximum limit for the native heap growth. Please use -XX:HeapBaseMinAddress
#     to set the Java Heap base and to place the Java Heap above 4GB virtual address.
# This output file may be truncated or incomplete.
#
#  Out of Memory Error (arena.cpp:191), pid=11036, tid=3632
#
# JRE version: OpenJDK Runtime Environment (17.0.11) (build 17.0.11+0--11852314)
# Java VM: OpenJDK 64-Bit Server VM (17.0.11+0--11852314, mixed mode, tiered, compressed oops, compressed class ptrs, g1 gc, windows-amd64)
# No core dump will be written. Minidumps are not enabled by default on client versions of Windows
#

---------------  S U M M A R Y ------------

Command Line: --add-opens=java.base/java.util=ALL-UNNAMED --add-opens=java.base/java.lang=ALL-UNNAMED --add-opens=java.base/java.lang.invoke=ALL-UNNAMED --add-opens=java.prefs/java.util.prefs=ALL-UNNAMED --add-opens=java.base/java.nio.charset=ALL-UNNAMED --add-opens=java.base/java.net=ALL-UNNAMED --add-opens=java.base/java.util.concurrent.atomic=ALL-UNNAMED -Xmx2048m -Dfile.encoding=UTF-8 -Duser.country=CO -Duser.language=es -Duser.variant -javaagent:C:\Users\frami\.gradle\wrapper\dists\gradle-8.2-bin\bbg7u40eoinfdyxsxr3z4i7ta\gradle-8.2\lib\agents\gradle-instrumentation-agent-8.2.jar org.gradle.launcher.daemon.bootstrap.GradleDaemon 8.2

Host: AMD Ryzen 5 3450U with Radeon Vega Mobile Gfx  , 8 cores, 5G,  Windows 11 , 64 bit Build 22621 (10.0.22621.3958)
Time: Fri Sep 13 15:52:08 2024 Hora est. Pacífico, Sudamérica elapsed time: 13.767407 seconds (0d 0h 0m 13s)

---------------  T H R E A D  ---------------

Current thread (0x0000018ee8b9d010):  JavaThread "C2 CompilerThread0" daemon [_thread_in_native, id=3632, stack(0x000000360e000000,0x000000360e100000)]


Current CompileTask:
C2:  13767 3848       4       org.objectweb.asm.Frame::execute (2318 bytes)

Stack: [0x000000360e000000,0x000000360e100000]
Native frames: (J=compiled Java code, j=interpreted, Vv=VM code, C=native code)
V  [jvm.dll+0x687bb9]
V  [jvm.dll+0x84142a]
V  [jvm.dll+0x8430ae]
V  [jvm.dll+0x843713]
V  [jvm.dll+0x24a35f]
V  [jvm.dll+0xac544]
V  [jvm.dll+0xacb8c]
V  [jvm.dll+0x2b194f]
V  [jvm.dll+0x58eba7]
V  [jvm.dll+0x2247e2]
V  [jvm.dll+0x224bdf]
V  [jvm.dll+0x21dd00]
V  [jvm.dll+0x21b201]
V  [jvm.dll+0x1a63ed]
V  [jvm.dll+0x22b1ee]
V  [jvm.dll+0x229375]
V  [jvm.dll+0x7f5647]
V  [jvm.dll+0x7efa4a]
V  [jvm.dll+0x686a35]
C  [ucrtbase.dll+0x29333]
C  [KERNEL32.DLL+0x1257d]
C  [ntdll.dll+0x5af28]


---------------  P R O C E S S  ---------------

Threads class SMR info:
_java_thread_list=0x0000018eef8a8850, length=36, elements={
0x0000018eceb8b430, 0x0000018ee8b73020, 0x0000018ee8b73ea0, 0x0000018ee8a1ff20,
0x0000018ee8a20ae0, 0x0000018ee8a215a0, 0x0000018ee8a21f60, 0x0000018ee8b9d010,
0x0000018ee8ba8e30, 0x0000018ee8bab750, 0x0000018ee899a960, 0x0000018ee8dd8150,
0x0000018eee6baa70, 0x0000018eee3dfd80, 0x0000018eee791160, 0x0000018eee4550f0,
0x0000018eeec28660, 0x0000018eee5785f0, 0x0000018eee96c7d0, 0x0000018ee8d01b30,
0x0000018ee8d02f70, 0x0000018ee8d02040, 0x0000018ee8d01620, 0x0000018ee8d001e0,
0x0000018ee8d03990, 0x0000018ee8d01110, 0x0000018ee8d00c00, 0x0000018ee8d02550,
0x0000018eef2f1340, 0x0000018eef2f0e30, 0x0000018eef2ee0a0, 0x0000018eef2ef9f0,
0x0000018eef2f31a0, 0x0000018eef2ed680, 0x0000018eef2f36b0, 0x0000018eef2f3bc0
}

Java Threads: ( => current thread )
  0x0000018eceb8b430 JavaThread "main" [_thread_blocked, id=14448, stack(0x000000360d300000,0x000000360d400000)]
  0x0000018ee8b73020 JavaThread "Reference Handler" daemon [_thread_blocked, id=6844, stack(0x000000360da00000,0x000000360db00000)]
  0x0000018ee8b73ea0 JavaThread "Finalizer" daemon [_thread_blocked, id=19812, stack(0x000000360db00000,0x000000360dc00000)]
  0x0000018ee8a1ff20 JavaThread "Signal Dispatcher" daemon [_thread_blocked, id=18064, stack(0x000000360dc00000,0x000000360dd00000)]
  0x0000018ee8a20ae0 JavaThread "Attach Listener" daemon [_thread_blocked, id=16624, stack(0x000000360dd00000,0x000000360de00000)]
  0x0000018ee8a215a0 JavaThread "Service Thread" daemon [_thread_blocked, id=14276, stack(0x000000360de00000,0x000000360df00000)]
  0x0000018ee8a21f60 JavaThread "Monitor Deflation Thread" daemon [_thread_blocked, id=4352, stack(0x000000360df00000,0x000000360e000000)]
=>0x0000018ee8b9d010 JavaThread "C2 CompilerThread0" daemon [_thread_in_native, id=3632, stack(0x000000360e000000,0x000000360e100000)]
  0x0000018ee8ba8e30 JavaThread "C1 CompilerThread0" daemon [_thread_blocked, id=5708, stack(0x000000360e100000,0x000000360e200000)]
  0x0000018ee8bab750 JavaThread "Sweeper thread" daemon [_thread_blocked, id=3516, stack(0x000000360e200000,0x000000360e300000)]
  0x0000018ee899a960 JavaThread "Common-Cleaner" daemon [_thread_blocked, id=5960, stack(0x000000360e300000,0x000000360e400000)]
  0x0000018ee8dd8150 JavaThread "Notification Thread" daemon [_thread_blocked, id=22384, stack(0x000000360e400000,0x000000360e500000)]
  0x0000018eee6baa70 JavaThread "Daemon health stats" [_thread_blocked, id=15844, stack(0x000000360ea00000,0x000000360eb00000)]
  0x0000018eee3dfd80 JavaThread "Incoming local TCP Connector on port 64058" [_thread_in_native, id=20524, stack(0x000000360eb00000,0x000000360ec00000)]
  0x0000018eee791160 JavaThread "Daemon periodic checks" [_thread_blocked, id=12368, stack(0x000000360ec00000,0x000000360ed00000)]
  0x0000018eee4550f0 JavaThread "Daemon" [_thread_blocked, id=16328, stack(0x000000360ed00000,0x000000360ee00000)]
  0x0000018eeec28660 JavaThread "Handler for socket connection from /127.0.0.1:64058 to /127.0.0.1:64059" [_thread_in_native, id=2004, stack(0x000000360ee00000,0x000000360ef00000)]
  0x0000018eee5785f0 JavaThread "Cancel handler" [_thread_blocked, id=19564, stack(0x000000360ef00000,0x000000360f000000)]
  0x0000018eee96c7d0 JavaThread "Daemon worker" [_thread_in_vm, id=13356, stack(0x000000360f000000,0x000000360f100000)]
  0x0000018ee8d01b30 JavaThread "Asynchronous log dispatcher for DefaultDaemonConnection: socket connection from /127.0.0.1:64058 to /127.0.0.1:64059" [_thread_blocked, id=8016, stack(0x000000360f100000,0x000000360f200000)]
  0x0000018ee8d02f70 JavaThread "Stdin handler" [_thread_blocked, id=20312, stack(0x000000360f200000,0x000000360f300000)]
  0x0000018ee8d02040 JavaThread "Daemon client event forwarder" [_thread_blocked, id=19672, stack(0x000000360f300000,0x000000360f400000)]
  0x0000018ee8d01620 JavaThread "Cache worker for journal cache (C:\Users\frami\.gradle\caches\journal-1)" [_thread_blocked, id=2068, stack(0x000000360f800000,0x000000360f900000)]
  0x0000018ee8d001e0 JavaThread "File lock request listener" [_thread_in_native, id=21528, stack(0x000000360f900000,0x000000360fa00000)]
  0x0000018ee8d03990 JavaThread "Cache worker for file hash cache (C:\Users\frami\.gradle\caches\8.2\fileHashes)" [_thread_blocked, id=14528, stack(0x000000360fa00000,0x000000360fb00000)]
  0x0000018ee8d01110 JavaThread "File watcher server" daemon [_thread_in_native, id=16244, stack(0x000000360fb00000,0x000000360fc00000)]
  0x0000018ee8d00c00 JavaThread "File watcher consumer" daemon [_thread_blocked, id=17184, stack(0x000000360fc00000,0x000000360fd00000)]
  0x0000018ee8d02550 JavaThread "Cache worker for checksums cache (C:\Users\frami\Downloads\rehapp_front7\.gradle\8.2\checksums)" [_thread_blocked, id=15156, stack(0x000000360fd00000,0x000000360fe00000)]
  0x0000018eef2f1340 JavaThread "Cache worker for cache directory md-rule (C:\Users\frami\.gradle\caches\8.2\md-rule)" [_thread_blocked, id=9092, stack(0x000000360fe00000,0x000000360ff00000)]
  0x0000018eef2f0e30 JavaThread "Cache worker for file content cache (C:\Users\frami\.gradle\caches\8.2\fileContent)" [_thread_blocked, id=9088, stack(0x000000360ff00000,0x0000003610000000)]
  0x0000018eef2ee0a0 JavaThread "Cache worker for file hash cache (C:\Users\frami\Downloads\rehapp_front7\.gradle\8.2\fileHashes)" [_thread_blocked, id=10804, stack(0x0000003610000000,0x0000003610100000)]
  0x0000018eef2ef9f0 JavaThread "Cache worker for cache directory md-supplier (C:\Users\frami\.gradle\caches\8.2\md-supplier)" [_thread_blocked, id=19568, stack(0x0000003610100000,0x0000003610200000)]
  0x0000018eef2f31a0 JavaThread "Cache worker for execution history cache (C:\Users\frami\.gradle\caches\8.2\executionHistory)" [_thread_blocked, id=20232, stack(0x0000003610200000,0x0000003610300000)]
  0x0000018eef2ed680 JavaThread "Cache worker for kotlin-dsl (C:\Users\frami\.gradle\caches\8.2\kotlin-dsl)" [_thread_blocked, id=12892, stack(0x0000003610400000,0x0000003610500000)]
  0x0000018eef2f36b0 JavaThread "jar transforms" [_thread_blocked, id=19696, stack(0x0000003610500000,0x0000003610600000)]
  0x0000018eef2f3bc0 JavaThread "jar transforms Thread 2" [_thread_blocked, id=5864, stack(0x0000003610600000,0x0000003610700000)]

Other Threads:
  0x0000018ee8a0c440 VMThread "VM Thread" [stack: 0x000000360d900000,0x000000360da00000] [id=17352]
  0x0000018ee8e51c60 WatcherThread [stack: 0x000000360e500000,0x000000360e600000] [id=16856]
  0x0000018ecebe9340 GCTaskThread "GC Thread#0" [stack: 0x000000360d400000,0x000000360d500000] [id=15644]
  0x0000018eed473b30 GCTaskThread "GC Thread#1" [stack: 0x000000360e600000,0x000000360e700000] [id=808]
  0x0000018eed96b040 GCTaskThread "GC Thread#2" [stack: 0x000000360e700000,0x000000360e800000] [id=19460]
  0x0000018eed473df0 GCTaskThread "GC Thread#3" [stack: 0x000000360e800000,0x000000360e900000] [id=3596]
  0x0000018eee02d0d0 GCTaskThread "GC Thread#4" [stack: 0x000000360e900000,0x000000360ea00000] [id=8912]
  0x0000018eed3b41d0 GCTaskThread "GC Thread#5" [stack: 0x000000360f400000,0x000000360f500000] [id=1928]
  0x0000018eedcb9600 GCTaskThread "GC Thread#6" [stack: 0x000000360f500000,0x000000360f600000] [id=13992]
  0x0000018eedea9030 GCTaskThread "GC Thread#7" [stack: 0x000000360f600000,0x000000360f700000] [id=14072]
  0x0000018ecebfa8a0 ConcurrentGCThread "G1 Main Marker" [stack: 0x000000360d500000,0x000000360d600000] [id=20360]
  0x0000018ecebfba60 ConcurrentGCThread "G1 Conc#0" [stack: 0x000000360d600000,0x000000360d700000] [id=18924]
  0x0000018eedd2fba0 ConcurrentGCThread "G1 Conc#1" [stack: 0x000000360f700000,0x000000360f800000] [id=6732]
  0x0000018ee88624c0 ConcurrentGCThread "G1 Refine#0" [stack: 0x000000360d700000,0x000000360d800000] [id=16036]
  0x0000018ef040ebf0 ConcurrentGCThread "G1 Refine#1" [stack: 0x0000003610300000,0x0000003610400000] [id=5484]
  0x0000018ee8862ef0 ConcurrentGCThread "G1 Service" [stack: 0x000000360d800000,0x000000360d900000] [id=17656]

Threads with active compile tasks:
C2 CompilerThread0    13809 3848       4       org.objectweb.asm.Frame::execute (2318 bytes)

VM state: not at safepoint (normal execution)

VM Mutex/Monitor currently owned by a thread: None

Heap address: 0x0000000080000000, size: 2048 MB, Compressed Oops mode: 32-bit

CDS archive(s) not mapped
Compressed class space mapped at: 0x0000000100000000-0x0000000140000000, reserved size: 1073741824
Narrow klass base: 0x0000000000000000, Narrow klass shift: 3, Narrow klass range: 0x140000000

GC Precious Log:
 CPUs: 8 total, 8 available
 Memory: 6030M
 Large Page Support: Disabled
 NUMA Support: Disabled
 Compressed Oops: Enabled (32-bit)
 Heap Region Size: 1M
 Heap Min Capacity: 8M
 Heap Initial Capacity: 96M
 Heap Max Capacity: 2G
 Pre-touch: Disabled
 Parallel Workers: 8
 Concurrent Workers: 2
 Concurrent Refinement Workers: 8
 Periodic GC: Disabled

Heap:
 garbage-first heap   total 68608K, used 49577K [0x0000000080000000, 0x0000000100000000)
  region size 1024K, 22 young (22528K), 2 survivors (2048K)
 Metaspace       used 44295K, committed 44736K, reserved 1114112K
  class space    used 5881K, committed 6080K, reserved 1048576K

Heap Regions: E=young(eden), S=young(survivor), O=old, HS=humongous(starts), HC=humongous(continues), CS=collection set, F=free, OA=open archive, CA=closed archive, TAMS=top-at-mark-start (previous, next)
|   0|0x0000000080000000, 0x0000000080100000, 0x0000000080100000|100%|HS|  |TAMS 0x0000000080100000, 0x0000000080000000| Complete 
|   1|0x0000000080100000, 0x0000000080200000, 0x0000000080200000|100%|HC|  |TAMS 0x0000000080200000, 0x0000000080100000| Complete 
|   2|0x0000000080200000, 0x0000000080300000, 0x0000000080300000|100%|HC|  |TAMS 0x0000000080300000, 0x0000000080200000| Complete 
|   3|0x0000000080300000, 0x0000000080400000, 0x0000000080400000|100%|HC|  |TAMS 0x0000000080400000, 0x0000000080300000| Complete 
|   4|0x0000000080400000, 0x0000000080500000, 0x0000000080500000|100%| O|  |TAMS 0x0000000080500000, 0x0000000080400000| Untracked 
|   5|0x0000000080500000, 0x0000000080600000, 0x0000000080600000|100%| O|  |TAMS 0x0000000080600000, 0x0000000080500000| Untracked 
|   6|0x0000000080600000, 0x0000000080700000, 0x0000000080700000|100%| O|  |TAMS 0x0000000080700000, 0x0000000080600000| Untracked 
|   7|0x0000000080700000, 0x0000000080800000, 0x0000000080800000|100%| O|  |TAMS 0x0000000080800000, 0x0000000080700000| Untracked 
|   8|0x0000000080800000, 0x00000000808bb600, 0x0000000080900000| 73%| O|  |TAMS 0x00000000808bb600, 0x0000000080800000| Untracked 
|   9|0x0000000080900000, 0x0000000080a00000, 0x0000000080a00000|100%| O|  |TAMS 0x0000000080a00000, 0x0000000080900000| Untracked 
|  10|0x0000000080a00000, 0x0000000080b00000, 0x0000000080b00000|100%| O|  |TAMS 0x0000000080b00000, 0x0000000080a00000| Untracked 
|  11|0x0000000080b00000, 0x0000000080c00000, 0x0000000080c00000|100%| O|  |TAMS 0x0000000080c00000, 0x0000000080b00000| Untracked 
|  12|0x0000000080c00000, 0x0000000080d00000, 0x0000000080d00000|100%| O|  |TAMS 0x0000000080d00000, 0x0000000080c00000| Untracked 
|  13|0x0000000080d00000, 0x0000000080e00000, 0x0000000080e00000|100%| O|  |TAMS 0x0000000080e00000, 0x0000000080d00000| Untracked 
|  14|0x0000000080e00000, 0x0000000080f00000, 0x0000000080f00000|100%| O|  |TAMS 0x0000000080f00000, 0x0000000080e00000| Untracked 
|  15|0x0000000080f00000, 0x0000000081000000, 0x0000000081000000|100%| O|  |TAMS 0x0000000081000000, 0x0000000080f00000| Untracked 
|  16|0x0000000081000000, 0x0000000081100000, 0x0000000081100000|100%| O|  |TAMS 0x0000000081100000, 0x0000000081000000| Untracked 
|  17|0x0000000081100000, 0x0000000081200000, 0x0000000081200000|100%| O|  |TAMS 0x0000000081200000, 0x0000000081100000| Untracked 
|  18|0x0000000081200000, 0x0000000081300000, 0x0000000081300000|100%| O|  |TAMS 0x0000000081300000, 0x0000000081200000| Untracked 
|  19|0x0000000081300000, 0x0000000081400000, 0x0000000081400000|100%| O|  |TAMS 0x0000000081400000, 0x0000000081300000| Untracked 
|  20|0x0000000081400000, 0x0000000081500000, 0x0000000081500000|100%| O|  |TAMS 0x00000000814ccc00, 0x0000000081400000| Untracked 
|  21|0x0000000081500000, 0x0000000081600000, 0x0000000081600000|100%| O|  |TAMS 0x0000000081500000, 0x0000000081500000| Untracked 
|  22|0x0000000081600000, 0x0000000081700000, 0x0000000081700000|100%| O|  |TAMS 0x0000000081600000, 0x0000000081600000| Untracked 
|  23|0x0000000081700000, 0x0000000081800000, 0x0000000081800000|100%| O|  |TAMS 0x0000000081700000, 0x0000000081700000| Untracked 
|  24|0x0000000081800000, 0x0000000081900000, 0x0000000081900000|100%| O|  |TAMS 0x0000000081800000, 0x0000000081800000| Untracked 
|  25|0x0000000081900000, 0x0000000081a00000, 0x0000000081a00000|100%| O|  |TAMS 0x0000000081900000, 0x0000000081900000| Untracked 
|  26|0x0000000081a00000, 0x0000000081b00000, 0x0000000081b00000|100%| O|  |TAMS 0x0000000081a00000, 0x0000000081a00000| Untracked 
|  27|0x0000000081b00000, 0x0000000081b40e00, 0x0000000081c00000| 25%| O|  |TAMS 0x0000000081b00000, 0x0000000081b00000| Untracked 
|  28|0x0000000081c00000, 0x0000000081d00000, 0x0000000081d00000|100%|HS|  |TAMS 0x0000000081c00000, 0x0000000081c00000| Complete 
|  29|0x0000000081d00000, 0x0000000081e00000, 0x0000000081e00000|100%|HS|  |TAMS 0x0000000081d00000, 0x0000000081d00000| Complete 
|  30|0x0000000081e00000, 0x0000000081e00000, 0x0000000081f00000|  0%| F|  |TAMS 0x0000000081e00000, 0x0000000081e00000| Untracked 
|  31|0x0000000081f00000, 0x0000000081f00000, 0x0000000082000000|  0%| F|  |TAMS 0x0000000081f00000, 0x0000000081f00000| Untracked 
|  32|0x0000000082000000, 0x0000000082000000, 0x0000000082100000|  0%| F|  |TAMS 0x0000000082000000, 0x0000000082000000| Untracked 
|  33|0x0000000082100000, 0x0000000082100000, 0x0000000082200000|  0%| F|  |TAMS 0x0000000082100000, 0x0000000082100000| Untracked 
|  34|0x0000000082200000, 0x0000000082200000, 0x0000000082300000|  0%| F|  |TAMS 0x0000000082200000, 0x0000000082200000| Untracked 
|  35|0x0000000082300000, 0x0000000082300000, 0x0000000082400000|  0%| F|  |TAMS 0x0000000082300000, 0x0000000082300000| Untracked 
|  36|0x0000000082400000, 0x0000000082400000, 0x0000000082500000|  0%| F|  |TAMS 0x0000000082400000, 0x0000000082400000| Untracked 
|  37|0x0000000082500000, 0x0000000082500000, 0x0000000082600000|  0%| F|  |TAMS 0x0000000082500000, 0x0000000082500000| Untracked 
|  38|0x0000000082600000, 0x0000000082600000, 0x0000000082700000|  0%| F|  |TAMS 0x0000000082600000, 0x0000000082600000| Untracked 
|  39|0x0000000082700000, 0x0000000082700000, 0x0000000082800000|  0%| F|  |TAMS 0x0000000082700000, 0x0000000082700000| Untracked 
|  40|0x0000000082800000, 0x0000000082800000, 0x0000000082900000|  0%| F|  |TAMS 0x0000000082800000, 0x0000000082800000| Untracked 
|  41|0x0000000082900000, 0x000000008296e1e0, 0x0000000082a00000| 43%| S|CS|TAMS 0x0000000082900000, 0x0000000082900000| Complete 
|  42|0x0000000082a00000, 0x0000000082b00000, 0x0000000082b00000|100%| S|CS|TAMS 0x0000000082a00000, 0x0000000082a00000| Complete 
|  43|0x0000000082b00000, 0x0000000082b00000, 0x0000000082c00000|  0%| F|  |TAMS 0x0000000082b00000, 0x0000000082b00000| Untracked 
|  44|0x0000000082c00000, 0x0000000082c00000, 0x0000000082d00000|  0%| F|  |TAMS 0x0000000082c00000, 0x0000000082c00000| Untracked 
|  45|0x0000000082d00000, 0x0000000082d00000, 0x0000000082e00000|  0%| F|  |TAMS 0x0000000082d00000, 0x0000000082d00000| Untracked 
|  46|0x0000000082e00000, 0x0000000082e00000, 0x0000000082f00000|  0%| F|  |TAMS 0x0000000082e00000, 0x0000000082e00000| Untracked 
|  47|0x0000000082f00000, 0x0000000082fe5d20, 0x0000000083000000| 89%| E|  |TAMS 0x0000000082f00000, 0x0000000082f00000| Complete 
|  48|0x0000000083000000, 0x0000000083100000, 0x0000000083100000|100%| E|CS|TAMS 0x0000000083000000, 0x0000000083000000| Complete 
|  49|0x0000000083100000, 0x0000000083200000, 0x0000000083200000|100%| E|CS|TAMS 0x0000000083100000, 0x0000000083100000| Complete 
|  50|0x0000000083200000, 0x0000000083300000, 0x0000000083300000|100%| E|CS|TAMS 0x0000000083200000, 0x0000000083200000| Complete 
|  51|0x0000000083300000, 0x0000000083400000, 0x0000000083400000|100%| E|CS|TAMS 0x0000000083300000, 0x0000000083300000| Complete 
|  52|0x0000000083400000, 0x0000000083500000, 0x0000000083500000|100%| E|CS|TAMS 0x0000000083400000, 0x0000000083400000| Complete 
|  53|0x0000000083500000, 0x0000000083600000, 0x0000000083600000|100%| E|CS|TAMS 0x0000000083500000, 0x0000000083500000| Complete 
|  54|0x0000000083600000, 0x0000000083700000, 0x0000000083700000|100%| E|CS|TAMS 0x0000000083600000, 0x0000000083600000| Complete 
|  55|0x0000000083700000, 0x0000000083800000, 0x0000000083800000|100%| E|CS|TAMS 0x0000000083700000, 0x0000000083700000| Complete 
|  56|0x0000000083800000, 0x0000000083900000, 0x0000000083900000|100%| E|CS|TAMS 0x0000000083800000, 0x0000000083800000| Complete 
|  57|0x0000000083900000, 0x0000000083a00000, 0x0000000083a00000|100%| E|CS|TAMS 0x0000000083900000, 0x0000000083900000| Complete 
|  58|0x0000000083a00000, 0x0000000083b00000, 0x0000000083b00000|100%| E|CS|TAMS 0x0000000083a00000, 0x0000000083a00000| Complete 
|  59|0x0000000083b00000, 0x0000000083c00000, 0x0000000083c00000|100%| E|CS|TAMS 0x0000000083b00000, 0x0000000083b00000| Complete 
|  60|0x0000000083c00000, 0x0000000083d00000, 0x0000000083d00000|100%| E|CS|TAMS 0x0000000083c00000, 0x0000000083c00000| Complete 
|  61|0x0000000083d00000, 0x0000000083e00000, 0x0000000083e00000|100%| E|CS|TAMS 0x0000000083d00000, 0x0000000083d00000| Complete 
|  62|0x0000000083e00000, 0x0000000083f00000, 0x0000000083f00000|100%| E|CS|TAMS 0x0000000083e00000, 0x0000000083e00000| Complete 
|  63|0x0000000083f00000, 0x0000000084000000, 0x0000000084000000|100%| E|CS|TAMS 0x0000000083f00000, 0x0000000083f00000| Complete 
|  64|0x0000000084000000, 0x0000000084100000, 0x0000000084100000|100%| E|CS|TAMS 0x0000000084000000, 0x0000000084000000| Complete 
|  65|0x0000000084100000, 0x0000000084200000, 0x0000000084200000|100%| E|CS|TAMS 0x0000000084100000, 0x0000000084100000| Complete 
|  95|0x0000000085f00000, 0x0000000086000000, 0x0000000086000000|100%| E|  |TAMS 0x0000000085f00000, 0x0000000085f00000| Complete 

Card table byte_map: [0x0000018ee17a0000,0x0000018ee1ba0000] _byte_map_base: 0x0000018ee13a0000

Marking Bits (Prev, Next): (CMBitMap*) 0x0000018ecebe9960, (CMBitMap*) 0x0000018ecebe99a0
 Prev Bits: [0x0000018ee1fa0000, 0x0000018ee3fa0000)
 Next Bits: [0x0000018ee3fa0000, 0x0000018ee5fa0000)

Polling page: 0x0000018eccb70000

Metaspace:

Usage:
  Non-class:     37.53 MB used.
      Class:      5.75 MB used.
       Both:     43.27 MB used.

Virtual space:
  Non-class space:       64.00 MB reserved,      37.75 MB ( 59%) committed,  1 nodes.
      Class space:        1.00 GB reserved,       5.94 MB ( <1%) committed,  1 nodes.
             Both:        1.06 GB reserved,      43.69 MB (  4%) committed. 

Chunk freelists:
   Non-Class:  9.56 MB
       Class:  10.02 MB
        Both:  19.58 MB

MaxMetaspaceSize: unlimited
CompressedClassSpaceSize: 1.00 GB
Initial GC threshold: 21.00 MB
Current GC threshold: 59.00 MB
CDS: off
MetaspaceReclaimPolicy: balanced
 - commit_granule_bytes: 65536.
 - commit_granule_words: 8192.
 - virtual_space_node_default_size: 8388608.
 - enlarge_chunks_in_place: 1.
 - new_chunks_are_fully_committed: 0.
 - uncommit_free_chunks: 1.
 - use_allocation_guard: 0.
 - handle_deallocations: 1.


Internal statistics:

num_allocs_failed_limit: 6.
num_arena_births: 454.
num_arena_deaths: 0.
num_vsnodes_births: 2.
num_vsnodes_deaths: 0.
num_space_committed: 699.
num_space_uncommitted: 0.
num_chunks_returned_to_freelist: 6.
num_chunks_taken_from_freelist: 1748.
num_chunk_merges: 6.
num_chunk_splits: 1169.
num_chunks_enlarged: 820.
num_inconsistent_stats: 0.

CodeHeap 'non-profiled nmethods': size=120000Kb used=1946Kb max_used=1946Kb free=118054Kb
 bounds [0x0000018ed9b30000, 0x0000018ed9da0000, 0x0000018ee1060000]
CodeHeap 'profiled nmethods': size=120000Kb used=8088Kb max_used=8088Kb free=111911Kb
 bounds [0x0000018ed2060000, 0x0000018ed2850000, 0x0000018ed9590000]
CodeHeap 'non-nmethods': size=5760Kb used=1595Kb max_used=1635Kb free=4165Kb
 bounds [0x0000018ed9590000, 0x0000018ed9800000, 0x0000018ed9b30000]
 total_blobs=4553 nmethods=3892 adapters=573
 compilation: enabled
              stopped_count=0, restarted_count=0
 full_count=0

Compilation events (20 events):
Event: 13.702 Thread 0x0000018ee8ba8e30 3908       1       com.google.common.cache.LocalCache$2::poll (2 bytes)
Event: 13.702 Thread 0x0000018ee8ba8e30 nmethod 3908 0x0000018ed9d16210 code [0x0000018ed9d163a0, 0x0000018ed9d16478]
Event: 13.702 Thread 0x0000018ee8ba8e30 3909       3       com.google.common.cache.LocalCache::recordsAccess (5 bytes)
Event: 13.702 Thread 0x0000018ee8ba8e30 nmethod 3909 0x0000018ed2840a90 code [0x0000018ed2840c20, 0x0000018ed2840e18]
Event: 13.707 Thread 0x0000018ee8ba8e30 3910       3       org.objectweb.asm.Type::hashCode (68 bytes)
Event: 13.708 Thread 0x0000018ee8ba8e30 nmethod 3910 0x0000018ed2840f10 code [0x0000018ed2841120, 0x0000018ed2841858]
Event: 13.708 Thread 0x0000018ee8ba8e30 3911       3       org.objectweb.asm.MethodWriter::visitLdcInsn (215 bytes)
Event: 13.710 Thread 0x0000018ee8ba8e30 nmethod 3911 0x0000018ed2841b90 code [0x0000018ed2841e00, 0x0000018ed2842928]
Event: 13.710 Thread 0x0000018ee8ba8e30 3912       3       org.objectweb.asm.ClassWriter::visitField (53 bytes)
Event: 13.711 Thread 0x0000018ee8ba8e30 nmethod 3912 0x0000018ed2842d90 code [0x0000018ed2842f40, 0x0000018ed28432a8]
Event: 13.711 Thread 0x0000018ee8ba8e30 3913       3       org.objectweb.asm.FieldWriter::<init> (69 bytes)
Event: 13.711 Thread 0x0000018ee8ba8e30 nmethod 3913 0x0000018ed2843410 code [0x0000018ed2843600, 0x0000018ed28439c8]
Event: 13.712 Thread 0x0000018ee8ba8e30 3914       3       org.objectweb.asm.FieldVisitor::<init> (7 bytes)
Event: 13.712 Thread 0x0000018ee8ba8e30 nmethod 3914 0x0000018ed2843c10 code [0x0000018ed2843dc0, 0x0000018ed2843f08]
Event: 13.712 Thread 0x0000018ee8ba8e30 3915       3       org.objectweb.asm.FieldVisitor::<init> (94 bytes)
Event: 13.713 Thread 0x0000018ee8ba8e30 nmethod 3915 0x0000018ed2843f90 code [0x0000018ed28441e0, 0x0000018ed2844ae8]
Event: 13.745 Thread 0x0000018ee8ba8e30 3916       3       jdk.internal.jimage.BasicImageReader::verifyLocation (39 bytes)
Event: 13.746 Thread 0x0000018ee8ba8e30 nmethod 3916 0x0000018ed2844e10 code [0x0000018ed2844fe0, 0x0000018ed28452a8]
Event: 13.750 Thread 0x0000018ee8ba8e30 3917       1       com.google.common.collect.SingletonImmutableList::size (2 bytes)
Event: 13.750 Thread 0x0000018ee8ba8e30 nmethod 3917 0x0000018ed9d16510 code [0x0000018ed9d166a0, 0x0000018ed9d16778]

GC Heap History (18 events):
Event: 2.316 GC heap before
{Heap before GC invocations=0 (full 0):
 garbage-first heap   total 98304K, used 26624K [0x0000000080000000, 0x0000000100000000)
  region size 1024K, 23 young (23552K), 0 survivors (0K)
 Metaspace       used 10525K, committed 10688K, reserved 1114112K
  class space    used 1092K, committed 1152K, reserved 1048576K
}
Event: 2.328 GC heap after
{Heap after GC invocations=1 (full 0):
 garbage-first heap   total 98304K, used 10820K [0x0000000080000000, 0x0000000100000000)
  region size 1024K, 3 young (3072K), 3 survivors (3072K)
 Metaspace       used 10525K, committed 10688K, reserved 1114112K
  class space    used 1092K, committed 1152K, reserved 1048576K
}
Event: 3.504 GC heap before
{Heap before GC invocations=1 (full 0):
 garbage-first heap   total 98304K, used 38468K [0x0000000080000000, 0x0000000100000000)
  region size 1024K, 30 young (30720K), 3 survivors (3072K)
 Metaspace       used 11479K, committed 11648K, reserved 1114112K
  class space    used 1197K, committed 1280K, reserved 1048576K
}
Event: 3.515 GC heap after
{Heap after GC invocations=2 (full 0):
 garbage-first heap   total 98304K, used 12957K [0x0000000080000000, 0x0000000100000000)
  region size 1024K, 3 young (3072K), 3 survivors (3072K)
 Metaspace       used 11479K, committed 11648K, reserved 1114112K
  class space    used 1197K, committed 1280K, reserved 1048576K
}
Event: 6.017 GC heap before
{Heap before GC invocations=2 (full 0):
 garbage-first heap   total 98304K, used 56989K [0x0000000080000000, 0x0000000100000000)
  region size 1024K, 47 young (48128K), 3 survivors (3072K)
 Metaspace       used 21283K, committed 21504K, reserved 1114112K
  class space    used 2525K, committed 2624K, reserved 1048576K
}
Event: 6.029 GC heap after
{Heap after GC invocations=3 (full 0):
 garbage-first heap   total 98304K, used 19181K [0x0000000080000000, 0x0000000100000000)
  region size 1024K, 7 young (7168K), 7 survivors (7168K)
 Metaspace       used 21283K, committed 21504K, reserved 1114112K
  class space    used 2525K, committed 2624K, reserved 1048576K
}
Event: 8.131 GC heap before
{Heap before GC invocations=4 (full 0):
 garbage-first heap   total 68608K, used 52973K [0x0000000080000000, 0x0000000100000000)
  region size 1024K, 40 young (40960K), 7 survivors (7168K)
 Metaspace       used 26248K, committed 26560K, reserved 1114112K
  class space    used 3390K, committed 3520K, reserved 1048576K
}
Event: 8.139 GC heap after
{Heap after GC invocations=5 (full 0):
 garbage-first heap   total 68608K, used 21302K [0x0000000080000000, 0x0000000100000000)
  region size 1024K, 3 young (3072K), 3 survivors (3072K)
 Metaspace       used 26248K, committed 26560K, reserved 1114112K
  class space    used 3390K, committed 3520K, reserved 1048576K
}
Event: 9.236 GC heap before
{Heap before GC invocations=5 (full 0):
 garbage-first heap   total 68608K, used 46902K [0x0000000080000000, 0x0000000100000000)
  region size 1024K, 29 young (29696K), 3 survivors (3072K)
 Metaspace       used 29975K, committed 30208K, reserved 1114112K
  class space    used 3995K, committed 4096K, reserved 1048576K
}
Event: 9.240 GC heap after
{Heap after GC invocations=6 (full 0):
 garbage-first heap   total 68608K, used 22567K [0x0000000080000000, 0x0000000100000000)
  region size 1024K, 4 young (4096K), 4 survivors (4096K)
 Metaspace       used 29975K, committed 30208K, reserved 1114112K
  class space    used 3995K, committed 4096K, reserved 1048576K
}
Event: 10.468 GC heap before
{Heap before GC invocations=6 (full 0):
 garbage-first heap   total 68608K, used 50215K [0x0000000080000000, 0x0000000100000000)
  region size 1024K, 31 young (31744K), 4 survivors (4096K)
 Metaspace       used 33397K, committed 33728K, reserved 1114112K
  class space    used 4549K, committed 4672K, reserved 1048576K
}
Event: 10.474 GC heap after
{Heap after GC invocations=7 (full 0):
 garbage-first heap   total 68608K, used 23977K [0x0000000080000000, 0x0000000100000000)
  region size 1024K, 3 young (3072K), 3 survivors (3072K)
 Metaspace       used 33397K, committed 33728K, reserved 1114112K
  class space    used 4549K, committed 4672K, reserved 1048576K
}
Event: 11.159 GC heap before
{Heap before GC invocations=7 (full 0):
 garbage-first heap   total 68608K, used 35241K [0x0000000080000000, 0x0000000100000000)
  region size 1024K, 16 young (16384K), 3 survivors (3072K)
 Metaspace       used 35764K, committed 36096K, reserved 1114112K
  class space    used 4840K, committed 4992K, reserved 1048576K
}
Event: 11.165 GC heap after
{Heap after GC invocations=8 (full 0):
 garbage-first heap   total 68608K, used 25002K [0x0000000080000000, 0x0000000100000000)
  region size 1024K, 3 young (3072K), 3 survivors (3072K)
 Metaspace       used 35764K, committed 36096K, reserved 1114112K
  class space    used 4840K, committed 4992K, reserved 1048576K
}
Event: 12.233 GC heap before
{Heap before GC invocations=9 (full 0):
 garbage-first heap   total 68608K, used 50602K [0x0000000080000000, 0x0000000100000000)
  region size 1024K, 29 young (29696K), 3 survivors (3072K)
 Metaspace       used 40018K, committed 40448K, reserved 1114112K
  class space    used 5280K, committed 5504K, reserved 1048576K
}
Event: 12.241 GC heap after
{Heap after GC invocations=10 (full 0):
 garbage-first heap   total 68608K, used 28280K [0x0000000080000000, 0x0000000100000000)
  region size 1024K, 4 young (4096K), 4 survivors (4096K)
 Metaspace       used 40018K, committed 40448K, reserved 1114112K
  class space    used 5280K, committed 5504K, reserved 1048576K
}
Event: 12.805 GC heap before
{Heap before GC invocations=10 (full 0):
 garbage-first heap   total 68608K, used 52856K [0x0000000080000000, 0x0000000100000000)
  region size 1024K, 28 young (28672K), 4 survivors (4096K)
 Metaspace       used 41204K, committed 41600K, reserved 1114112K
  class space    used 5453K, committed 5632K, reserved 1048576K
}
Event: 12.811 GC heap after
{Heap after GC invocations=11 (full 0):
 garbage-first heap   total 68608K, used 29097K [0x0000000080000000, 0x0000000100000000)
  region size 1024K, 2 young (2048K), 2 survivors (2048K)
 Metaspace       used 41204K, committed 41600K, reserved 1114112K
  class space    used 5453K, committed 5632K, reserved 1048576K
}

Dll operation events (3 events):
Event: 0.025 Loaded shared library C:\Program Files\Android\Android Studio\jbr\bin\java.dll
Event: 0.353 Loaded shared library C:\Program Files\Android\Android Studio\jbr\bin\zip.dll
Event: 1.555 Loaded shared library C:\Program Files\Android\Android Studio\jbr\bin\verify.dll

Deoptimization events (20 events):
Event: 13.553 Thread 0x0000018eee96c7d0 Uncommon trap: trap_request=0xffffff45 fr.pc=0x0000018ed9c976bc relative=0x00000000000006fc
Event: 13.553 Thread 0x0000018eee96c7d0 Uncommon trap: reason=unstable_if action=reinterpret pc=0x0000018ed9c976bc method=java.lang.Class.getPackageName()Ljava/lang/String; @ 55 c2
Event: 13.553 Thread 0x0000018eee96c7d0 DEOPT PACKING pc=0x0000018ed9c976bc sp=0x000000360f0f9ad0
Event: 13.553 Thread 0x0000018eee96c7d0 DEOPT UNPACKING pc=0x0000018ed95e69a3 sp=0x000000360f0f9a90 mode 2
Event: 13.729 Thread 0x0000018eee96c7d0 Uncommon trap: trap_request=0xffffff45 fr.pc=0x0000018ed9cba7b0 relative=0x0000000000000110
Event: 13.729 Thread 0x0000018eee96c7d0 Uncommon trap: reason=unstable_if action=reinterpret pc=0x0000018ed9cba7b0 method=java.util.Arrays.hashCode([Ljava/lang/Object;)I @ 34 c2
Event: 13.729 Thread 0x0000018eee96c7d0 DEOPT PACKING pc=0x0000018ed9cba7b0 sp=0x000000360f0f9b70
Event: 13.729 Thread 0x0000018eee96c7d0 DEOPT UNPACKING pc=0x0000018ed95e69a3 sp=0x000000360f0f9ae8 mode 2
Event: 13.754 Thread 0x0000018eee96c7d0 Uncommon trap: trap_request=0xffffffde fr.pc=0x0000018ed9caf634 relative=0x0000000000004df4
Event: 13.754 Thread 0x0000018eee96c7d0 Uncommon trap: reason=class_check action=maybe_recompile pc=0x0000018ed9caf634 method=jdk.internal.loader.URLClassPath.getLoader(I)Ljdk/internal/loader/URLClassPath$Loader; @ 190 c2
Event: 13.754 Thread 0x0000018eee96c7d0 DEOPT PACKING pc=0x0000018ed9caf634 sp=0x000000360f0f9510
Event: 13.754 Thread 0x0000018eee96c7d0 DEOPT UNPACKING pc=0x0000018ed95e69a3 sp=0x000000360f0f9520 mode 2
Event: 13.754 Thread 0x0000018eee96c7d0 Uncommon trap: trap_request=0xffffffde fr.pc=0x0000018ed9ce72a8 relative=0x0000000000000508
Event: 13.754 Thread 0x0000018eee96c7d0 Uncommon trap: reason=class_check action=maybe_recompile pc=0x0000018ed9ce72a8 method=jdk.internal.loader.URLClassPath.getResource(Ljava/lang/String;Z)Ljdk/internal/loader/Resource; @ 53 c2
Event: 13.754 Thread 0x0000018eee96c7d0 DEOPT PACKING pc=0x0000018ed9ce72a8 sp=0x000000360f0f95f0
Event: 13.754 Thread 0x0000018eee96c7d0 DEOPT UNPACKING pc=0x0000018ed95e69a3 sp=0x000000360f0f95b0 mode 2
Event: 13.754 Thread 0x0000018eee96c7d0 Uncommon trap: trap_request=0xffffff45 fr.pc=0x0000018ed9c0ef28 relative=0x00000000000005e8
Event: 13.754 Thread 0x0000018eee96c7d0 Uncommon trap: reason=unstable_if action=reinterpret pc=0x0000018ed9c0ef28 method=java.lang.String.regionMatches(ZILjava/lang/String;II)Z @ 36 c2
Event: 13.754 Thread 0x0000018eee96c7d0 DEOPT PACKING pc=0x0000018ed9c0ef28 sp=0x000000360f0f9320
Event: 13.754 Thread 0x0000018eee96c7d0 DEOPT UNPACKING pc=0x0000018ed95e69a3 sp=0x000000360f0f9298 mode 2

Classes unloaded (0 events):
No events

Classes redefined (0 events):
No events

Internal exceptions (20 events):
Event: 12.489 Thread 0x0000018eee96c7d0 Exception <a 'java/lang/NoSuchMethodError'{0x0000000083af9668}: 'java.lang.Object java.lang.invoke.DirectMethodHandle$Holder.invokeStatic(java.lang.Object, java.lang.Object, java.lang.Object, java.lang.Object, java.lang.Object, java.lang.Object, java.lang.Object, java.lang.Object, java.lang.Object, java.lang.Object, java.lang.Object, java.lang.Object, java.lang.Object, java.lang.Object, java.lang.Object, java.lang.Object, java.lang.Object)'> (0x0000000083af9668) 
thrown [s\src\hotspot\share\interpreter\lin
Event: 12.494 Thread 0x0000018eee96c7d0 Exception <a 'java/lang/NoSuchMethodError'{0x0000000083922c18}: 'java.lang.Object java.lang.invoke.DirectMethodHandle$Holder.invokeStatic(java.lang.Object, java.lang.Object, java.lang.Object, java.lang.Object, java.lang.Object, java.lang.Object, java.lang.Object, java.lang.Object, java.lang.Object, java.lang.Object, java.lang.Object, java.lang.Object, java.lang.Object, java.lang.Object, java.lang.Object, java.lang.Object, java.lang.Object, java.lang.Object)'> (0x0000000083922c18) 
thrown [s\src\hotspot\sha
Event: 12.500 Thread 0x0000018eee96c7d0 Exception <a 'java/lang/NoSuchMethodError'{0x000000008394ce88}: 'java.lang.Object java.lang.invoke.DirectMethodHandle$Holder.invokeStatic(java.lang.Object, java.lang.Object, java.lang.Object, java.lang.Object, java.lang.Object, java.lang.Object, java.lang.Object, java.lang.Object, java.lang.Object, java.lang.Object, java.lang.Object, java.lang.Object, java.lang.Object, java.lang.Object, java.lang.Object, java.lang.Object, java.lang.Object, java.lang.Object, java.lang.Object)'> (0x000000008394ce88) 
thrown 
Event: 12.515 Thread 0x0000018eee96c7d0 Exception <a 'java/lang/NoSuchMethodError'{0x00000000839780e0}: 'java.lang.Object java.lang.invoke.DirectMethodHandle$Holder.invokeStatic(java.lang.Object, java.lang.Object, java.lang.Object, java.lang.Object, java.lang.Object, java.lang.Object, java.lang.Object, java.lang.Object, java.lang.Object, java.lang.Object, java.lang.Object, java.lang.Object, java.lang.Object, java.lang.Object, java.lang.Object, java.lang.Object, java.lang.Object, java.lang.Object, java.lang.Object, java.lang.Object)'> (0x00000000
Event: 12.532 Thread 0x0000018eee96c7d0 Exception <a 'java/lang/NoSuchMethodError'{0x00000000839a9e98}: 'java.lang.Object java.lang.invoke.DirectMethodHandle$Holder.invokeStatic(java.lang.Object, java.lang.Object, java.lang.Object, java.lang.Object, java.lang.Object, java.lang.Object, java.lang.Object, java.lang.Object, java.lang.Object, java.lang.Object, java.lang.Object, java.lang.Object, java.lang.Object, java.lang.Object, java.lang.Object, java.lang.Object, java.lang.Object, java.lang.Object, java.lang.Object, java.lang.Object, java.lang.Obj
Event: 12.541 Thread 0x0000018eee96c7d0 Exception <a 'java/lang/NoSuchMethodError'{0x00000000839d69c8}: 'java.lang.Object java.lang.invoke.DirectMethodHandle$Holder.invokeStatic(java.lang.Object, java.lang.Object, java.lang.Object, java.lang.Object, java.lang.Object, java.lang.Object, java.lang.Object, java.lang.Object, java.lang.Object, java.lang.Object, java.lang.Object, java.lang.Object, java.lang.Object, java.lang.Object, java.lang.Object, java.lang.Object, java.lang.Object, java.lang.Object, java.lang.Object, java.lang.Object, java.lang.Obj
Event: 12.545 Thread 0x0000018eee96c7d0 Exception <a 'java/lang/NoSuchMethodError'{0x0000000083809b20}: 'java.lang.Object java.lang.invoke.DirectMethodHandle$Holder.invokeStatic(java.lang.Object, java.lang.Object, java.lang.Object, java.lang.Object, java.lang.Object, java.lang.Object, java.lang.Object, java.lang.Object, java.lang.Object, java.lang.Object, java.lang.Object, java.lang.Object, java.lang.Object, java.lang.Object, java.lang.Object, java.lang.Object, java.lang.Object, java.lang.Object, java.lang.Object, java.lang.Object, java.lang.Obj
Event: 12.550 Thread 0x0000018eee96c7d0 Exception <a 'java/lang/NoSuchMethodError'{0x00000000838393c0}: 'java.lang.Object java.lang.invoke.DirectMethodHandle$Holder.invokeStatic(java.lang.Object, java.lang.Object, java.lang.Object, java.lang.Object, java.lang.Object, java.lang.Object, java.lang.Object, java.lang.Object, java.lang.Object, java.lang.Object, java.lang.Object, java.lang.Object, java.lang.Object, java.lang.Object, java.lang.Object, java.lang.Object, java.lang.Object, java.lang.Object, java.lang.Object, java.lang.Object, java.lang.Obj
Event: 12.555 Thread 0x0000018eee96c7d0 Exception <a 'java/lang/NoSuchMethodError'{0x000000008386a740}: 'java.lang.Object java.lang.invoke.DirectMethodHandle$Holder.invokeStatic(java.lang.Object, java.lang.Object, java.lang.Object, java.lang.Object, java.lang.Object, java.lang.Object, java.lang.Object, java.lang.Object, java.lang.Object, java.lang.Object, java.lang.Object, java.lang.Object, java.lang.Object, java.lang.Object, java.lang.Object, java.lang.Object, java.lang.Object, java.lang.Object, java.lang.Object, java.lang.Object, java.lang.Obj
Event: 12.870 Thread 0x0000018eee96c7d0 Exception <a 'java/lang/IncompatibleClassChangeError'{0x00000000841947b0}: Found class java.lang.Object, but interface was expected> (0x00000000841947b0) 
thrown [s\src\hotspot\share\interpreter\linkResolver.cpp, line 838]
Event: 12.888 Thread 0x0000018eee96c7d0 Exception <a 'java/lang/NoSuchMethodError'{0x000000008404d8e8}: 'java.lang.Object java.lang.invoke.DirectMethodHandle$Holder.newInvokeSpecial(java.lang.Object, java.lang.Object, long)'> (0x000000008404d8e8) 
thrown [s\src\hotspot\share\interpreter\linkResolver.cpp, line 771]
Event: 12.889 Thread 0x0000018eee96c7d0 Exception <a 'java/lang/NoSuchMethodError'{0x00000000840521a0}: 'java.lang.Object java.lang.invoke.Invokers$Holder.linkToTargetMethod(java.lang.Object, long, java.lang.Object)'> (0x00000000840521a0) 
thrown [s\src\hotspot\share\interpreter\linkResolver.cpp, line 771]
Event: 12.956 Thread 0x0000018eee96c7d0 Exception <a 'java/lang/NoSuchMethodError'{0x0000000083fef838}: 'int java.lang.invoke.DirectMethodHandle$Holder.invokeInterface(java.lang.Object, java.lang.Object)'> (0x0000000083fef838) 
thrown [s\src\hotspot\share\interpreter\linkResolver.cpp, line 771]
Event: 13.370 Thread 0x0000018eee96c7d0 Exception <a 'java/lang/IncompatibleClassChangeError'{0x0000000083a2b518}: Found class java.lang.Object, but interface was expected> (0x0000000083a2b518) 
thrown [s\src\hotspot\share\interpreter\linkResolver.cpp, line 838]
Event: 13.381 Thread 0x0000018eee96c7d0 Exception <a 'java/lang/NoSuchMethodError'{0x0000000083a9e2b0}: 'void java.lang.invoke.DirectMethodHandle$Holder.invokeStatic(java.lang.Object, java.lang.Object, java.lang.Object, java.lang.Object, java.lang.Object, java.lang.Object)'> (0x0000000083a9e2b0) 
thrown [s\src\hotspot\share\interpreter\linkResolver.cpp, line 771]
Event: 13.417 Thread 0x0000018eee96c7d0 Exception <a 'java/lang/NoSuchMethodError'{0x00000000839c3180}: 'int java.lang.invoke.DirectMethodHandle$Holder.invokeStaticInit(java.lang.Object, java.lang.Object, java.lang.Object, java.lang.Object, java.lang.Object)'> (0x00000000839c3180) 
thrown [s\src\hotspot\share\interpreter\linkResolver.cpp, line 771]
Event: 13.500 Thread 0x0000018eee96c7d0 Exception <a 'java/lang/NoSuchMethodError'{0x00000000838c4618}: 'java.lang.Object java.lang.invoke.DirectMethodHandle$Holder.invokeStatic(java.lang.Object, java.lang.Object, int, java.lang.Object)'> (0x00000000838c4618) 
thrown [s\src\hotspot\share\interpreter\linkResolver.cpp, line 771]
Event: 13.501 Thread 0x0000018eee96c7d0 Exception <a 'java/lang/NoSuchMethodError'{0x00000000838cc1d0}: 'java.lang.Object java.lang.invoke.DirectMethodHandle$Holder.newInvokeSpecial(java.lang.Object, java.lang.Object, int, java.lang.Object)'> (0x00000000838cc1d0) 
thrown [s\src\hotspot\share\interpreter\linkResolver.cpp, line 771]
Event: 13.501 Thread 0x0000018eee96c7d0 Exception <a 'java/lang/NoSuchMethodError'{0x00000000838d0d60}: 'java.lang.Object java.lang.invoke.DirectMethodHandle$Holder.invokeSpecial(java.lang.Object, java.lang.Object, java.lang.Object, int, java.lang.Object)'> (0x00000000838d0d60) 
thrown [s\src\hotspot\share\interpreter\linkResolver.cpp, line 771]
Event: 13.729 Thread 0x0000018eee96c7d0 Implicit null exception at 0x0000018ed9cba6ec to 0x0000018ed9cba794

VM Operations (20 events):
Event: 11.752 Executing VM operation: HandshakeAllThreads
Event: 11.753 Executing VM operation: HandshakeAllThreads done
Event: 11.770 Executing VM operation: HandshakeAllThreads
Event: 11.770 Executing VM operation: HandshakeAllThreads done
Event: 11.788 Executing VM operation: HandshakeAllThreads
Event: 11.789 Executing VM operation: HandshakeAllThreads done
Event: 11.976 Executing VM operation: HandshakeAllThreads
Event: 11.976 Executing VM operation: HandshakeAllThreads done
Event: 12.233 Executing VM operation: G1CollectForAllocation
Event: 12.241 Executing VM operation: G1CollectForAllocation done
Event: 12.805 Executing VM operation: G1CollectForAllocation
Event: 12.811 Executing VM operation: G1CollectForAllocation done
Event: 12.874 Executing VM operation: HandshakeAllThreads
Event: 12.874 Executing VM operation: HandshakeAllThreads done
Event: 12.913 Executing VM operation: HandshakeAllThreads
Event: 12.913 Executing VM operation: HandshakeAllThreads done
Event: 12.915 Executing VM operation: HandshakeAllThreads
Event: 12.915 Executing VM operation: HandshakeAllThreads done
Event: 13.662 Executing VM operation: HandshakeAllThreads
Event: 13.662 Executing VM operation: HandshakeAllThreads done

Events (20 events):
Event: 13.262 loading class java/util/stream/ReferencePipeline$4
Event: 13.263 loading class java/util/stream/ReferencePipeline$4 done
Event: 13.263 loading class java/util/function/IntBinaryOperator
Event: 13.263 loading class java/util/function/IntBinaryOperator done
Event: 13.263 loading class java/util/stream/ReduceOps$6
Event: 13.264 loading class java/util/stream/ReduceOps$6 done
Event: 13.264 loading class java/util/stream/ReduceOps$5ReducingSink
Event: 13.264 loading class java/util/stream/ReduceOps$5ReducingSink done
Event: 13.264 loading class java/util/stream/ReferencePipeline$4$1
Event: 13.265 loading class java/util/stream/ReferencePipeline$4$1 done
Event: 13.503 Thread 0x0000018eef2f36b0 Thread added: 0x0000018eef2f36b0
Event: 13.510 loading class java/lang/ProcessBuilder
Event: 13.511 loading class java/lang/ProcessBuilder done
Event: 13.514 Thread 0x0000018eef2f3bc0 Thread added: 0x0000018eef2f3bc0
Event: 13.542 loading class jdk/internal/loader/URLClassPath$FileLoader
Event: 13.542 loading class jdk/internal/loader/URLClassPath$FileLoader done
Event: 13.547 loading class jdk/internal/loader/URLClassPath$FileLoader$1
Event: 13.547 loading class jdk/internal/loader/URLClassPath$FileLoader$1 done
Event: 13.631 loading class sun/reflect/generics/tree/BooleanSignature
Event: 13.631 loading class sun/reflect/generics/tree/BooleanSignature done


Dynamic libraries:
0x00007ff6fe590000 - 0x00007ff6fe59a000 	C:\Program Files\Android\Android Studio\jbr\bin\java.exe
0x00007ff8b5a90000 - 0x00007ff8b5ca7000 	C:\WINDOWS\SYSTEM32\ntdll.dll
0x00007ff8b4470000 - 0x00007ff8b4534000 	C:\WINDOWS\System32\KERNEL32.DLL
0x00007ff8b32c0000 - 0x00007ff8b366d000 	C:\WINDOWS\System32\KERNELBASE.dll
0x00007ff8b2f10000 - 0x00007ff8b3021000 	C:\WINDOWS\System32\ucrtbase.dll
0x00007ff8365a0000 - 0x00007ff8365b7000 	C:\Program Files\Android\Android Studio\jbr\bin\jli.dll
0x00007ff89db80000 - 0x00007ff89db9b000 	C:\Program Files\Android\Android Studio\jbr\bin\VCRUNTIME140.dll
0x00007ff8b3d50000 - 0x00007ff8b3efe000 	C:\WINDOWS\System32\USER32.dll
0x00007ff8b3670000 - 0x00007ff8b3696000 	C:\WINDOWS\System32\win32u.dll
0x00007ff89ca90000 - 0x00007ff89cd23000 	C:\WINDOWS\WinSxS\amd64_microsoft.windows.common-controls_6595b64144ccf1df_6.0.22621.3672_none_2713b9d173822955\COMCTL32.dll
0x00007ff8b38f0000 - 0x00007ff8b3919000 	C:\WINDOWS\System32\GDI32.dll
0x00007ff8b36a0000 - 0x00007ff8b37b9000 	C:\WINDOWS\System32\gdi32full.dll
0x00007ff8b2e70000 - 0x00007ff8b2f0a000 	C:\WINDOWS\System32\msvcp_win.dll
0x00007ff8b5050000 - 0x00007ff8b50f7000 	C:\WINDOWS\System32\msvcrt.dll
0x00007ff8b53b0000 - 0x00007ff8b53e1000 	C:\WINDOWS\System32\IMM32.DLL
0x00007ff8a2110000 - 0x00007ff8a211c000 	C:\Program Files\Android\Android Studio\jbr\bin\vcruntime140_1.dll
0x00007ff845520000 - 0x00007ff8455ad000 	C:\Program Files\Android\Android Studio\jbr\bin\msvcp140.dll
0x00007ff833ca0000 - 0x00007ff834923000 	C:\Program Files\Android\Android Studio\jbr\bin\server\jvm.dll
0x00007ff8b5600000 - 0x00007ff8b56b2000 	C:\WINDOWS\System32\ADVAPI32.dll
0x00007ff8b3c30000 - 0x00007ff8b3cd9000 	C:\WINDOWS\System32\sechost.dll
0x00007ff8b3220000 - 0x00007ff8b3248000 	C:\WINDOWS\System32\bcrypt.dll
0x00007ff8b5230000 - 0x00007ff8b5344000 	C:\WINDOWS\System32\RPCRT4.dll
0x00007ff8adf90000 - 0x00007ff8adfc4000 	C:\WINDOWS\SYSTEM32\WINMM.dll
0x00007ff865200000 - 0x00007ff865209000 	C:\WINDOWS\SYSTEM32\WSOCK32.dll
0x00007ff8b51b0000 - 0x00007ff8b5221000 	C:\WINDOWS\System32\WS2_32.dll
0x00007ff8b2c70000 - 0x00007ff8b2cbd000 	C:\WINDOWS\SYSTEM32\POWRPROF.dll
0x00007ff8a8cc0000 - 0x00007ff8a8cca000 	C:\WINDOWS\SYSTEM32\VERSION.dll
0x00007ff8b2c50000 - 0x00007ff8b2c63000 	C:\WINDOWS\SYSTEM32\UMPDC.dll
0x00007ff8b1de0000 - 0x00007ff8b1df8000 	C:\WINDOWS\SYSTEM32\kernel.appcore.dll
0x00007ff836c30000 - 0x00007ff836c3a000 	C:\Program Files\Android\Android Studio\jbr\bin\jimage.dll
0x00007ff8aab20000 - 0x00007ff8aad52000 	C:\WINDOWS\SYSTEM32\DBGHELP.DLL
0x00007ff8b56c0000 - 0x00007ff8b5a4d000 	C:\WINDOWS\System32\combase.dll
0x00007ff8b3f00000 - 0x00007ff8b3fd7000 	C:\WINDOWS\System32\OLEAUT32.dll
0x00007ff8914a0000 - 0x00007ff8914d2000 	C:\WINDOWS\SYSTEM32\dbgcore.DLL
0x00007ff8b3030000 - 0x00007ff8b30ab000 	C:\WINDOWS\System32\bcryptPrimitives.dll
0x00007ff893ab0000 - 0x00007ff893abe000 	C:\Program Files\Android\Android Studio\jbr\bin\instrument.dll
0x00007ff836c00000 - 0x00007ff836c25000 	C:\Program Files\Android\Android Studio\jbr\bin\java.dll
0x00007ff836be0000 - 0x00007ff836bf8000 	C:\Program Files\Android\Android Studio\jbr\bin\zip.dll
0x00007ff8b4540000 - 0x00007ff8b4da8000 	C:\WINDOWS\System32\SHELL32.dll
0x00007ff8b0d00000 - 0x00007ff8b15fe000 	C:\WINDOWS\SYSTEM32\windows.storage.dll
0x00007ff8b0bc0000 - 0x00007ff8b0cff000 	C:\WINDOWS\SYSTEM32\wintypes.dll
0x00007ff8b37f0000 - 0x00007ff8b38e9000 	C:\WINDOWS\System32\SHCORE.dll
0x00007ff8b4f70000 - 0x00007ff8b4fce000 	C:\WINDOWS\System32\shlwapi.dll
0x00007ff8b2ce0000 - 0x00007ff8b2d01000 	C:\WINDOWS\SYSTEM32\profapi.dll
0x00007ff836b80000 - 0x00007ff836b99000 	C:\Program Files\Android\Android Studio\jbr\bin\net.dll
0x00007ff8ae450000 - 0x00007ff8ae586000 	C:\WINDOWS\SYSTEM32\WINHTTP.dll
0x00007ff8b2250000 - 0x00007ff8b22b9000 	C:\WINDOWS\system32\mswsock.dll
0x00007ff836b60000 - 0x00007ff836b76000 	C:\Program Files\Android\Android Studio\jbr\bin\nio.dll
0x00007ff893ac0000 - 0x00007ff893ad0000 	C:\Program Files\Android\Android Studio\jbr\bin\verify.dll
0x00007ff8a1530000 - 0x00007ff8a1557000 	C:\Users\frami\.gradle\native\68d5fa5c4cc2d200863cafc0d521ce42e7d3e7ee720ec0a83991735586a16f82\windows-amd64\native-platform.dll
0x00007ff840780000 - 0x00007ff8408c4000 	C:\Users\frami\.gradle\native\e376f236ea51e6404a007f0833ffe2c6e607c4080706a723a18a27aeea778392\windows-amd64\native-platform-file-events.dll
0x00007ff893ae0000 - 0x00007ff893ae9000 	C:\Program Files\Android\Android Studio\jbr\bin\management.dll
0x00007ff893ad0000 - 0x00007ff893adb000 	C:\Program Files\Android\Android Studio\jbr\bin\management_ext.dll
0x00007ff8b3fe0000 - 0x00007ff8b3fe8000 	C:\WINDOWS\System32\PSAPI.DLL
0x00007ff8b24b0000 - 0x00007ff8b24cb000 	C:\WINDOWS\SYSTEM32\CRYPTSP.dll
0x00007ff8b1d40000 - 0x00007ff8b1d75000 	C:\WINDOWS\system32\rsaenh.dll
0x00007ff8b2350000 - 0x00007ff8b2378000 	C:\WINDOWS\SYSTEM32\USERENV.dll
0x00007ff8b24d0000 - 0x00007ff8b24dc000 	C:\WINDOWS\SYSTEM32\CRYPTBASE.dll
0x00007ff8b1860000 - 0x00007ff8b188d000 	C:\WINDOWS\SYSTEM32\IPHLPAPI.DLL
0x00007ff8b37e0000 - 0x00007ff8b37e9000 	C:\WINDOWS\System32\NSI.dll
0x00007ff8aec50000 - 0x00007ff8aec69000 	C:\WINDOWS\SYSTEM32\dhcpcsvc6.DLL
0x00007ff8ae220000 - 0x00007ff8ae23f000 	C:\WINDOWS\SYSTEM32\dhcpcsvc.DLL
0x00007ff8b18d0000 - 0x00007ff8b19c8000 	C:\WINDOWS\SYSTEM32\DNSAPI.dll
0x00007ff893af0000 - 0x00007ff893af9000 	C:\Program Files\Android\Android Studio\jbr\bin\extnet.dll
0x00007ff8ade70000 - 0x00007ff8ade78000 	C:\WINDOWS\system32\wshunix.dll

dbghelp: loaded successfully - version: 4.0.5 - missing functions: none
symbol engine: initialized successfully - sym options: 0x614 - pdb path: .;C:\Program Files\Android\Android Studio\jbr\bin;C:\WINDOWS\SYSTEM32;C:\WINDOWS\WinSxS\amd64_microsoft.windows.common-controls_6595b64144ccf1df_6.0.22621.3672_none_2713b9d173822955;C:\Program Files\Android\Android Studio\jbr\bin\server;C:\Users\frami\.gradle\native\68d5fa5c4cc2d200863cafc0d521ce42e7d3e7ee720ec0a83991735586a16f82\windows-amd64;C:\Users\frami\.gradle\native\e376f236ea51e6404a007f0833ffe2c6e607c4080706a723a18a27aeea778392\windows-amd64

VM Arguments:
jvm_args: --add-opens=java.base/java.util=ALL-UNNAMED --add-opens=java.base/java.lang=ALL-UNNAMED --add-opens=java.base/java.lang.invoke=ALL-UNNAMED --add-opens=java.prefs/java.util.prefs=ALL-UNNAMED --add-opens=java.base/java.nio.charset=ALL-UNNAMED --add-opens=java.base/java.net=ALL-UNNAMED --add-opens=java.base/java.util.concurrent.atomic=ALL-UNNAMED -Xmx2048m -Dfile.encoding=UTF-8 -Duser.country=CO -Duser.language=es -Duser.variant -javaagent:C:\Users\frami\.gradle\wrapper\dists\gradle-8.2-bin\bbg7u40eoinfdyxsxr3z4i7ta\gradle-8.2\lib\agents\gradle-instrumentation-agent-8.2.jar 
java_command: org.gradle.launcher.daemon.bootstrap.GradleDaemon 8.2
java_class_path (initial): C:\Users\frami\.gradle\wrapper\dists\gradle-8.2-bin\bbg7u40eoinfdyxsxr3z4i7ta\gradle-8.2\lib\gradle-launcher-8.2.jar
Launcher Type: SUN_STANDARD

[Global flags]
     intx CICompilerCount                          = 4                                         {product} {ergonomic}
     uint ConcGCThreads                            = 2                                         {product} {ergonomic}
     uint G1ConcRefinementThreads                  = 8                                         {product} {ergonomic}
   size_t G1HeapRegionSize                         = 1048576                                   {product} {ergonomic}
    uintx GCDrainStackTargetSize                   = 64                                        {product} {ergonomic}
   size_t InitialHeapSize                          = 100663296                                 {product} {ergonomic}
   size_t MarkStackSize                            = 4194304                                   {product} {ergonomic}
   size_t MaxHeapSize                              = 2147483648                                {product} {command line}
   size_t MaxNewSize                               = 1287651328                                {product} {ergonomic}
   size_t MinHeapDeltaBytes                        = 1048576                                   {product} {ergonomic}
   size_t MinHeapSize                              = 8388608                                   {product} {ergonomic}
    uintx NonNMethodCodeHeapSize                   = 5839372                                {pd product} {ergonomic}
    uintx NonProfiledCodeHeapSize                  = 122909434                              {pd product} {ergonomic}
    uintx ProfiledCodeHeapSize                     = 122909434                              {pd product} {ergonomic}
    uintx ReservedCodeCacheSize                    = 251658240                              {pd product} {ergonomic}
     bool SegmentedCodeCache                       = true                                      {product} {ergonomic}
   size_t SoftMaxHeapSize                          = 2147483648                             {manageable} {ergonomic}
     bool UseCompressedClassPointers               = true                           {product lp64_product} {ergonomic}
     bool UseCompressedOops                        = true                           {product lp64_product} {ergonomic}
     bool UseG1GC                                  = true                                      {product} {ergonomic}
     bool UseLargePagesIndividualAllocation        = false                                  {pd product} {ergonomic}

Logging:
Log output configuration:
 #0: stdout all=warning uptime,level,tags
 #1: stderr all=off uptime,level,tags

Environment Variables:
JAVA_HOME=C:\Program Files\Java\jdk-21
PATH=C:\Program Files\Common Files\Oracle\Java\javapath;C:\WINDOWS\system32;C:\WINDOWS;C:\WINDOWS\System32\Wbem;C:\WINDOWS\System32\WindowsPowerShell\v1.0\;C:\WINDOWS\System32\OpenSSH\;C:\Program Files\Microsoft SQL Server\150\Tools\Binn\;C:\Program Files\Microsoft SQL Server\Client SDK\ODBC\170\Tools\Binn\;C:\Program Files\dotnet\;C:\Program Files\Java\jdk-21\bin;C:\Program Files (x86)\Microsoft SQL Server\160\DTS\Binn\;C:\Program Files\Git\cmd;C:\Users\frami\AppData\Local\Microsoft\WindowsApps;;C:\Users\frami\AppData\Local\Programs\Microsoft VS Code\bin;C:\Users\frami\.dotnet\tools
USERNAME=frami
OS=Windows_NT
PROCESSOR_IDENTIFIER=AMD64 Family 23 Model 24 Stepping 1, AuthenticAMD
TMP=C:\Users\frami\AppData\Local\Temp
TEMP=C:\Users\frami\AppData\Local\Temp



Periodic native trim disabled

JNI global refs:
JNI global refs: 25, weak refs: 2

JNI global refs memory usage: 843, weak refs: 841

Process memory usage:
Resident Set Size: 211272K (3% of 6174988K total physical memory with 172280K free physical memory)

OOME stack traces (most recent first):
Classloader memory used:
Loader org.gradle.internal.classloader.VisitableURLClassLoader                         : 2652K
Loader bootstrap                                                                       : 2313K
Loader org.gradle.initialization.MixInLegacyTypesClassLoader                           : 481K
Loader jdk.internal.loader.ClassLoaders$PlatformClassLoader                            : 69150B
Loader jdk.internal.loader.ClassLoaders$AppClassLoader                                 : 28451B
Loader jdk.internal.reflect.DelegatingClassLoader                                      : 3959B
Loader org.gradle.internal.classloader.VisitableURLClassLoader$InstrumentingVisitableURLClassLoader: 790B

Classes loaded by more than one classloader:
Class org.gradle.internal.installation.GradleInstallation                             : loaded 2 times (x 73B)
Class org.gradle.internal.classpath.ClassPath                                         : loaded 2 times (x 68B)
Class org.gradle.api.internal.classpath.DefaultModuleRegistry                         : loaded 2 times (x 84B)
Class org.gradle.api.Action                                                           : loaded 2 times (x 68B)
Class org.gradle.api.internal.DefaultClassPathProvider                                : loaded 2 times (x 74B)
Class org.gradle.internal.installation.GradleInstallation$1                           : loaded 2 times (x 73B)
Class org.gradle.internal.classloader.FilteringClassLoader                            : loaded 2 times (x 103B)
Class org.gradle.internal.classpath.DefaultClassPath$ImmutableUniqueList$Builder      : loaded 2 times (x 73B)
Class org.gradle.internal.classloader.ClassLoaderVisitor                              : loaded 2 times (x 74B)
Class org.gradle.internal.service.DefaultServiceLocator                               : loaded 2 times (x 81B)
Class org.gradle.internal.service.UnknownServiceException                             : loaded 2 times (x 81B)
Class org.gradle.internal.classloader.DefaultClassLoaderFactory                       : loaded 2 times (x 80B)
Class org.gradle.internal.classloader.VisitableURLClassLoader$Spec                    : loaded 2 times (x 72B)
Class org.gradle.api.GradleException                                                  : loaded 2 times (x 80B)
Class org.gradle.api.internal.classpath.ModuleRegistry                                : loaded 2 times (x 68B)
Class org.gradle.api.internal.ClassPathProvider                                       : loaded 2 times (x 68B)
Class org.gradle.internal.classloader.ClasspathUtil$1                                 : loaded 2 times (x 74B)
Class org.gradle.internal.classloader.ClassLoaderFactory                              : loaded 2 times (x 68B)
Class org.gradle.api.internal.classpath.ManifestUtil                                  : loaded 2 times (x 69B)
Class org.gradle.api.specs.Spec                                                       : loaded 2 times (x 68B)
Class org.gradle.internal.IoActions                                                   : loaded 2 times (x 69B)
Class org.gradle.api.internal.classpath.EffectiveClassPath                            : loaded 2 times (x 88B)
Class org.gradle.internal.installation.CurrentGradleInstallation                      : loaded 2 times (x 71B)
Class org.gradle.internal.agents.InstrumentingClassLoader                             : loaded 2 times (x 68B)
Class org.gradle.internal.installation.CurrentGradleInstallationLocator               : loaded 2 times (x 69B)
Class org.gradle.api.internal.classpath.Module                                        : loaded 2 times (x 68B)
Class org.gradle.internal.service.CachingServiceLocator                               : loaded 2 times (x 80B)
Class org.gradle.internal.classpath.DefaultClassPath                                  : loaded 2 times (x 88B)
Class org.gradle.internal.classloader.SystemClassLoaderSpec                           : loaded 2 times (x 69B)
Class org.gradle.api.UncheckedIOException                                             : loaded 2 times (x 80B)
Class org.gradle.internal.classloader.ClasspathUtil                                   : loaded 2 times (x 69B)
Class org.gradle.api.internal.DefaultClassPathRegistry                                : loaded 2 times (x 74B)
Class org.gradle.api.internal.classpath.DefaultModuleRegistry$DefaultModule           : loaded 2 times (x 84B)
Class org.gradle.api.internal.classpath.UnknownModuleException                        : loaded 2 times (x 80B)
Class org.gradle.internal.service.ServiceLookupException                              : loaded 2 times (x 80B)
Class org.gradle.cache.GlobalCache                                                    : loaded 2 times (x 68B)
Class [Lorg.gradle.api.internal.ClassPathProvider;                                    : loaded 2 times (x 67B)
Class org.gradle.util.internal.GUtil                                                  : loaded 2 times (x 69B)
Class org.gradle.internal.classloader.ClassLoaderSpec                                 : loaded 2 times (x 69B)
Class org.gradle.internal.classloader.VisitableURLClassLoader                         : loaded 2 times (x 115B)
Class org.gradle.internal.Cast                                                        : loaded 2 times (x 69B)
Class org.gradle.api.internal.ClassPathRegistry                                       : loaded 2 times (x 68B)
Class org.gradle.internal.classloader.VisitableURLClassLoader$InstrumentingVisitableURLClassLoader: loaded 2 times (x 121B)
Class org.gradle.internal.classloader.ClassLoaderHierarchy                            : loaded 2 times (x 68B)
Class org.gradle.internal.InternalTransformer                                         : loaded 2 times (x 68B)
Class org.gradle.internal.service.ServiceLocator                                      : loaded 2 times (x 68B)
Class org.gradle.internal.classpath.DefaultClassPath$ImmutableUniqueList              : loaded 2 times (x 159B)
Class org.gradle.internal.classpath.TransformedClassPath                              : loaded 2 times (x 94B)


---------------  S Y S T E M  ---------------

OS:
 Windows 11 , 64 bit Build 22621 (10.0.22621.3958)
OS uptime: 3 days 21:19 hours

CPU: total 8 (initial active 8) (8 cores per cpu, 2 threads per core) family 23 model 24 stepping 1 microcode 0x0, cx8, cmov, fxsr, ht, mmx, 3dnowpref, sse, sse2, sse3, ssse3, sse4a, sse4.1, sse4.2, popcnt, lzcnt, tsc, tscinvbit, avx, avx2, aes, clmul, bmi1, bmi2, adx, sha, fma, vzeroupper, clflush, clflushopt
Processor Information for all 8 processors :
  Max Mhz: 2100, Current Mhz: 2100, Mhz Limit: 2100

Memory: 4k page, system-wide physical 6030M (170M free)
TotalPageFile size 24462M (AvailPageFile size 5M)
current process WorkingSet (physical memory assigned to process): 206M, peak: 206M
current process commit charge ("private bytes"): 241M, peak: 243M

vm_info: OpenJDK 64-Bit Server VM (17.0.11+0--11852314) for windows-amd64 JRE (17.0.11+0--11852314), built on May 16 2024 21:29:20 by "androidbuild" with MS VC++ 16.10 / 16.11 (VS2019)

END.
