#
# There is insufficient memory for the Java Runtime Environment to continue.
# Native memory allocation (mmap) failed to map 8388608 bytes. Error detail: G1 virtual space
# Possible reasons:
#   The system is out of physical RAM or swap space
#   This process is running with CompressedOops enabled, and the Java Heap may be blocking the growth of the native heap
# Possible solutions:
#   Reduce memory load on the system
#   Increase physical memory or swap space
#   Check if swap backing store is full
#   Decrease Java heap size (-Xmx/-Xms)
#   Decrease number of Java threads
#   Decrease Java thread stack sizes (-Xss)
#   Set larger code cache with -XX:ReservedCodeCacheSize=
#   JVM is running with Unscaled Compressed Oops mode in which the Java heap is
#     placed in the first 4GB address space. The Java Heap base address is the
#     maximum limit for the native heap growth. Please use -XX:HeapBaseMinAddress
#     to set the Java Heap base and to place the Java Heap above 4GB virtual address.
# This output file may be truncated or incomplete.
#
#  Out of Memory Error (os_windows.cpp:3825), pid=20608, tid=9704
#
# JRE version: OpenJDK Runtime Environment (17.0.11) (build 17.0.11+0--11852314)
# Java VM: OpenJDK 64-Bit Server VM (17.0.11+0--11852314, mixed mode, tiered, compressed oops, compressed class ptrs, g1 gc, windows-amd64)
# No core dump will be written. Minidumps are not enabled by default on client versions of Windows
#

---------------  S U M M A R Y ------------

Command Line: --add-opens=java.base/java.util=ALL-UNNAMED --add-opens=java.base/java.lang=ALL-UNNAMED --add-opens=java.base/java.lang.invoke=ALL-UNNAMED --add-opens=java.prefs/java.util.prefs=ALL-UNNAMED --add-opens=java.base/java.nio.charset=ALL-UNNAMED --add-opens=java.base/java.net=ALL-UNNAMED --add-opens=java.base/java.util.concurrent.atomic=ALL-UNNAMED -Xmx2048m -Dfile.encoding=UTF-8 -Duser.country=CO -Duser.language=es -Duser.variant -javaagent:C:\Users\frami\.gradle\wrapper\dists\gradle-8.2-bin\bbg7u40eoinfdyxsxr3z4i7ta\gradle-8.2\lib\agents\gradle-instrumentation-agent-8.2.jar org.gradle.launcher.daemon.bootstrap.GradleDaemon 8.2

Host: AMD Ryzen 5 3450U with Radeon Vega Mobile Gfx  , 8 cores, 5G,  Windows 11 , 64 bit Build 22621 (10.0.22621.3958)
Time: Fri Sep 13 15:49:12 2024 Hora est. Pacífico, Sudamérica elapsed time: 16.610009 seconds (0d 0h 0m 16s)

---------------  T H R E A D  ---------------

Current thread (0x000001c8d343b440):  VMThread "VM Thread" [stack: 0x000000108ac00000,0x000000108ad00000] [id=9704]

Stack: [0x000000108ac00000,0x000000108ad00000]
Native frames: (J=compiled Java code, j=interpreted, Vv=VM code, C=native code)
V  [jvm.dll+0x687bb9]
V  [jvm.dll+0x84142a]
V  [jvm.dll+0x8430ae]
V  [jvm.dll+0x843713]
V  [jvm.dll+0x24a35f]
V  [jvm.dll+0x684989]
V  [jvm.dll+0x67923a]
V  [jvm.dll+0x30af0b]
V  [jvm.dll+0x3123b6]
V  [jvm.dll+0x361dfe]
V  [jvm.dll+0x36202f]
V  [jvm.dll+0x2e0d38]
V  [jvm.dll+0x2e3e26]
V  [jvm.dll+0x2ee63a]
V  [jvm.dll+0x323270]
V  [jvm.dll+0x847e0b]
V  [jvm.dll+0x848b42]
V  [jvm.dll+0x84905d]
V  [jvm.dll+0x849434]
V  [jvm.dll+0x849500]
V  [jvm.dll+0x7efa4a]
V  [jvm.dll+0x686a35]
C  [ucrtbase.dll+0x29333]
C  [KERNEL32.DLL+0x1257d]
C  [ntdll.dll+0x5af28]

VM_Operation (0x000000108a8ffa30): G1PauseRemark, mode: safepoint, requested by thread 0x000001c8b963b0a0


---------------  P R O C E S S  ---------------

Threads class SMR info:
_java_thread_list=0x000001c8da264240, length=52, elements={
0x000001c8b95cc190, 0x000001c8d35a3020, 0x000001c8d35a3ea0, 0x000001c8d344f840,
0x000001c8d3450400, 0x000001c8d34534e0, 0x000001c8d3453ea0, 0x000001c8d3454b90,
0x000001c8d35ccba0, 0x000001c8d35cf4c0, 0x000001c8d37580f0, 0x000001c8d3900870,
0x000001c8d9484c90, 0x000001c8d9655af0, 0x000001c8d92a08b0, 0x000001c8d9705460,
0x000001c8d9705940, 0x000001c8d995aaf0, 0x000001c8d95da850, 0x000001c8d9b17000,
0x000001c8d9b1a2a0, 0x000001c8d9b19880, 0x000001c8d9b18950, 0x000001c8d9b18e60,
0x000001c8d9b17510, 0x000001c8d9b18440, 0x000001c8d9b19d90, 0x000001c8d9b16af0,
0x000001c8d9b17a20, 0x000001c8d9b17f30, 0x000001c8d9e746c0, 0x000001c8d9e75b00,
0x000001c8d9e73280, 0x000001c8d9e71e40, 0x000001c8d9e755f0, 0x000001c8d9e74bd0,
0x000001c8d9e750e0, 0x000001c8d9e77e70, 0x000001c8d9e76520, 0x000001c8d9e76a30,
0x000001c8d9e73ca0, 0x000001c8d9e76f40, 0x000001c8d9e71930, 0x000001c8d9e77960,
0x000001c8d9e72350, 0x000001c8d9e77450, 0x000001c8d9e78380, 0x000001c8d9e70f10,
0x000001c8d9e72860, 0x000001c8d9e78890, 0x000001c8d9e71420, 0x000001c8d3623960
}

Java Threads: ( => current thread )
  0x000001c8b95cc190 JavaThread "main" [_thread_blocked, id=15948, stack(0x000000108a600000,0x000000108a700000)]
  0x000001c8d35a3020 JavaThread "Reference Handler" daemon [_thread_blocked, id=17832, stack(0x000000108ad00000,0x000000108ae00000)]
  0x000001c8d35a3ea0 JavaThread "Finalizer" daemon [_thread_blocked, id=16632, stack(0x000000108ae00000,0x000000108af00000)]
  0x000001c8d344f840 JavaThread "Signal Dispatcher" daemon [_thread_blocked, id=8292, stack(0x000000108af00000,0x000000108b000000)]
  0x000001c8d3450400 JavaThread "Attach Listener" daemon [_thread_blocked, id=3388, stack(0x000000108b000000,0x000000108b100000)]
  0x000001c8d34534e0 JavaThread "Service Thread" daemon [_thread_blocked, id=18152, stack(0x000000108b100000,0x000000108b200000)]
  0x000001c8d3453ea0 JavaThread "Monitor Deflation Thread" daemon [_thread_blocked, id=20512, stack(0x000000108b200000,0x000000108b300000)]
  0x000001c8d3454b90 JavaThread "C2 CompilerThread0" daemon [_thread_blocked, id=11136, stack(0x000000108b300000,0x000000108b400000)]
  0x000001c8d35ccba0 JavaThread "C1 CompilerThread0" daemon [_thread_blocked, id=17820, stack(0x000000108b400000,0x000000108b500000)]
  0x000001c8d35cf4c0 JavaThread "Sweeper thread" daemon [_thread_blocked, id=3204, stack(0x000000108b500000,0x000000108b600000)]
  0x000001c8d37580f0 JavaThread "Common-Cleaner" daemon [_thread_blocked, id=2724, stack(0x000000108b600000,0x000000108b700000)]
  0x000001c8d3900870 JavaThread "Notification Thread" daemon [_thread_blocked, id=11092, stack(0x000000108b700000,0x000000108b800000)]
  0x000001c8d9484c90 JavaThread "Daemon health stats" [_thread_blocked, id=12656, stack(0x000000108bd00000,0x000000108be00000)]
  0x000001c8d9655af0 JavaThread "Incoming local TCP Connector on port 63884" [_thread_in_native, id=13484, stack(0x000000108be00000,0x000000108bf00000)]
  0x000001c8d92a08b0 JavaThread "Daemon periodic checks" [_thread_blocked, id=19948, stack(0x000000108bf00000,0x000000108c000000)]
  0x000001c8d9705460 JavaThread "Daemon" [_thread_blocked, id=18020, stack(0x000000108c000000,0x000000108c100000)]
  0x000001c8d9705940 JavaThread "Handler for socket connection from /127.0.0.1:63884 to /127.0.0.1:63885" [_thread_in_native, id=17876, stack(0x000000108c100000,0x000000108c200000)]
  0x000001c8d995aaf0 JavaThread "Cancel handler" [_thread_blocked, id=15140, stack(0x000000108c200000,0x000000108c300000)]
  0x000001c8d95da850 JavaThread "Daemon worker" [_thread_blocked, id=9856, stack(0x000000108c300000,0x000000108c400000)]
  0x000001c8d9b17000 JavaThread "Asynchronous log dispatcher for DefaultDaemonConnection: socket connection from /127.0.0.1:63884 to /127.0.0.1:63885" [_thread_blocked, id=11656, stack(0x000000108c400000,0x000000108c500000)]
  0x000001c8d9b1a2a0 JavaThread "Stdin handler" [_thread_blocked, id=22252, stack(0x000000108c500000,0x000000108c600000)]
  0x000001c8d9b19880 JavaThread "Daemon client event forwarder" [_thread_blocked, id=7528, stack(0x000000108c600000,0x000000108c700000)]
  0x000001c8d9b18950 JavaThread "Cache worker for journal cache (C:\Users\frami\.gradle\caches\journal-1)" [_thread_blocked, id=13800, stack(0x000000108cb00000,0x000000108cc00000)]
  0x000001c8d9b18e60 JavaThread "File lock request listener" [_thread_in_native, id=3684, stack(0x000000108cc00000,0x000000108cd00000)]
  0x000001c8d9b17510 JavaThread "Cache worker for file hash cache (C:\Users\frami\.gradle\caches\8.2\fileHashes)" [_thread_blocked, id=3808, stack(0x000000108cd00000,0x000000108ce00000)]
  0x000001c8d9b18440 JavaThread "File watcher server" daemon [_thread_in_native, id=7464, stack(0x000000108ce00000,0x000000108cf00000)]
  0x000001c8d9b19d90 JavaThread "File watcher consumer" daemon [_thread_blocked, id=17668, stack(0x000000108cf00000,0x000000108d000000)]
  0x000001c8d9b16af0 JavaThread "Cache worker for checksums cache (C:\Users\frami\Downloads\rehapp_front7\.gradle\8.2\checksums)" [_thread_blocked, id=5620, stack(0x000000108d000000,0x000000108d100000)]
  0x000001c8d9b17a20 JavaThread "Cache worker for cache directory md-rule (C:\Users\frami\.gradle\caches\8.2\md-rule)" [_thread_blocked, id=13904, stack(0x000000108d100000,0x000000108d200000)]
  0x000001c8d9b17f30 JavaThread "Cache worker for file content cache (C:\Users\frami\.gradle\caches\8.2\fileContent)" [_thread_blocked, id=19616, stack(0x000000108d200000,0x000000108d300000)]
  0x000001c8d9e746c0 JavaThread "Cache worker for file hash cache (C:\Users\frami\Downloads\rehapp_front7\.gradle\8.2\fileHashes)" [_thread_blocked, id=19892, stack(0x000000108d300000,0x000000108d400000)]
  0x000001c8d9e75b00 JavaThread "Cache worker for cache directory md-supplier (C:\Users\frami\.gradle\caches\8.2\md-supplier)" [_thread_blocked, id=2712, stack(0x000000108d400000,0x000000108d500000)]
  0x000001c8d9e73280 JavaThread "Cache worker for execution history cache (C:\Users\frami\.gradle\caches\8.2\executionHistory)" [_thread_blocked, id=14780, stack(0x000000108d500000,0x000000108d600000)]
  0x000001c8d9e71e40 JavaThread "Cache worker for kotlin-dsl (C:\Users\frami\.gradle\caches\8.2\kotlin-dsl)" [_thread_blocked, id=17636, stack(0x000000108d800000,0x000000108d900000)]
  0x000001c8d9e755f0 JavaThread "jar transforms" [_thread_blocked, id=18892, stack(0x000000108d900000,0x000000108da00000)]
  0x000001c8d9e74bd0 JavaThread "jar transforms Thread 2" [_thread_blocked, id=14128, stack(0x000000108da00000,0x000000108db00000)]
  0x000001c8d9e750e0 JavaThread "jar transforms Thread 3" [_thread_blocked, id=20288, stack(0x000000108db00000,0x000000108dc00000)]
  0x000001c8d9e77e70 JavaThread "jar transforms Thread 4" [_thread_blocked, id=11252, stack(0x000000108dc00000,0x000000108dd00000)]
  0x000001c8d9e76520 JavaThread "Cache worker for dependencies-accessors (C:\Users\frami\Downloads\rehapp_front7\.gradle\8.2\dependencies-accessors)" [_thread_blocked, id=14656, stack(0x000000108dd00000,0x000000108de00000)]
  0x000001c8d9e76a30 JavaThread "Cache worker for Build Output Cleanup Cache (C:\Users\frami\Downloads\rehapp_front7\.gradle\buildOutputCleanup)" [_thread_blocked, id=14168, stack(0x000000108de00000,0x000000108df00000)]
  0x000001c8d9e73ca0 JavaThread "jar transforms Thread 5" [_thread_blocked, id=19744, stack(0x000000108e000000,0x000000108e100000)]
  0x000001c8d9e76f40 JavaThread "jar transforms Thread 6" [_thread_blocked, id=12912, stack(0x000000108e100000,0x000000108e200000)]
  0x000001c8d9e71930 JavaThread "Unconstrained build operations" [_thread_blocked, id=10120, stack(0x000000108d700000,0x000000108d800000)]
  0x000001c8d9e77960 JavaThread "Unconstrained build operations Thread 2" [_thread_blocked, id=8420, stack(0x000000108df00000,0x000000108e000000)]
  0x000001c8d9e72350 JavaThread "Unconstrained build operations Thread 3" [_thread_blocked, id=19868, stack(0x000000108e200000,0x000000108e300000)]
  0x000001c8d9e77450 JavaThread "Unconstrained build operations Thread 4" [_thread_blocked, id=19036, stack(0x000000108e300000,0x000000108e400000)]
  0x000001c8d9e78380 JavaThread "Unconstrained build operations Thread 5" [_thread_blocked, id=9436, stack(0x000000108e400000,0x000000108e500000)]
  0x000001c8d9e70f10 JavaThread "Unconstrained build operations Thread 6" [_thread_blocked, id=3116, stack(0x000000108e500000,0x000000108e600000)]
  0x000001c8d9e72860 JavaThread "Unconstrained build operations Thread 7" [_thread_blocked, id=20368, stack(0x000000108e600000,0x000000108e700000)]
  0x000001c8d9e78890 JavaThread "jar transforms Thread 7" [_thread_blocked, id=17000, stack(0x000000108e700000,0x000000108e800000)]
  0x000001c8d9e71420 JavaThread "jar transforms Thread 8" [_thread_blocked, id=5784, stack(0x000000108e800000,0x000000108e900000)]
  0x000001c8d3623960 JavaThread "C2 CompilerThread1" daemon [_thread_blocked, id=20804, stack(0x000000108e900000,0x000000108ea00000)]

Other Threads:
=>0x000001c8d343b440 VMThread "VM Thread" [stack: 0x000000108ac00000,0x000000108ad00000] [id=9704]
  0x000001c8b95cd010 WatcherThread [stack: 0x000000108b800000,0x000000108b900000] [id=21020]
  0x000001c8b962a150 GCTaskThread "GC Thread#0" [stack: 0x000000108a700000,0x000000108a800000] [id=10624]
  0x000001c8d899f4e0 GCTaskThread "GC Thread#1" [stack: 0x000000108b900000,0x000000108ba00000] [id=17524]
  0x000001c8d87f6620 GCTaskThread "GC Thread#2" [stack: 0x000000108ba00000,0x000000108bb00000] [id=5828]
  0x000001c8d8bce230 GCTaskThread "GC Thread#3" [stack: 0x000000108bb00000,0x000000108bc00000] [id=11000]
  0x000001c8d8bce7b0 GCTaskThread "GC Thread#4" [stack: 0x000000108bc00000,0x000000108bd00000] [id=16152]
  0x000001c8d8bcf2b0 GCTaskThread "GC Thread#5" [stack: 0x000000108c700000,0x000000108c800000] [id=6032]
  0x000001c8d8bcea70 GCTaskThread "GC Thread#6" [stack: 0x000000108c800000,0x000000108c900000] [id=6704]
  0x000001c8d8bcf570 GCTaskThread "GC Thread#7" [stack: 0x000000108c900000,0x000000108ca00000] [id=20996]
  0x000001c8b963b0a0 ConcurrentGCThread "G1 Main Marker" [stack: 0x000000108a800000,0x000000108a900000] [id=15696]
  0x000001c8b963c260 ConcurrentGCThread "G1 Conc#0" [stack: 0x000000108a900000,0x000000108aa00000] [id=15468]
  0x000001c8d8bcdf70 ConcurrentGCThread "G1 Conc#1" [stack: 0x000000108ca00000,0x000000108cb00000] [id=20508]
  0x000001c8d32924c0 ConcurrentGCThread "G1 Refine#0" [stack: 0x000000108aa00000,0x000000108ab00000] [id=11568]
  0x000001c8d9ed9c70 ConcurrentGCThread "G1 Refine#1" [stack: 0x000000108d600000,0x000000108d700000] [id=11048]
  0x000001c8d3292ef0 ConcurrentGCThread "G1 Service" [stack: 0x000000108ab00000,0x000000108ac00000] [id=17980]

Threads with active compile tasks:
C2 CompilerThread1    16642 5861 %     4       java.util.zip.ZipFile$Source::initCEN @ 240 (591 bytes)

VM state: at safepoint (normal execution)

VM Mutex/Monitor currently owned by a thread:  ([mutex/lock_event])
[0x000001c8b95c9390] Threads_lock - owner thread: 0x000001c8d343b440
[0x000001c8b95c8100] Heap_lock - owner thread: 0x000001c8b963b0a0

Heap address: 0x0000000080000000, size: 2048 MB, Compressed Oops mode: 32-bit

CDS archive(s) not mapped
Compressed class space mapped at: 0x0000000100000000-0x0000000140000000, reserved size: 1073741824
Narrow klass base: 0x0000000000000000, Narrow klass shift: 3, Narrow klass range: 0x140000000

GC Precious Log:
 CPUs: 8 total, 8 available
 Memory: 6030M
 Large Page Support: Disabled
 NUMA Support: Disabled
 Compressed Oops: Enabled (32-bit)
 Heap Region Size: 1M
 Heap Min Capacity: 8M
 Heap Initial Capacity: 96M
 Heap Max Capacity: 2G
 Pre-touch: Disabled
 Parallel Workers: 8
 Concurrent Workers: 2
 Concurrent Refinement Workers: 8
 Periodic GC: Disabled

Heap:
 garbage-first heap   total 73728K, used 45958K [0x0000000080000000, 0x0000000100000000)
  region size 1024K, 3 young (3072K), 2 survivors (2048K)
 Metaspace       used 52675K, committed 53248K, reserved 1114112K
  class space    used 7178K, committed 7424K, reserved 1048576K

Heap Regions: E=young(eden), S=young(survivor), O=old, HS=humongous(starts), HC=humongous(continues), CS=collection set, F=free, OA=open archive, CA=closed archive, TAMS=top-at-mark-start (previous, next)
|   0|0x0000000080000000, 0x0000000080100000, 0x0000000080100000|100%|HS|  |TAMS 0x0000000080100000, 0x0000000080000000| Complete 
|   1|0x0000000080100000, 0x0000000080200000, 0x0000000080200000|100%|HC|  |TAMS 0x0000000080200000, 0x0000000080100000| Complete 
|   2|0x0000000080200000, 0x0000000080300000, 0x0000000080300000|100%|HC|  |TAMS 0x0000000080300000, 0x0000000080200000| Complete 
|   3|0x0000000080300000, 0x0000000080400000, 0x0000000080400000|100%|HC|  |TAMS 0x0000000080400000, 0x0000000080300000| Complete 
|   4|0x0000000080400000, 0x0000000080500000, 0x0000000080500000|100%| O|  |TAMS 0x0000000080500000, 0x0000000080400000| Untracked 
|   5|0x0000000080500000, 0x0000000080600000, 0x0000000080600000|100%| O|  |TAMS 0x0000000080600000, 0x0000000080500000| Updating 
|   6|0x0000000080600000, 0x0000000080700000, 0x0000000080700000|100%| O|  |TAMS 0x0000000080700000, 0x0000000080600000| Untracked 
|   7|0x0000000080700000, 0x0000000080800000, 0x0000000080800000|100%| O|  |TAMS 0x0000000080800000, 0x0000000080700000| Untracked 
|   8|0x0000000080800000, 0x0000000080900000, 0x0000000080900000|100%| O|  |TAMS 0x0000000080900000, 0x0000000080800000| Untracked 
|   9|0x0000000080900000, 0x0000000080a00000, 0x0000000080a00000|100%| O|  |TAMS 0x0000000080a00000, 0x0000000080900000| Untracked 
|  10|0x0000000080a00000, 0x0000000080b00000, 0x0000000080b00000|100%| O|  |TAMS 0x0000000080b00000, 0x0000000080a00000| Untracked 
|  11|0x0000000080b00000, 0x0000000080c00000, 0x0000000080c00000|100%| O|  |TAMS 0x0000000080c00000, 0x0000000080b00000| Untracked 
|  12|0x0000000080c00000, 0x0000000080d00000, 0x0000000080d00000|100%| O|  |TAMS 0x0000000080d00000, 0x0000000080c00000| Untracked 
|  13|0x0000000080d00000, 0x0000000080d08600, 0x0000000080e00000|  3%| O|  |TAMS 0x0000000080d08600, 0x0000000080d00000| Updating 
|  14|0x0000000080e00000, 0x0000000080f00000, 0x0000000080f00000|100%| O|  |TAMS 0x0000000080f00000, 0x0000000080e00000| Untracked 
|  15|0x0000000080f00000, 0x0000000081000000, 0x0000000081000000|100%| O|  |TAMS 0x0000000081000000, 0x0000000080f00000| Untracked 
|  16|0x0000000081000000, 0x0000000081100000, 0x0000000081100000|100%| O|  |TAMS 0x0000000081100000, 0x0000000081000000| Untracked 
|  17|0x0000000081100000, 0x0000000081200000, 0x0000000081200000|100%| O|  |TAMS 0x0000000081200000, 0x0000000081100000| Updating 
|  18|0x0000000081200000, 0x0000000081300000, 0x0000000081300000|100%| O|  |TAMS 0x0000000081300000, 0x0000000081200000| Untracked 
|  19|0x0000000081300000, 0x0000000081400000, 0x0000000081400000|100%| O|  |TAMS 0x0000000081400000, 0x0000000081300000| Untracked 
|  20|0x0000000081400000, 0x0000000081500000, 0x0000000081500000|100%| O|  |TAMS 0x0000000081500000, 0x0000000081400000| Untracked 
|  21|0x0000000081500000, 0x0000000081600000, 0x0000000081600000|100%| O|  |TAMS 0x0000000081600000, 0x0000000081500000| Untracked 
|  22|0x0000000081600000, 0x0000000081700000, 0x0000000081700000|100%| O|  |TAMS 0x0000000081700000, 0x0000000081600000| Untracked 
|  23|0x0000000081700000, 0x0000000081800000, 0x0000000081800000|100%| O|  |TAMS 0x0000000081800000, 0x0000000081700000| Updating 
|  24|0x0000000081800000, 0x0000000081900000, 0x0000000081900000|100%| O|  |TAMS 0x0000000081900000, 0x0000000081800000| Updating 
|  25|0x0000000081900000, 0x0000000081a00000, 0x0000000081a00000|100%| O|  |TAMS 0x0000000081a00000, 0x0000000081900000| Updating 
|  26|0x0000000081a00000, 0x0000000081b00000, 0x0000000081b00000|100%| O|  |TAMS 0x0000000081b00000, 0x0000000081a00000| Untracked 
|  27|0x0000000081b00000, 0x0000000081c00000, 0x0000000081c00000|100%| O|  |TAMS 0x0000000081c00000, 0x0000000081b00000| Untracked 
|  28|0x0000000081c00000, 0x0000000081d00000, 0x0000000081d00000|100%| O|  |TAMS 0x0000000081d00000, 0x0000000081c00000| Untracked 
|  29|0x0000000081d00000, 0x0000000081e00000, 0x0000000081e00000|100%| O|  |TAMS 0x0000000081e00000, 0x0000000081d00000| Untracked 
|  30|0x0000000081e00000, 0x0000000081f00000, 0x0000000081f00000|100%| O|  |TAMS 0x0000000081f00000, 0x0000000081e00000| Untracked 
|  31|0x0000000081f00000, 0x0000000082000000, 0x0000000082000000|100%| O|  |TAMS 0x0000000082000000, 0x0000000081f00000| Updating 
|  32|0x0000000082000000, 0x0000000082100000, 0x0000000082100000|100%| O|  |TAMS 0x0000000082100000, 0x0000000082000000| Untracked 
|  33|0x0000000082100000, 0x0000000082200000, 0x0000000082200000|100%| O|  |TAMS 0x0000000082200000, 0x0000000082100000| Untracked 
|  34|0x0000000082200000, 0x0000000082300000, 0x0000000082300000|100%| O|  |TAMS 0x0000000082300000, 0x0000000082200000| Untracked 
|  35|0x0000000082300000, 0x0000000082400000, 0x0000000082400000|100%| O|  |TAMS 0x0000000082400000, 0x0000000082300000| Untracked 
|  36|0x0000000082400000, 0x0000000082500000, 0x0000000082500000|100%| O|  |TAMS 0x00000000824a3600, 0x0000000082400000| Updating 
|  37|0x0000000082500000, 0x0000000082600000, 0x0000000082600000|100%|HS|  |TAMS 0x0000000082600000, 0x0000000082500000| Complete 
|  38|0x0000000082600000, 0x0000000082700000, 0x0000000082700000|100%|HS|  |TAMS 0x0000000082700000, 0x0000000082600000| Complete 
|  39|0x0000000082700000, 0x0000000082800000, 0x0000000082800000|100%| O|  |TAMS 0x0000000082700000, 0x0000000082700000| Untracked 
|  40|0x0000000082800000, 0x0000000082900000, 0x0000000082900000|100%| O|  |TAMS 0x0000000082800000, 0x0000000082800000| Untracked 
|  41|0x0000000082900000, 0x000000008296b400, 0x0000000082a00000| 41%| O|  |TAMS 0x0000000082900000, 0x0000000082900000| Updating 
|  42|0x0000000082a00000, 0x0000000082b00000, 0x0000000082b00000|100%|HS|  |TAMS 0x0000000082a00000, 0x0000000082a00000| Complete 
|  43|0x0000000082b00000, 0x0000000082c00000, 0x0000000082c00000|100%|HC|  |TAMS 0x0000000082b00000, 0x0000000082b00000| Complete 
|  44|0x0000000082c00000, 0x0000000082d00000, 0x0000000082d00000|100%|HS|  |TAMS 0x0000000082c00000, 0x0000000082c00000| Complete 
|  45|0x0000000082d00000, 0x0000000082d00000, 0x0000000082e00000|  0%| F|  |TAMS 0x0000000082d00000, 0x0000000082d00000| Untracked 
|  46|0x0000000082e00000, 0x0000000082e00000, 0x0000000082f00000|  0%| F|  |TAMS 0x0000000082e00000, 0x0000000082e00000| Untracked 
|  47|0x0000000082f00000, 0x0000000082f00000, 0x0000000083000000|  0%| F|  |TAMS 0x0000000082f00000, 0x0000000082f00000| Untracked 
|  48|0x0000000083000000, 0x0000000083000000, 0x0000000083100000|  0%| F|  |TAMS 0x0000000083000000, 0x0000000083000000| Untracked 
|  49|0x0000000083100000, 0x0000000083100000, 0x0000000083200000|  0%| F|  |TAMS 0x0000000083100000, 0x0000000083100000| Untracked 
|  50|0x0000000083200000, 0x0000000083200000, 0x0000000083300000|  0%| F|  |TAMS 0x0000000083200000, 0x0000000083200000| Untracked 
|  51|0x0000000083300000, 0x0000000083300000, 0x0000000083400000|  0%| F|  |TAMS 0x0000000083300000, 0x0000000083300000| Untracked 
|  52|0x0000000083400000, 0x0000000083400000, 0x0000000083500000|  0%| F|  |TAMS 0x0000000083400000, 0x0000000083400000| Untracked 
|  53|0x0000000083500000, 0x0000000083500000, 0x0000000083600000|  0%| F|  |TAMS 0x0000000083500000, 0x0000000083500000| Untracked 
|  54|0x0000000083600000, 0x0000000083600000, 0x0000000083700000|  0%| F|  |TAMS 0x0000000083600000, 0x0000000083600000| Untracked 
|  55|0x0000000083700000, 0x0000000083700000, 0x0000000083800000|  0%| F|  |TAMS 0x0000000083700000, 0x0000000083700000| Untracked 
|  56|0x0000000083800000, 0x0000000083800000, 0x0000000083900000|  0%| F|  |TAMS 0x0000000083800000, 0x0000000083800000| Untracked 
|  57|0x0000000083900000, 0x0000000083900000, 0x0000000083a00000|  0%| F|  |TAMS 0x0000000083900000, 0x0000000083900000| Untracked 
|  58|0x0000000083a00000, 0x0000000083a00000, 0x0000000083b00000|  0%| F|  |TAMS 0x0000000083a00000, 0x0000000083a00000| Untracked 
|  59|0x0000000083b00000, 0x0000000083b00000, 0x0000000083c00000|  0%| F|  |TAMS 0x0000000083b00000, 0x0000000083b00000| Untracked 
|  60|0x0000000083c00000, 0x0000000083c00000, 0x0000000083d00000|  0%| F|  |TAMS 0x0000000083c00000, 0x0000000083c00000| Untracked 
|  61|0x0000000083d00000, 0x0000000083d00000, 0x0000000083e00000|  0%| F|  |TAMS 0x0000000083d00000, 0x0000000083d00000| Untracked 
|  62|0x0000000083e00000, 0x0000000083e00000, 0x0000000083f00000|  0%| F|  |TAMS 0x0000000083e00000, 0x0000000083e00000| Untracked 
|  63|0x0000000083f00000, 0x0000000083f00000, 0x0000000084000000|  0%| F|  |TAMS 0x0000000083f00000, 0x0000000083f00000| Untracked 
|  64|0x0000000084000000, 0x0000000084000000, 0x0000000084100000|  0%| F|  |TAMS 0x0000000084000000, 0x0000000084000000| Untracked 
|  65|0x0000000084100000, 0x0000000084100000, 0x0000000084200000|  0%| F|  |TAMS 0x0000000084100000, 0x0000000084100000| Untracked 
|  66|0x0000000084200000, 0x0000000084200000, 0x0000000084300000|  0%| F|  |TAMS 0x0000000084200000, 0x0000000084200000| Untracked 
|  67|0x0000000084300000, 0x0000000084300000, 0x0000000084400000|  0%| F|  |TAMS 0x0000000084300000, 0x0000000084300000| Untracked 
|  68|0x0000000084400000, 0x000000008446e1f8, 0x0000000084500000| 43%| S|CS|TAMS 0x0000000084400000, 0x0000000084400000| Complete 
|  69|0x0000000084500000, 0x0000000084600000, 0x0000000084600000|100%| S|CS|TAMS 0x0000000084500000, 0x0000000084500000| Complete 
|  70|0x0000000084600000, 0x0000000084600000, 0x0000000084700000|  0%| F|  |TAMS 0x0000000084600000, 0x0000000084600000| Untracked 
|  95|0x0000000085f00000, 0x0000000085fef0d8, 0x0000000086000000| 93%| E|  |TAMS 0x0000000085f00000, 0x0000000085f00000| Complete 

Card table byte_map: [0x000001c8cc1d0000,0x000001c8cc5d0000] _byte_map_base: 0x000001c8cbdd0000

Marking Bits (Prev, Next): (CMBitMap*) 0x000001c8b962a7b0, (CMBitMap*) 0x000001c8b962a770
 Prev Bits: [0x000001c8ce9d0000, 0x000001c8d09d0000)
 Next Bits: [0x000001c8cc9d0000, 0x000001c8ce9d0000)

Polling page: 0x000001c8b7550000

Metaspace:

Usage:
  Non-class:     44.43 MB used.
      Class:      7.01 MB used.
       Both:     51.44 MB used.

Virtual space:
  Non-class space:       64.00 MB reserved,      44.75 MB ( 70%) committed,  1 nodes.
      Class space:        1.00 GB reserved,       7.25 MB ( <1%) committed,  1 nodes.
             Both:        1.06 GB reserved,      52.00 MB (  5%) committed. 

Chunk freelists:
   Non-Class:  3.05 MB
       Class:  8.75 MB
        Both:  11.80 MB

MaxMetaspaceSize: unlimited
CompressedClassSpaceSize: 1.00 GB
Initial GC threshold: 21.00 MB
Current GC threshold: 86.56 MB
CDS: off
MetaspaceReclaimPolicy: balanced
 - commit_granule_bytes: 65536.
 - commit_granule_words: 8192.
 - virtual_space_node_default_size: 8388608.
 - enlarge_chunks_in_place: 1.
 - new_chunks_are_fully_committed: 0.
 - uncommit_free_chunks: 1.
 - use_allocation_guard: 0.
 - handle_deallocations: 1.


Internal statistics:

num_allocs_failed_limit: 6.
num_arena_births: 596.
num_arena_deaths: 0.
num_vsnodes_births: 2.
num_vsnodes_deaths: 0.
num_space_committed: 832.
num_space_uncommitted: 0.
num_chunks_returned_to_freelist: 6.
num_chunks_taken_from_freelist: 2296.
num_chunk_merges: 6.
num_chunk_splits: 1524.
num_chunks_enlarged: 1034.
num_inconsistent_stats: 0.

CodeHeap 'non-profiled nmethods': size=120000Kb used=2434Kb max_used=3327Kb free=117565Kb
 bounds [0x000001c8c4570000, 0x000001c8c48b0000, 0x000001c8cbaa0000]
CodeHeap 'profiled nmethods': size=120000Kb used=9053Kb max_used=11071Kb free=110946Kb
 bounds [0x000001c8bcaa0000, 0x000001c8bd570000, 0x000001c8c3fd0000]
CodeHeap 'non-nmethods': size=5760Kb used=1621Kb max_used=1671Kb free=4138Kb
 bounds [0x000001c8c3fd0000, 0x000001c8c4240000, 0x000001c8c4570000]
 total_blobs=5705 nmethods=5014 adapters=603
 compilation: enabled
              stopped_count=0, restarted_count=0
 full_count=0

Compilation events (20 events):
Event: 16.564 Thread 0x000001c8d3623960 5861 %     4       java.util.zip.ZipFile$Source::initCEN @ 240 (591 bytes)
Event: 16.568 Thread 0x000001c8d3454b90 nmethod 5860 0x000001c8c465ec10 code [0x000001c8c465ed80, 0x000001c8c465ef18]
Event: 16.574 Thread 0x000001c8d35ccba0 5862       3       java.util.ArrayDeque::addFirst (51 bytes)
Event: 16.574 Thread 0x000001c8d35ccba0 nmethod 5862 0x000001c8bcd23f10 code [0x000001c8bcd240e0, 0x000001c8bcd24578]
Event: 16.582 Thread 0x000001c8d3454b90 5863       4       java.io.WinNTFileSystem::prefixLength (91 bytes)
Event: 16.586 Thread 0x000001c8d3454b90 nmethod 5863 0x000001c8c45cbc10 code [0x000001c8c45cbdc0, 0x000001c8c45cc168]
Event: 16.593 Thread 0x000001c8d35ccba0 5864       3       jdk.internal.loader.URLClassPath$3::run (172 bytes)
Event: 16.595 Thread 0x000001c8d35ccba0 nmethod 5864 0x000001c8bcb37510 code [0x000001c8bcb37840, 0x000001c8bcb389e8]
Event: 16.595 Thread 0x000001c8d35ccba0 5865       3       jdk.internal.loader.URLClassPath$Loader::<init> (10 bytes)
Event: 16.595 Thread 0x000001c8d35ccba0 nmethod 5865 0x000001c8bcac7a10 code [0x000001c8bcac7ba0, 0x000001c8bcac7d58]
Event: 16.597 Thread 0x000001c8d35ccba0 5866   !   3       jdk.internal.loader.URLClassPath$JarLoader$1::run (175 bytes)
Event: 16.598 Thread 0x000001c8d35ccba0 nmethod 5866 0x000001c8bcaa0010 code [0x000001c8bcaa0240, 0x000001c8bcaa0998]
Event: 16.598 Thread 0x000001c8d35ccba0 5867       3       jdk.internal.loader.URLClassPath$JarLoader::getJarFile (102 bytes)
Event: 16.599 Thread 0x000001c8d35ccba0 nmethod 5867 0x000001c8bcb2d810 code [0x000001c8bcb2dae0, 0x000001c8bcb2e7c8]
Event: 16.599 Thread 0x000001c8d35ccba0 5868       3       jdk.internal.loader.URLClassPath$JarLoader::isOptimizable (10 bytes)
Event: 16.600 Thread 0x000001c8d35ccba0 nmethod 5868 0x000001c8bcae2010 code [0x000001c8bcae21c0, 0x000001c8bcae2328]
Event: 16.600 Thread 0x000001c8d35ccba0 5869       3       jdk.internal.loader.FileURLMapper::<init> (10 bytes)
Event: 16.600 Thread 0x000001c8d35ccba0 nmethod 5869 0x000001c8bcb13110 code [0x000001c8bcb132a0, 0x000001c8bcb13458]
Event: 16.600 Thread 0x000001c8d35ccba0 5870       3       jdk.internal.loader.FileURLMapper::exists (19 bytes)
Event: 16.600 Thread 0x000001c8d35ccba0 nmethod 5870 0x000001c8bcdbb590 code [0x000001c8bcdbb7a0, 0x000001c8bcdbbdc8]

GC Heap History (20 events):
Event: 7.466 GC heap before
{Heap before GC invocations=6 (full 0):
 garbage-first heap   total 71680K, used 51521K [0x0000000080000000, 0x0000000100000000)
  region size 1024K, 32 young (32768K), 4 survivors (4096K)
 Metaspace       used 34270K, committed 34624K, reserved 1114112K
  class space    used 4680K, committed 4864K, reserved 1048576K
}
Event: 7.471 GC heap after
{Heap after GC invocations=7 (full 0):
 garbage-first heap   total 71680K, used 24221K [0x0000000080000000, 0x0000000100000000)
  region size 1024K, 3 young (3072K), 3 survivors (3072K)
 Metaspace       used 34270K, committed 34624K, reserved 1114112K
  class space    used 4680K, committed 4864K, reserved 1048576K
}
Event: 7.740 GC heap before
{Heap before GC invocations=7 (full 0):
 garbage-first heap   total 71680K, used 30365K [0x0000000080000000, 0x0000000100000000)
  region size 1024K, 11 young (11264K), 3 survivors (3072K)
 Metaspace       used 35649K, committed 35968K, reserved 1114112K
  class space    used 4833K, committed 4992K, reserved 1048576K
}
Event: 7.744 GC heap after
{Heap after GC invocations=8 (full 0):
 garbage-first heap   total 71680K, used 25508K [0x0000000080000000, 0x0000000100000000)
  region size 1024K, 3 young (3072K), 3 survivors (3072K)
 Metaspace       used 35649K, committed 35968K, reserved 1114112K
  class space    used 4833K, committed 4992K, reserved 1048576K
}
Event: 8.640 GC heap before
{Heap before GC invocations=9 (full 0):
 garbage-first heap   total 71680K, used 53156K [0x0000000080000000, 0x0000000100000000)
  region size 1024K, 31 young (31744K), 3 survivors (3072K)
 Metaspace       used 39975K, committed 40384K, reserved 1114112K
  class space    used 5277K, committed 5504K, reserved 1048576K
}
Event: 8.647 GC heap after
{Heap after GC invocations=10 (full 0):
 garbage-first heap   total 71680K, used 29213K [0x0000000080000000, 0x0000000100000000)
  region size 1024K, 4 young (4096K), 4 survivors (4096K)
 Metaspace       used 39975K, committed 40384K, reserved 1114112K
  class space    used 5277K, committed 5504K, reserved 1048576K
}
Event: 9.350 GC heap before
{Heap before GC invocations=10 (full 0):
 garbage-first heap   total 71680K, used 55837K [0x0000000080000000, 0x0000000100000000)
  region size 1024K, 29 young (29696K), 4 survivors (4096K)
 Metaspace       used 42041K, committed 42432K, reserved 1114112K
  class space    used 5499K, committed 5696K, reserved 1048576K
}
Event: 9.355 GC heap after
{Heap after GC invocations=11 (full 0):
 garbage-first heap   total 71680K, used 29750K [0x0000000080000000, 0x0000000100000000)
  region size 1024K, 2 young (2048K), 2 survivors (2048K)
 Metaspace       used 42041K, committed 42432K, reserved 1114112K
  class space    used 5499K, committed 5696K, reserved 1048576K
}
Event: 10.435 GC heap before
{Heap before GC invocations=11 (full 0):
 garbage-first heap   total 71680K, used 54326K [0x0000000080000000, 0x0000000100000000)
  region size 1024K, 27 young (27648K), 2 survivors (2048K)
 Metaspace       used 45123K, committed 45568K, reserved 1114112K
  class space    used 6035K, committed 6208K, reserved 1048576K
}
Event: 10.440 GC heap after
{Heap after GC invocations=12 (full 0):
 garbage-first heap   total 71680K, used 31583K [0x0000000080000000, 0x0000000100000000)
  region size 1024K, 4 young (4096K), 4 survivors (4096K)
 Metaspace       used 45123K, committed 45568K, reserved 1114112K
  class space    used 6035K, committed 6208K, reserved 1048576K
}
Event: 11.417 GC heap before
{Heap before GC invocations=12 (full 0):
 garbage-first heap   total 71680K, used 55135K [0x0000000080000000, 0x0000000100000000)
  region size 1024K, 27 young (27648K), 4 survivors (4096K)
 Metaspace       used 48183K, committed 48576K, reserved 1114112K
  class space    used 6545K, committed 6720K, reserved 1048576K
}
Event: 11.423 GC heap after
{Heap after GC invocations=13 (full 0):
 garbage-first heap   total 71680K, used 33046K [0x0000000080000000, 0x0000000100000000)
  region size 1024K, 4 young (4096K), 4 survivors (4096K)
 Metaspace       used 48183K, committed 48576K, reserved 1114112K
  class space    used 6545K, committed 6720K, reserved 1048576K
}
Event: 12.550 GC heap before
{Heap before GC invocations=13 (full 0):
 garbage-first heap   total 71680K, used 56598K [0x0000000080000000, 0x0000000100000000)
  region size 1024K, 27 young (27648K), 4 survivors (4096K)
 Metaspace       used 50888K, committed 51392K, reserved 1114112K
  class space    used 6952K, committed 7232K, reserved 1048576K
}
Event: 12.555 GC heap after
{Heap after GC invocations=14 (full 0):
 garbage-first heap   total 71680K, used 34163K [0x0000000080000000, 0x0000000100000000)
  region size 1024K, 3 young (3072K), 3 survivors (3072K)
 Metaspace       used 50888K, committed 51392K, reserved 1114112K
  class space    used 6952K, committed 7232K, reserved 1048576K
}
Event: 15.979 GC heap before
{Heap before GC invocations=14 (full 0):
 garbage-first heap   total 71680K, used 55667K [0x0000000080000000, 0x0000000100000000)
  region size 1024K, 25 young (25600K), 3 survivors (3072K)
 Metaspace       used 52319K, committed 52800K, reserved 1114112K
  class space    used 7134K, committed 7360K, reserved 1048576K
}
Event: 15.986 GC heap after
{Heap after GC invocations=15 (full 0):
 garbage-first heap   total 71680K, used 36892K [0x0000000080000000, 0x0000000100000000)
  region size 1024K, 4 young (4096K), 4 survivors (4096K)
 Metaspace       used 52319K, committed 52800K, reserved 1114112K
  class space    used 7134K, committed 7360K, reserved 1048576K
}
Event: 16.476 GC heap before
{Heap before GC invocations=16 (full 0):
 garbage-first heap   total 71680K, used 51228K [0x0000000080000000, 0x0000000100000000)
  region size 1024K, 20 young (20480K), 4 survivors (4096K)
 Metaspace       used 52662K, committed 53184K, reserved 1114112K
  class space    used 7177K, committed 7424K, reserved 1048576K
}
Event: 16.482 GC heap after
{Heap after GC invocations=17 (full 0):
 garbage-first heap   total 71680K, used 39320K [0x0000000080000000, 0x0000000100000000)
  region size 1024K, 3 young (3072K), 3 survivors (3072K)
 Metaspace       used 52662K, committed 53184K, reserved 1114112K
  class space    used 7177K, committed 7424K, reserved 1048576K
}
Event: 16.555 GC heap before
{Heap before GC invocations=18 (full 0):
 garbage-first heap   total 73728K, used 42392K [0x0000000080000000, 0x0000000100000000)
  region size 1024K, 5 young (5120K), 3 survivors (3072K)
 Metaspace       used 52662K, committed 53184K, reserved 1114112K
  class space    used 7177K, committed 7424K, reserved 1048576K
}
Event: 16.559 GC heap after
{Heap after GC invocations=19 (full 0):
 garbage-first heap   total 73728K, used 42886K [0x0000000080000000, 0x0000000100000000)
  region size 1024K, 2 young (2048K), 2 survivors (2048K)
 Metaspace       used 52662K, committed 53184K, reserved 1114112K
  class space    used 7177K, committed 7424K, reserved 1048576K
}

Dll operation events (3 events):
Event: 0.019 Loaded shared library C:\Program Files\Android\Android Studio\jbr\bin\java.dll
Event: 0.266 Loaded shared library C:\Program Files\Android\Android Studio\jbr\bin\zip.dll
Event: 0.869 Loaded shared library C:\Program Files\Android\Android Studio\jbr\bin\verify.dll

Deoptimization events (20 events):
Event: 16.310 Thread 0x000001c8d95da850 Uncommon trap: trap_request=0xffffff3d fr.pc=0x000001c8c4774554 relative=0x0000000000000cb4
Event: 16.310 Thread 0x000001c8d95da850 Uncommon trap: reason=unstable_fused_if action=reinterpret pc=0x000001c8c4774554 method=org.objectweb.asm.ByteVector.putUTF8(Ljava/lang/String;)Lorg/objectweb/asm/ByteVector; @ 93 c2
Event: 16.310 Thread 0x000001c8d95da850 DEOPT PACKING pc=0x000001c8c4774554 sp=0x000000108c3f8820
Event: 16.310 Thread 0x000001c8d95da850 DEOPT UNPACKING pc=0x000001c8c40269a3 sp=0x000000108c3f8778 mode 2
Event: 16.313 Thread 0x000001c8d95da850 Uncommon trap: trap_request=0xffffff3d fr.pc=0x000001c8c46b0ad0 relative=0x0000000000000210
Event: 16.313 Thread 0x000001c8d95da850 Uncommon trap: reason=unstable_fused_if action=reinterpret pc=0x000001c8c46b0ad0 method=org.objectweb.asm.ByteVector.putUTF8(Ljava/lang/String;)Lorg/objectweb/asm/ByteVector; @ 93 c2
Event: 16.313 Thread 0x000001c8d95da850 DEOPT PACKING pc=0x000001c8c46b0ad0 sp=0x000000108c3f7d30
Event: 16.313 Thread 0x000001c8d95da850 DEOPT UNPACKING pc=0x000001c8c40269a3 sp=0x000000108c3f7cb0 mode 2
Event: 16.328 Thread 0x000001c8d95da850 Uncommon trap: trap_request=0xffffff45 fr.pc=0x000001c8c47b809c relative=0x000000000000007c
Event: 16.328 Thread 0x000001c8d95da850 Uncommon trap: reason=unstable_if action=reinterpret pc=0x000001c8c47b809c method=java.util.Spliterator.getExactSizeIfKnown()J @ 9 c2
Event: 16.328 Thread 0x000001c8d95da850 DEOPT PACKING pc=0x000001c8c47b809c sp=0x000000108c3fab10
Event: 16.328 Thread 0x000001c8d95da850 DEOPT UNPACKING pc=0x000001c8c40269a3 sp=0x000000108c3faaa8 mode 2
Event: 16.390 Thread 0x000001c8d95da850 DEOPT PACKING pc=0x000001c8bcb42993 sp=0x000000108c3f8d00
Event: 16.390 Thread 0x000001c8d95da850 DEOPT UNPACKING pc=0x000001c8c4027143 sp=0x000000108c3f8238 mode 0
Event: 16.466 Thread 0x000001c8d95da850 Uncommon trap: trap_request=0xfffffff4 fr.pc=0x000001c8c4845384 relative=0x00000000000006a4
Event: 16.466 Thread 0x000001c8d95da850 Uncommon trap: reason=null_check action=make_not_entrant pc=0x000001c8c4845384 method=org.gradle.util.internal.SimpleMapInterner.intern(Ljava/lang/Object;)Ljava/lang/Object; @ 2 c2
Event: 16.466 Thread 0x000001c8d95da850 DEOPT PACKING pc=0x000001c8c4845384 sp=0x000000108c3f9610
Event: 16.466 Thread 0x000001c8d95da850 DEOPT UNPACKING pc=0x000001c8c40269a3 sp=0x000000108c3f95d8 mode 2
Event: 16.563 Thread 0x000001c8d95da850 DEOPT PACKING pc=0x000001c8bcb76a3d sp=0x000000108c3f8c00
Event: 16.563 Thread 0x000001c8d95da850 DEOPT UNPACKING pc=0x000001c8c4027143 sp=0x000000108c3f8088 mode 0

Classes unloaded (0 events):
No events

Classes redefined (0 events):
No events

Internal exceptions (20 events):
Event: 11.665 Thread 0x000001c8d95da850 Exception <a 'java/lang/NoSuchMethodError'{0x0000000083f61fe0}: 'java.lang.Object java.lang.invoke.DirectMethodHandle$Holder.invokeSpecial(java.lang.Object, java.lang.Object, java.lang.Object, java.lang.Object, java.lang.Object, java.lang.Object, java.lang.Object, java.lang.Object, java.lang.Object, java.lang.Object, java.lang.Object, java.lang.Object, java.lang.Object, java.lang.Object, java.lang.Object, java.lang.Object, java.lang.Object, java.lang.Object, java.lang.Object, java.lang.Object, java.lang.Ob
Event: 11.665 Thread 0x000001c8d95da850 Exception <a 'java/lang/NoSuchMethodError'{0x0000000083f67c28}: 'java.lang.Object java.lang.invoke.Invokers$Holder.invoker(java.lang.Object, java.lang.Object, java.lang.Object, java.lang.Object, java.lang.Object, java.lang.Object, java.lang.Object, java.lang.Object, java.lang.Object, java.lang.Object, java.lang.Object, java.lang.Object, java.lang.Object, java.lang.Object, java.lang.Object, java.lang.Object, java.lang.Object, java.lang.Object, java.lang.Object, java.lang.Object, java.lang.Object)'> (0x00000
Event: 11.666 Thread 0x000001c8d95da850 Exception <a 'java/lang/NoSuchMethodError'{0x0000000083f6e288}: 'java.lang.Object java.lang.invoke.DelegatingMethodHandle$Holder.delegate(java.lang.Object, java.lang.Object, java.lang.Object, java.lang.Object, java.lang.Object, java.lang.Object, java.lang.Object, java.lang.Object, java.lang.Object, java.lang.Object, java.lang.Object, java.lang.Object, java.lang.Object, java.lang.Object, java.lang.Object, java.lang.Object, java.lang.Object, java.lang.Object, java.lang.Object, java.lang.Object, java.lang.Obj
Event: 12.464 Thread 0x000001c8d95da850 Exception <a 'java/lang/NoSuchMethodError'{0x00000000831f3a80}: 'int java.lang.invoke.DirectMethodHandle$Holder.invokeSpecialIFC(java.lang.Object, java.lang.Object, java.lang.Object)'> (0x00000000831f3a80) 
thrown [s\src\hotspot\share\interpreter\linkResolver.cpp, line 771]
Event: 12.588 Thread 0x000001c8d95da850 Exception <a 'java/lang/NoSuchMethodError'{0x000000008440bb18}: 'int java.lang.invoke.DirectMethodHandle$Holder.invokeStatic(java.lang.Object)'> (0x000000008440bb18) 
thrown [s\src\hotspot\share\interpreter\linkResolver.cpp, line 771]
Event: 12.589 Thread 0x000001c8d95da850 Exception <a 'java/lang/NoSuchMethodError'{0x00000000844101b0}: 'int java.lang.invoke.DirectMethodHandle$Holder.invokeStaticInit(java.lang.Object)'> (0x00000000844101b0) 
thrown [s\src\hotspot\share\interpreter\linkResolver.cpp, line 771]
Event: 12.603 Thread 0x000001c8d95da850 Exception <a 'java/lang/NoSuchMethodError'{0x00000000844a04e0}: 'java.lang.Object java.lang.invoke.DirectMethodHandle$Holder.newInvokeSpecial(java.lang.Object, java.lang.Object, java.lang.Object, java.lang.Object, java.lang.Object, int)'> (0x00000000844a04e0) 
thrown [s\src\hotspot\share\interpreter\linkResolver.cpp, line 771]
Event: 12.604 Thread 0x000001c8d95da850 Exception <a 'java/lang/NoSuchMethodError'{0x00000000844a5b38}: 'java.lang.Object java.lang.invoke.DirectMethodHandle$Holder.invokeSpecial(java.lang.Object, java.lang.Object, java.lang.Object, java.lang.Object, java.lang.Object, java.lang.Object, int)'> (0x00000000844a5b38) 
thrown [s\src\hotspot\share\interpreter\linkResolver.cpp, line 771]
Event: 12.628 Thread 0x000001c8d95da850 Exception <a 'java/lang/NoSuchMethodError'{0x000000008438be38}: 'void java.lang.invoke.DirectMethodHandle$Holder.invokeStatic(java.lang.Object, java.lang.Object, java.lang.Object, int, java.lang.Object)'> (0x000000008438be38) 
thrown [s\src\hotspot\share\interpreter\linkResolver.cpp, line 771]
Event: 12.897 Thread 0x000001c8d95da850 Exception <a 'java/lang/NoSuchMethodError'{0x0000000083f98470}: 'java.lang.Object java.lang.invoke.DirectMethodHandle$Holder.newInvokeSpecial(java.lang.Object, java.lang.Object, int)'> (0x0000000083f98470) 
thrown [s\src\hotspot\share\interpreter\linkResolver.cpp, line 771]
Event: 16.322 Thread 0x000001c8d95da850 Exception <a 'java/lang/NoSuchMethodError'{0x0000000083b5db18}: 'long java.lang.invoke.DirectMethodHandle$Holder.invokeVirtual(java.lang.Object, java.lang.Object)'> (0x0000000083b5db18) 
thrown [s\src\hotspot\share\interpreter\linkResolver.cpp, line 771]
Event: 16.331 Thread 0x000001c8d9b19880 Exception <a 'java/lang/NoSuchMethodError'{0x0000000083bb8440}: static Lorg/gradle/internal/build/event/types/DefaultOperationFinishedProgressEvent;.<clinit>()V> (0x0000000083bb8440) 
thrown [s\src\hotspot\share\prims\jni.cpp, line 1127]
Event: 16.335 Thread 0x000001c8d9b19880 Exception <a 'java/lang/NoSuchMethodError'{0x0000000083be2488}: static Lorg/gradle/internal/build/event/types/DefaultProjectConfigurationSuccessResult;.<clinit>()V> (0x0000000083be2488) 
thrown [s\src\hotspot\share\prims\jni.cpp, line 1127]
Event: 16.335 Thread 0x000001c8d9b19880 Exception <a 'java/lang/NoSuchMethodError'{0x0000000083be3738}: static Lorg/gradle/internal/build/event/types/AbstractProjectConfigurationResult;.<clinit>()V> (0x0000000083be3738) 
thrown [s\src\hotspot\share\prims\jni.cpp, line 1127]
Event: 16.335 Thread 0x000001c8d9b19880 Exception <a 'java/lang/NoSuchMethodError'{0x0000000083be5148}: static Lorg/gradle/internal/build/event/types/AbstractOperationResult;.<clinit>()V> (0x0000000083be5148) 
thrown [s\src\hotspot\share\prims\jni.cpp, line 1127]
Event: 16.335 Thread 0x000001c8d9b19880 Exception <a 'java/lang/NoSuchMethodError'{0x0000000083be6368}: static Lorg/gradle/internal/build/event/types/AbstractResult;.<clinit>()V> (0x0000000083be6368) 
thrown [s\src\hotspot\share\prims\jni.cpp, line 1127]
Event: 16.338 Thread 0x000001c8d9b19880 Exception <a 'java/lang/NoSuchMethodError'{0x0000000083bfe6e8}: static Lorg/gradle/internal/build/event/types/DefaultPluginApplicationResult;.<clinit>()V> (0x0000000083bfe6e8) 
thrown [s\src\hotspot\share\prims\jni.cpp, line 1127]
Event: 16.339 Thread 0x000001c8d9b19880 Exception <a 'java/lang/NoSuchMethodError'{0x0000000083a62410}: static Lorg/gradle/internal/build/event/types/DefaultBinaryPluginIdentifier;.<clinit>()V> (0x0000000083a62410) 
thrown [s\src\hotspot\share\prims\jni.cpp, line 1127]
Event: 16.344 Thread 0x000001c8d9b19880 Exception <a 'java/lang/NoSuchMethodError'{0x0000000083a884f8}: static Lorg/gradle/internal/build/event/types/DefaultScriptPluginIdentifier;.<clinit>()V> (0x0000000083a884f8) 
thrown [s\src\hotspot\share\prims\jni.cpp, line 1127]
Event: 16.466 Thread 0x000001c8d95da850 Implicit null exception at 0x000001c8c4844d12 to 0x000001c8c4845374

VM Operations (20 events):
Event: 16.038 Executing VM operation: G1PauseCleanup done
Event: 16.326 Executing VM operation: HandshakeAllThreads
Event: 16.326 Executing VM operation: HandshakeAllThreads done
Event: 16.395 Executing VM operation: HandshakeAllThreads
Event: 16.395 Executing VM operation: HandshakeAllThreads done
Event: 16.433 Executing VM operation: HandshakeAllThreads
Event: 16.434 Executing VM operation: HandshakeAllThreads done
Event: 16.466 Executing VM operation: ICBufferFull
Event: 16.466 Executing VM operation: ICBufferFull done
Event: 16.476 Executing VM operation: G1TryInitiateConcMark
Event: 16.483 Executing VM operation: G1TryInitiateConcMark done
Event: 16.523 Executing VM operation: G1PauseRemark
Event: 16.526 Executing VM operation: G1PauseRemark done
Event: 16.542 Executing VM operation: G1PauseCleanup
Event: 16.542 Executing VM operation: G1PauseCleanup done
Event: 16.555 Executing VM operation: G1TryInitiateConcMark
Event: 16.559 Executing VM operation: G1TryInitiateConcMark done
Event: 16.564 Executing VM operation: HandshakeAllThreads
Event: 16.564 Executing VM operation: HandshakeAllThreads done
Event: 16.601 Executing VM operation: G1PauseRemark

Events (20 events):
Event: 16.574 Thread 0x000001c8d35cf4c0 flushing nmethod 0x000001c8bd333d10
Event: 16.574 Thread 0x000001c8d35cf4c0 flushing nmethod 0x000001c8bd334010
Event: 16.574 Thread 0x000001c8d35cf4c0 flushing nmethod 0x000001c8bd338690
Event: 16.574 Thread 0x000001c8d35cf4c0 flushing nmethod 0x000001c8bd33a890
Event: 16.574 Thread 0x000001c8d35cf4c0 flushing nmethod 0x000001c8bd33b710
Event: 16.574 Thread 0x000001c8d35cf4c0 flushing nmethod 0x000001c8bd33ee90
Event: 16.574 Thread 0x000001c8d35cf4c0 flushing nmethod 0x000001c8bd340a10
Event: 16.575 Thread 0x000001c8d35cf4c0 flushing nmethod 0x000001c8bd340e90
Event: 16.575 Thread 0x000001c8d35cf4c0 flushing nmethod 0x000001c8bd342410
Event: 16.575 Thread 0x000001c8d35cf4c0 flushing nmethod 0x000001c8bd342710
Event: 16.575 Thread 0x000001c8d35cf4c0 flushing nmethod 0x000001c8bd343c10
Event: 16.575 Thread 0x000001c8d35cf4c0 flushing nmethod 0x000001c8bd346a90
Event: 16.575 Thread 0x000001c8d35cf4c0 flushing nmethod 0x000001c8bd347390
Event: 16.575 Thread 0x000001c8d35cf4c0 flushing nmethod 0x000001c8bd36f010
Event: 16.575 Thread 0x000001c8d35cf4c0 flushing nmethod 0x000001c8bd3dc590
Event: 16.576 Thread 0x000001c8d35cf4c0 flushing nmethod 0x000001c8bd455490
Event: 16.576 Thread 0x000001c8d35cf4c0 flushing nmethod 0x000001c8bd456d10
Event: 16.576 Thread 0x000001c8d35cf4c0 flushing nmethod 0x000001c8bd48fe10
Event: 16.577 Thread 0x000001c8d35cf4c0 flushing nmethod 0x000001c8bd4a1690
Event: 16.577 Thread 0x000001c8d35cf4c0 flushing nmethod 0x000001c8bd4a1a10


Dynamic libraries:
0x00007ff6f1e60000 - 0x00007ff6f1e6a000 	C:\Program Files\Android\Android Studio\jbr\bin\java.exe
0x00007ff8b5a90000 - 0x00007ff8b5ca7000 	C:\WINDOWS\SYSTEM32\ntdll.dll
0x00007ff8b4470000 - 0x00007ff8b4534000 	C:\WINDOWS\System32\KERNEL32.DLL
0x00007ff8b32c0000 - 0x00007ff8b366d000 	C:\WINDOWS\System32\KERNELBASE.dll
0x00007ff8b2f10000 - 0x00007ff8b3021000 	C:\WINDOWS\System32\ucrtbase.dll
0x00007ff8365a0000 - 0x00007ff8365b7000 	C:\Program Files\Android\Android Studio\jbr\bin\jli.dll
0x00007ff89da40000 - 0x00007ff89da5b000 	C:\Program Files\Android\Android Studio\jbr\bin\VCRUNTIME140.dll
0x00007ff8b3d50000 - 0x00007ff8b3efe000 	C:\WINDOWS\System32\USER32.dll
0x00007ff8b3670000 - 0x00007ff8b3696000 	C:\WINDOWS\System32\win32u.dll
0x00007ff8b38f0000 - 0x00007ff8b3919000 	C:\WINDOWS\System32\GDI32.dll
0x00007ff8b36a0000 - 0x00007ff8b37b9000 	C:\WINDOWS\System32\gdi32full.dll
0x00007ff89ca90000 - 0x00007ff89cd23000 	C:\WINDOWS\WinSxS\amd64_microsoft.windows.common-controls_6595b64144ccf1df_6.0.22621.3672_none_2713b9d173822955\COMCTL32.dll
0x00007ff8b2e70000 - 0x00007ff8b2f0a000 	C:\WINDOWS\System32\msvcp_win.dll
0x00007ff8b5050000 - 0x00007ff8b50f7000 	C:\WINDOWS\System32\msvcrt.dll
0x00007ff8b53b0000 - 0x00007ff8b53e1000 	C:\WINDOWS\System32\IMM32.DLL
0x00007ff8a1370000 - 0x00007ff8a137c000 	C:\Program Files\Android\Android Studio\jbr\bin\vcruntime140_1.dll
0x00007ff843460000 - 0x00007ff8434ed000 	C:\Program Files\Android\Android Studio\jbr\bin\msvcp140.dll
0x00007ff833ca0000 - 0x00007ff834923000 	C:\Program Files\Android\Android Studio\jbr\bin\server\jvm.dll
0x00007ff8b5600000 - 0x00007ff8b56b2000 	C:\WINDOWS\System32\ADVAPI32.dll
0x00007ff8b3c30000 - 0x00007ff8b3cd9000 	C:\WINDOWS\System32\sechost.dll
0x00007ff8b3220000 - 0x00007ff8b3248000 	C:\WINDOWS\System32\bcrypt.dll
0x00007ff8b5230000 - 0x00007ff8b5344000 	C:\WINDOWS\System32\RPCRT4.dll
0x00007ff8b2c70000 - 0x00007ff8b2cbd000 	C:\WINDOWS\SYSTEM32\POWRPROF.dll
0x00007ff865200000 - 0x00007ff865209000 	C:\WINDOWS\SYSTEM32\WSOCK32.dll
0x00007ff8adf90000 - 0x00007ff8adfc4000 	C:\WINDOWS\SYSTEM32\WINMM.dll
0x00007ff8b51b0000 - 0x00007ff8b5221000 	C:\WINDOWS\System32\WS2_32.dll
0x00007ff8a8cc0000 - 0x00007ff8a8cca000 	C:\WINDOWS\SYSTEM32\VERSION.dll
0x00007ff8b2c50000 - 0x00007ff8b2c63000 	C:\WINDOWS\SYSTEM32\UMPDC.dll
0x00007ff8b1de0000 - 0x00007ff8b1df8000 	C:\WINDOWS\SYSTEM32\kernel.appcore.dll
0x00007ff836c30000 - 0x00007ff836c3a000 	C:\Program Files\Android\Android Studio\jbr\bin\jimage.dll
0x00007ff8aab20000 - 0x00007ff8aad52000 	C:\WINDOWS\SYSTEM32\DBGHELP.DLL
0x00007ff8b56c0000 - 0x00007ff8b5a4d000 	C:\WINDOWS\System32\combase.dll
0x00007ff8b3f00000 - 0x00007ff8b3fd7000 	C:\WINDOWS\System32\OLEAUT32.dll
0x00007ff8914a0000 - 0x00007ff8914d2000 	C:\WINDOWS\SYSTEM32\dbgcore.DLL
0x00007ff8b3030000 - 0x00007ff8b30ab000 	C:\WINDOWS\System32\bcryptPrimitives.dll
0x00007ff893ab0000 - 0x00007ff893abe000 	C:\Program Files\Android\Android Studio\jbr\bin\instrument.dll
0x00007ff836c00000 - 0x00007ff836c25000 	C:\Program Files\Android\Android Studio\jbr\bin\java.dll
0x00007ff836be0000 - 0x00007ff836bf8000 	C:\Program Files\Android\Android Studio\jbr\bin\zip.dll
0x00007ff8b4540000 - 0x00007ff8b4da8000 	C:\WINDOWS\System32\SHELL32.dll
0x00007ff8b0d00000 - 0x00007ff8b15fe000 	C:\WINDOWS\SYSTEM32\windows.storage.dll
0x00007ff8b0bc0000 - 0x00007ff8b0cff000 	C:\WINDOWS\SYSTEM32\wintypes.dll
0x00007ff8b37f0000 - 0x00007ff8b38e9000 	C:\WINDOWS\System32\SHCORE.dll
0x00007ff8b4f70000 - 0x00007ff8b4fce000 	C:\WINDOWS\System32\shlwapi.dll
0x00007ff8b2ce0000 - 0x00007ff8b2d01000 	C:\WINDOWS\SYSTEM32\profapi.dll
0x00007ff836b80000 - 0x00007ff836b99000 	C:\Program Files\Android\Android Studio\jbr\bin\net.dll
0x00007ff8ae450000 - 0x00007ff8ae586000 	C:\WINDOWS\SYSTEM32\WINHTTP.dll
0x00007ff8b2250000 - 0x00007ff8b22b9000 	C:\WINDOWS\system32\mswsock.dll
0x00007ff836b60000 - 0x00007ff836b76000 	C:\Program Files\Android\Android Studio\jbr\bin\nio.dll
0x00007ff893ac0000 - 0x00007ff893ad0000 	C:\Program Files\Android\Android Studio\jbr\bin\verify.dll
0x00007ff8a1530000 - 0x00007ff8a1557000 	C:\Users\frami\.gradle\native\68d5fa5c4cc2d200863cafc0d521ce42e7d3e7ee720ec0a83991735586a16f82\windows-amd64\native-platform.dll
0x00007ff8310c0000 - 0x00007ff831204000 	C:\Users\frami\.gradle\native\e376f236ea51e6404a007f0833ffe2c6e607c4080706a723a18a27aeea778392\windows-amd64\native-platform-file-events.dll
0x00007ff893ae0000 - 0x00007ff893ae9000 	C:\Program Files\Android\Android Studio\jbr\bin\management.dll
0x00007ff893ad0000 - 0x00007ff893adb000 	C:\Program Files\Android\Android Studio\jbr\bin\management_ext.dll
0x00007ff8b3fe0000 - 0x00007ff8b3fe8000 	C:\WINDOWS\System32\PSAPI.DLL
0x00007ff8b24b0000 - 0x00007ff8b24cb000 	C:\WINDOWS\SYSTEM32\CRYPTSP.dll
0x00007ff8b1d40000 - 0x00007ff8b1d75000 	C:\WINDOWS\system32\rsaenh.dll
0x00007ff8b2350000 - 0x00007ff8b2378000 	C:\WINDOWS\SYSTEM32\USERENV.dll
0x00007ff8b24d0000 - 0x00007ff8b24dc000 	C:\WINDOWS\SYSTEM32\CRYPTBASE.dll
0x00007ff8b1860000 - 0x00007ff8b188d000 	C:\WINDOWS\SYSTEM32\IPHLPAPI.DLL
0x00007ff8b37e0000 - 0x00007ff8b37e9000 	C:\WINDOWS\System32\NSI.dll
0x00007ff8aec50000 - 0x00007ff8aec69000 	C:\WINDOWS\SYSTEM32\dhcpcsvc6.DLL
0x00007ff8ae220000 - 0x00007ff8ae23f000 	C:\WINDOWS\SYSTEM32\dhcpcsvc.DLL
0x00007ff8b18d0000 - 0x00007ff8b19c8000 	C:\WINDOWS\SYSTEM32\DNSAPI.dll
0x00007ff893af0000 - 0x00007ff893af9000 	C:\Program Files\Android\Android Studio\jbr\bin\extnet.dll
0x00007ff8ade70000 - 0x00007ff8ade78000 	C:\WINDOWS\system32\wshunix.dll

dbghelp: loaded successfully - version: 4.0.5 - missing functions: none
symbol engine: initialized successfully - sym options: 0x614 - pdb path: .;C:\Program Files\Android\Android Studio\jbr\bin;C:\WINDOWS\SYSTEM32;C:\WINDOWS\WinSxS\amd64_microsoft.windows.common-controls_6595b64144ccf1df_6.0.22621.3672_none_2713b9d173822955;C:\Program Files\Android\Android Studio\jbr\bin\server;C:\Users\frami\.gradle\native\68d5fa5c4cc2d200863cafc0d521ce42e7d3e7ee720ec0a83991735586a16f82\windows-amd64;C:\Users\frami\.gradle\native\e376f236ea51e6404a007f0833ffe2c6e607c4080706a723a18a27aeea778392\windows-amd64

VM Arguments:
jvm_args: --add-opens=java.base/java.util=ALL-UNNAMED --add-opens=java.base/java.lang=ALL-UNNAMED --add-opens=java.base/java.lang.invoke=ALL-UNNAMED --add-opens=java.prefs/java.util.prefs=ALL-UNNAMED --add-opens=java.base/java.nio.charset=ALL-UNNAMED --add-opens=java.base/java.net=ALL-UNNAMED --add-opens=java.base/java.util.concurrent.atomic=ALL-UNNAMED -Xmx2048m -Dfile.encoding=UTF-8 -Duser.country=CO -Duser.language=es -Duser.variant -javaagent:C:\Users\frami\.gradle\wrapper\dists\gradle-8.2-bin\bbg7u40eoinfdyxsxr3z4i7ta\gradle-8.2\lib\agents\gradle-instrumentation-agent-8.2.jar 
java_command: org.gradle.launcher.daemon.bootstrap.GradleDaemon 8.2
java_class_path (initial): C:\Users\frami\.gradle\wrapper\dists\gradle-8.2-bin\bbg7u40eoinfdyxsxr3z4i7ta\gradle-8.2\lib\gradle-launcher-8.2.jar
Launcher Type: SUN_STANDARD

[Global flags]
     intx CICompilerCount                          = 4                                         {product} {ergonomic}
     uint ConcGCThreads                            = 2                                         {product} {ergonomic}
     uint G1ConcRefinementThreads                  = 8                                         {product} {ergonomic}
   size_t G1HeapRegionSize                         = 1048576                                   {product} {ergonomic}
    uintx GCDrainStackTargetSize                   = 64                                        {product} {ergonomic}
   size_t InitialHeapSize                          = 100663296                                 {product} {ergonomic}
   size_t MarkStackSize                            = 4194304                                   {product} {ergonomic}
   size_t MaxHeapSize                              = 2147483648                                {product} {command line}
   size_t MaxNewSize                               = 1287651328                                {product} {ergonomic}
   size_t MinHeapDeltaBytes                        = 1048576                                   {product} {ergonomic}
   size_t MinHeapSize                              = 8388608                                   {product} {ergonomic}
    uintx NonNMethodCodeHeapSize                   = 5839372                                {pd product} {ergonomic}
    uintx NonProfiledCodeHeapSize                  = 122909434                              {pd product} {ergonomic}
    uintx ProfiledCodeHeapSize                     = 122909434                              {pd product} {ergonomic}
    uintx ReservedCodeCacheSize                    = 251658240                              {pd product} {ergonomic}
     bool SegmentedCodeCache                       = true                                      {product} {ergonomic}
   size_t SoftMaxHeapSize                          = 2147483648                             {manageable} {ergonomic}
     bool UseCompressedClassPointers               = true                           {product lp64_product} {ergonomic}
     bool UseCompressedOops                        = true                           {product lp64_product} {ergonomic}
     bool UseG1GC                                  = true                                      {product} {ergonomic}
     bool UseLargePagesIndividualAllocation        = false                                  {pd product} {ergonomic}

Logging:
Log output configuration:
 #0: stdout all=warning uptime,level,tags
 #1: stderr all=off uptime,level,tags

Environment Variables:
JAVA_HOME=C:\Program Files\Java\jdk-21
PATH=C:\Program Files\Common Files\Oracle\Java\javapath;C:\WINDOWS\system32;C:\WINDOWS;C:\WINDOWS\System32\Wbem;C:\WINDOWS\System32\WindowsPowerShell\v1.0\;C:\WINDOWS\System32\OpenSSH\;C:\Program Files\Microsoft SQL Server\150\Tools\Binn\;C:\Program Files\Microsoft SQL Server\Client SDK\ODBC\170\Tools\Binn\;C:\Program Files\dotnet\;C:\Program Files\Java\jdk-21\bin;C:\Program Files (x86)\Microsoft SQL Server\160\DTS\Binn\;C:\Program Files\Git\cmd;C:\Users\frami\AppData\Local\Microsoft\WindowsApps;;C:\Users\frami\AppData\Local\Programs\Microsoft VS Code\bin;C:\Users\frami\.dotnet\tools
USERNAME=frami
OS=Windows_NT
PROCESSOR_IDENTIFIER=AMD64 Family 23 Model 24 Stepping 1, AuthenticAMD
TMP=C:\Users\frami\AppData\Local\Temp
TEMP=C:\Users\frami\AppData\Local\Temp



Periodic native trim disabled

JNI global refs:
JNI global refs: 26, weak refs: 0

JNI global refs memory usage: 843, weak refs: 841

Process memory usage:
Resident Set Size: 227428K (3% of 6174988K total physical memory with 1037456K free physical memory)

OOME stack traces (most recent first):
Classloader memory used:
Loader org.gradle.internal.classloader.VisitableURLClassLoader                         : 3107K
Loader bootstrap                                                                       : 2389K
Loader org.gradle.initialization.MixInLegacyTypesClassLoader                           : 974K
Loader jdk.internal.loader.ClassLoaders$PlatformClassLoader                            : 68873B
Loader jdk.internal.loader.ClassLoaders$AppClassLoader                                 : 28451B
Loader jdk.internal.reflect.DelegatingClassLoader                                      : 14057B
Loader org.gradle.internal.classloader.VisitableURLClassLoader$InstrumentingVisitableURLClassLoader: 4939B

Classes loaded by more than one classloader:
Class Program                                                                         : loaded 4 times (x 72B)
Class org.gradle.internal.classpath.ClassPath                                         : loaded 2 times (x 68B)
Class org.gradle.api.internal.classpath.DefaultModuleRegistry                         : loaded 2 times (x 84B)
Class Settings_gradle$1$1                                                             : loaded 2 times (x 72B)
Class org.gradle.api.Action                                                           : loaded 2 times (x 68B)
Class org.gradle.api.internal.DefaultClassPathProvider                                : loaded 2 times (x 74B)
Class org.gradle.internal.installation.GradleInstallation$1                           : loaded 2 times (x 73B)
Class org.gradle.internal.classloader.FilteringClassLoader                            : loaded 2 times (x 103B)
Class org.gradle.internal.classpath.DefaultClassPath$ImmutableUniqueList$Builder      : loaded 2 times (x 73B)
Class org.gradle.internal.classloader.ClassLoaderVisitor                              : loaded 2 times (x 74B)
Class org.gradle.internal.service.DefaultServiceLocator                               : loaded 2 times (x 81B)
Class org.gradle.internal.service.UnknownServiceException                             : loaded 2 times (x 81B)
Class org.gradle.internal.classloader.DefaultClassLoaderFactory                       : loaded 2 times (x 80B)
Class org.gradle.internal.classloader.VisitableURLClassLoader$Spec                    : loaded 2 times (x 72B)
Class org.gradle.api.GradleException                                                  : loaded 2 times (x 80B)
Class org.gradle.api.internal.classpath.ModuleRegistry                                : loaded 2 times (x 68B)
Class org.gradle.api.internal.ClassPathProvider                                       : loaded 2 times (x 68B)
Class org.gradle.internal.classloader.ClasspathUtil$1                                 : loaded 2 times (x 74B)
Class org.gradle.internal.classloader.ClassLoaderFactory                              : loaded 2 times (x 68B)
Class org.gradle.api.internal.classpath.ManifestUtil                                  : loaded 2 times (x 69B)
Class org.gradle.api.specs.Spec                                                       : loaded 2 times (x 68B)
Class org.gradle.internal.IoActions                                                   : loaded 2 times (x 69B)
Class org.gradle.api.internal.classpath.EffectiveClassPath                            : loaded 2 times (x 88B)
Class org.gradle.internal.installation.CurrentGradleInstallation                      : loaded 2 times (x 71B)
Class org.gradle.internal.agents.InstrumentingClassLoader                             : loaded 2 times (x 68B)
Class org.gradle.internal.installation.CurrentGradleInstallationLocator               : loaded 2 times (x 69B)
Class org.gradle.api.internal.classpath.Module                                        : loaded 2 times (x 68B)
Class org.gradle.internal.service.CachingServiceLocator                               : loaded 2 times (x 80B)
Class org.gradle.internal.classpath.DefaultClassPath                                  : loaded 2 times (x 88B)
Class org.gradle.internal.classloader.SystemClassLoaderSpec                           : loaded 2 times (x 69B)
Class org.gradle.api.UncheckedIOException                                             : loaded 2 times (x 80B)
Class org.gradle.internal.installation.GradleInstallation                             : loaded 2 times (x 73B)
Class org.gradle.internal.classloader.ClasspathUtil                                   : loaded 2 times (x 69B)
Class org.gradle.api.internal.DefaultClassPathRegistry                                : loaded 2 times (x 74B)
Class org.gradle.api.internal.classpath.DefaultModuleRegistry$DefaultModule           : loaded 2 times (x 84B)
Class org.gradle.api.internal.classpath.UnknownModuleException                        : loaded 2 times (x 80B)
Class org.gradle.internal.service.ServiceLookupException                              : loaded 2 times (x 80B)
Class org.gradle.cache.GlobalCache                                                    : loaded 2 times (x 68B)
Class [Lorg.gradle.api.internal.ClassPathProvider;                                    : loaded 2 times (x 67B)
Class org.gradle.util.internal.GUtil                                                  : loaded 2 times (x 69B)
Class org.gradle.internal.classloader.ClassLoaderSpec                                 : loaded 2 times (x 69B)
Class org.gradle.internal.classloader.VisitableURLClassLoader                         : loaded 2 times (x 115B)
Class org.gradle.internal.Cast                                                        : loaded 2 times (x 69B)
Class org.gradle.api.internal.ClassPathRegistry                                       : loaded 2 times (x 68B)
Class org.gradle.internal.classloader.VisitableURLClassLoader$InstrumentingVisitableURLClassLoader: loaded 2 times (x 121B)
Class org.gradle.internal.classloader.ClassLoaderHierarchy                            : loaded 2 times (x 68B)
Class org.gradle.internal.InternalTransformer                                         : loaded 2 times (x 68B)
Class org.gradle.internal.service.ServiceLocator                                      : loaded 2 times (x 68B)
Class Settings_gradle$1                                                               : loaded 2 times (x 72B)
Class org.gradle.internal.classpath.DefaultClassPath$ImmutableUniqueList              : loaded 2 times (x 159B)
Class org.gradle.internal.classpath.TransformedClassPath                              : loaded 2 times (x 94B)
Class Settings_gradle                                                                 : loaded 2 times (x 126B)


---------------  S Y S T E M  ---------------

OS:
 Windows 11 , 64 bit Build 22621 (10.0.22621.3958)
OS uptime: 3 days 21:16 hours

CPU: total 8 (initial active 8) (8 cores per cpu, 2 threads per core) family 23 model 24 stepping 1 microcode 0x0, cx8, cmov, fxsr, ht, mmx, 3dnowpref, sse, sse2, sse3, ssse3, sse4a, sse4.1, sse4.2, popcnt, lzcnt, tsc, tscinvbit, avx, avx2, aes, clmul, bmi1, bmi2, adx, sha, fma, vzeroupper, clflush, clflushopt
Processor Information for all 8 processors :
  Max Mhz: 2100, Current Mhz: 2100, Mhz Limit: 2100

Memory: 4k page, system-wide physical 6030M (1013M free)
TotalPageFile size 24462M (AvailPageFile size 4M)
current process WorkingSet (physical memory assigned to process): 222M, peak: 232M
current process commit charge ("private bytes"): 260M, peak: 269M

vm_info: OpenJDK 64-Bit Server VM (17.0.11+0--11852314) for windows-amd64 JRE (17.0.11+0--11852314), built on May 16 2024 21:29:20 by "androidbuild" with MS VC++ 16.10 / 16.11 (VS2019)

END.
