#
# There is insufficient memory for the Java Runtime Environment to continue.
# Native memory allocation (malloc) failed to allocate 1108976 bytes. Error detail: Chunk::new
# Possible reasons:
#   The system is out of physical RAM or swap space
#   This process is running with CompressedOops enabled, and the Java Heap may be blocking the growth of the native heap
# Possible solutions:
#   Reduce memory load on the system
#   Increase physical memory or swap space
#   Check if swap backing store is full
#   Decrease Java heap size (-Xmx/-Xms)
#   Decrease number of Java threads
#   Decrease Java thread stack sizes (-Xss)
#   Set larger code cache with -XX:ReservedCodeCacheSize=
#   JVM is running with Unscaled Compressed Oops mode in which the Java heap is
#     placed in the first 4GB address space. The Java Heap base address is the
#     maximum limit for the native heap growth. Please use -XX:HeapBaseMinAddress
#     to set the Java Heap base and to place the Java Heap above 4GB virtual address.
# This output file may be truncated or incomplete.
#
#  Out of Memory Error (arena.cpp:191), pid=15108, tid=6324
#
# JRE version: OpenJDK Runtime Environment (17.0.11) (build 17.0.11+0--11852314)
# Java VM: OpenJDK 64-Bit Server VM (17.0.11+0--11852314, mixed mode, tiered, compressed oops, compressed class ptrs, g1 gc, windows-amd64)
# No core dump will be written. Minidumps are not enabled by default on client versions of Windows
#

---------------  S U M M A R Y ------------

Command Line: --add-opens=java.base/java.util=ALL-UNNAMED --add-opens=java.base/java.lang=ALL-UNNAMED --add-opens=java.base/java.lang.invoke=ALL-UNNAMED --add-opens=java.prefs/java.util.prefs=ALL-UNNAMED --add-opens=java.base/java.nio.charset=ALL-UNNAMED --add-opens=java.base/java.net=ALL-UNNAMED --add-opens=java.base/java.util.concurrent.atomic=ALL-UNNAMED -Xmx2048m -Dfile.encoding=UTF-8 -Duser.country=CO -Duser.language=es -Duser.variant -javaagent:C:\Users\frami\.gradle\wrapper\dists\gradle-8.2-bin\bbg7u40eoinfdyxsxr3z4i7ta\gradle-8.2\lib\agents\gradle-instrumentation-agent-8.2.jar org.gradle.launcher.daemon.bootstrap.GradleDaemon 8.2

Host: AMD Ryzen 5 3450U with Radeon Vega Mobile Gfx  , 8 cores, 5G,  Windows 11 , 64 bit Build 22621 (10.0.22621.3958)
Time: Fri Sep 13 15:51:34 2024 Hora est. Pacífico, Sudamérica elapsed time: 11.432246 seconds (0d 0h 0m 11s)

---------------  T H R E A D  ---------------

Current thread (0x000001d50dcdd060):  JavaThread "C2 CompilerThread1" daemon [_thread_in_native, id=6324, stack(0x000000880d700000,0x000000880d800000)]


Current CompileTask:
C2:  11433 3519   !   4       java.net.URLClassLoader::findClass (47 bytes)

Stack: [0x000000880d700000,0x000000880d800000]
Native frames: (J=compiled Java code, j=interpreted, Vv=VM code, C=native code)
V  [jvm.dll+0x687bb9]
V  [jvm.dll+0x84142a]
V  [jvm.dll+0x8430ae]
V  [jvm.dll+0x843713]
V  [jvm.dll+0x24a35f]
V  [jvm.dll+0xac544]
V  [jvm.dll+0xacb8c]
V  [jvm.dll+0x2b194f]
V  [jvm.dll+0x58eba7]
V  [jvm.dll+0x2247e2]
V  [jvm.dll+0x224bdf]
V  [jvm.dll+0x21dd00]
V  [jvm.dll+0x21b201]
V  [jvm.dll+0x1a63ed]
V  [jvm.dll+0x22b1ee]
V  [jvm.dll+0x229375]
V  [jvm.dll+0x7f5647]
V  [jvm.dll+0x7efa4a]
V  [jvm.dll+0x686a35]
C  [ucrtbase.dll+0x29333]
C  [KERNEL32.DLL+0x1257d]
C  [ntdll.dll+0x5af28]


---------------  P R O C E S S  ---------------

Threads class SMR info:
_java_thread_list=0x000001d50f2b4ef0, length=35, elements={
0x000001d56be10f20, 0x000001d50c013020, 0x000001d50c013db0, 0x000001d50c040370,
0x000001d507c53930, 0x000001d507c54300, 0x000001d50c0363c0, 0x000001d50c03a4c0,
0x000001d50c03add0, 0x000001d50c03b6e0, 0x000001d50c133240, 0x000001d50c2b1ff0,
0x000001d50db788d0, 0x000001d50d722540, 0x000001d50d782060, 0x000001d50d910470,
0x000001d50de69310, 0x000001d50daf4d30, 0x000001d50d99f050, 0x000001d50d9c6250,
0x000001d50d9c80b0, 0x000001d50d9c6760, 0x000001d50d9c5d40, 0x000001d50d9c5320,
0x000001d50d9c6c70, 0x000001d50d9c7180, 0x000001d50d9c4e10, 0x000001d50d9c7690,
0x000001d50d9c7ba0, 0x000001d50d9c85c0, 0x000001d50f1880e0, 0x000001d50f18c2b0,
0x000001d50f186280, 0x000001d50dcdd060, 0x000001d50f189f40
}

Java Threads: ( => current thread )
  0x000001d56be10f20 JavaThread "main" [_thread_blocked, id=17416, stack(0x000000880a600000,0x000000880a700000)]
  0x000001d50c013020 JavaThread "Reference Handler" daemon [_thread_blocked, id=11472, stack(0x000000880ad00000,0x000000880ae00000)]
  0x000001d50c013db0 JavaThread "Finalizer" daemon [_thread_blocked, id=21588, stack(0x000000880ae00000,0x000000880af00000)]
  0x000001d50c040370 JavaThread "Signal Dispatcher" daemon [_thread_blocked, id=8824, stack(0x000000880af00000,0x000000880b000000)]
  0x000001d507c53930 JavaThread "Attach Listener" daemon [_thread_blocked, id=14460, stack(0x000000880b000000,0x000000880b100000)]
  0x000001d507c54300 JavaThread "Service Thread" daemon [_thread_blocked, id=16840, stack(0x000000880b100000,0x000000880b200000)]
  0x000001d50c0363c0 JavaThread "Monitor Deflation Thread" daemon [_thread_blocked, id=17628, stack(0x000000880b200000,0x000000880b300000)]
  0x000001d50c03a4c0 JavaThread "C2 CompilerThread0" daemon [_thread_in_native, id=21916, stack(0x000000880b300000,0x000000880b400000)]
  0x000001d50c03add0 JavaThread "C1 CompilerThread0" daemon [_thread_blocked, id=17940, stack(0x000000880b400000,0x000000880b500000)]
  0x000001d50c03b6e0 JavaThread "Sweeper thread" daemon [_thread_blocked, id=2192, stack(0x000000880b500000,0x000000880b600000)]
  0x000001d50c133240 JavaThread "Common-Cleaner" daemon [_thread_blocked, id=19692, stack(0x000000880b600000,0x000000880b700000)]
  0x000001d50c2b1ff0 JavaThread "Notification Thread" daemon [_thread_blocked, id=20984, stack(0x000000880b700000,0x000000880b800000)]
  0x000001d50db788d0 JavaThread "Daemon health stats" [_thread_blocked, id=5748, stack(0x000000880bd00000,0x000000880be00000)]
  0x000001d50d722540 JavaThread "Incoming local TCP Connector on port 64031" [_thread_in_native, id=6548, stack(0x000000880be00000,0x000000880bf00000)]
  0x000001d50d782060 JavaThread "Daemon periodic checks" [_thread_blocked, id=15908, stack(0x000000880bf00000,0x000000880c000000)]
  0x000001d50d910470 JavaThread "Daemon" [_thread_blocked, id=17760, stack(0x000000880c000000,0x000000880c100000)]
  0x000001d50de69310 JavaThread "Handler for socket connection from /127.0.0.1:64031 to /127.0.0.1:64032" [_thread_in_native, id=10860, stack(0x000000880c100000,0x000000880c200000)]
  0x000001d50daf4d30 JavaThread "Cancel handler" [_thread_blocked, id=22080, stack(0x000000880c200000,0x000000880c300000)]
  0x000001d50d99f050 JavaThread "Daemon worker" [_thread_in_Java, id=15020, stack(0x000000880c300000,0x000000880c400000)]
  0x000001d50d9c6250 JavaThread "Asynchronous log dispatcher for DefaultDaemonConnection: socket connection from /127.0.0.1:64031 to /127.0.0.1:64032" [_thread_blocked, id=8844, stack(0x000000880c400000,0x000000880c500000)]
  0x000001d50d9c80b0 JavaThread "Stdin handler" [_thread_blocked, id=68, stack(0x000000880c500000,0x000000880c600000)]
  0x000001d50d9c6760 JavaThread "Daemon client event forwarder" [_thread_blocked, id=8120, stack(0x000000880c600000,0x000000880c700000)]
  0x000001d50d9c5d40 JavaThread "Cache worker for journal cache (C:\Users\frami\.gradle\caches\journal-1)" [_thread_blocked, id=12916, stack(0x000000880cb00000,0x000000880cc00000)]
  0x000001d50d9c5320 JavaThread "File lock request listener" [_thread_in_native, id=20416, stack(0x000000880cc00000,0x000000880cd00000)]
  0x000001d50d9c6c70 JavaThread "Cache worker for file hash cache (C:\Users\frami\.gradle\caches\8.2\fileHashes)" [_thread_blocked, id=8380, stack(0x000000880cd00000,0x000000880ce00000)]
  0x000001d50d9c7180 JavaThread "File watcher server" daemon [_thread_in_native, id=22412, stack(0x000000880ce00000,0x000000880cf00000)]
  0x000001d50d9c4e10 JavaThread "File watcher consumer" daemon [_thread_blocked, id=16312, stack(0x000000880cf00000,0x000000880d000000)]
  0x000001d50d9c7690 JavaThread "Cache worker for checksums cache (C:\Users\frami\Downloads\rehapp_front7\.gradle\8.2\checksums)" [_thread_blocked, id=22136, stack(0x000000880d000000,0x000000880d100000)]
  0x000001d50d9c7ba0 JavaThread "Cache worker for cache directory md-rule (C:\Users\frami\.gradle\caches\8.2\md-rule)" [_thread_blocked, id=20244, stack(0x000000880d100000,0x000000880d200000)]
  0x000001d50d9c85c0 JavaThread "Cache worker for file content cache (C:\Users\frami\.gradle\caches\8.2\fileContent)" [_thread_blocked, id=2840, stack(0x000000880d200000,0x000000880d300000)]
  0x000001d50f1880e0 JavaThread "Cache worker for file hash cache (C:\Users\frami\Downloads\rehapp_front7\.gradle\8.2\fileHashes)" [_thread_blocked, id=7820, stack(0x000000880d300000,0x000000880d400000)]
  0x000001d50f18c2b0 JavaThread "Cache worker for cache directory md-supplier (C:\Users\frami\.gradle\caches\8.2\md-supplier)" [_thread_blocked, id=11888, stack(0x000000880d400000,0x000000880d500000)]
  0x000001d50f186280 JavaThread "Cache worker for execution history cache (C:\Users\frami\.gradle\caches\8.2\executionHistory)" [_thread_blocked, id=11084, stack(0x000000880d500000,0x000000880d600000)]
=>0x000001d50dcdd060 JavaThread "C2 CompilerThread1" daemon [_thread_in_native, id=6324, stack(0x000000880d700000,0x000000880d800000)]
  0x000001d50f189f40 JavaThread "Cache worker for kotlin-dsl (C:\Users\frami\.gradle\caches\8.2\kotlin-dsl)" [_thread_blocked, id=15304, stack(0x000000880d800000,0x000000880d900000)]

Other Threads:
  0x000001d507c3daf0 VMThread "VM Thread" [stack: 0x000000880ac00000,0x000000880ad00000] [id=13268]
  0x000001d50c37dc60 WatcherThread [stack: 0x000000880b800000,0x000000880b900000] [id=19156]
  0x000001d56bcbe870 GCTaskThread "GC Thread#0" [stack: 0x000000880a700000,0x000000880a800000] [id=17400]
  0x000001d50cbe9360 GCTaskThread "GC Thread#1" [stack: 0x000000880b900000,0x000000880ba00000] [id=16808]
  0x000001d50cd676d0 GCTaskThread "GC Thread#2" [stack: 0x000000880ba00000,0x000000880bb00000] [id=13164]
  0x000001d50c5ae6d0 GCTaskThread "GC Thread#3" [stack: 0x000000880bb00000,0x000000880bc00000] [id=14476]
  0x000001d50cec6a10 GCTaskThread "GC Thread#4" [stack: 0x000000880bc00000,0x000000880bd00000] [id=20028]
  0x000001d50daf7cf0 GCTaskThread "GC Thread#5" [stack: 0x000000880c700000,0x000000880c800000] [id=3244]
  0x000001d50dc461e0 GCTaskThread "GC Thread#6" [stack: 0x000000880c800000,0x000000880c900000] [id=6632]
  0x000001d50de69c00 GCTaskThread "GC Thread#7" [stack: 0x000000880c900000,0x000000880ca00000] [id=7544]
  0x000001d56be78c70 ConcurrentGCThread "G1 Main Marker" [stack: 0x000000880a800000,0x000000880a900000] [id=9552]
  0x000001d56be795a0 ConcurrentGCThread "G1 Conc#0" [stack: 0x000000880a900000,0x000000880aa00000] [id=10628]
  0x000001d50d80dd10 ConcurrentGCThread "G1 Conc#1" [stack: 0x000000880ca00000,0x000000880cb00000] [id=15516]
  0x000001d56bebda90 ConcurrentGCThread "G1 Refine#0" [stack: 0x000000880aa00000,0x000000880ab00000] [id=4804]
  0x000001d50f183500 ConcurrentGCThread "G1 Refine#1" [stack: 0x000000880d600000,0x000000880d700000] [id=804]
  0x000001d56bebe3d0 ConcurrentGCThread "G1 Service" [stack: 0x000000880ab00000,0x000000880ac00000] [id=21668]

Threads with active compile tasks:
C2 CompilerThread0    11616 3520   !   4       java.net.URLClassLoader$1::run (81 bytes)
C2 CompilerThread1    11616 3519   !   4       java.net.URLClassLoader::findClass (47 bytes)

VM state: not at safepoint (normal execution)

VM Mutex/Monitor currently owned by a thread: None

Heap address: 0x0000000080000000, size: 2048 MB, Compressed Oops mode: 32-bit

CDS archive(s) not mapped
Compressed class space mapped at: 0x0000000100000000-0x0000000140000000, reserved size: 1073741824
Narrow klass base: 0x0000000000000000, Narrow klass shift: 3, Narrow klass range: 0x140000000

GC Precious Log:
 CPUs: 8 total, 8 available
 Memory: 6030M
 Large Page Support: Disabled
 NUMA Support: Disabled
 Compressed Oops: Enabled (32-bit)
 Heap Region Size: 1M
 Heap Min Capacity: 8M
 Heap Initial Capacity: 96M
 Heap Max Capacity: 2G
 Pre-touch: Disabled
 Parallel Workers: 8
 Concurrent Workers: 2
 Concurrent Refinement Workers: 8
 Periodic GC: Disabled

Heap:
 garbage-first heap   total 68608K, used 31642K [0x0000000080000000, 0x0000000100000000)
  region size 1024K, 5 young (5120K), 2 survivors (2048K)
 Metaspace       used 41957K, committed 42432K, reserved 1114112K
  class space    used 5473K, committed 5696K, reserved 1048576K

Heap Regions: E=young(eden), S=young(survivor), O=old, HS=humongous(starts), HC=humongous(continues), CS=collection set, F=free, OA=open archive, CA=closed archive, TAMS=top-at-mark-start (previous, next)
|   0|0x0000000080000000, 0x0000000080100000, 0x0000000080100000|100%|HS|  |TAMS 0x0000000080100000, 0x0000000080000000| Complete 
|   1|0x0000000080100000, 0x0000000080200000, 0x0000000080200000|100%|HC|  |TAMS 0x0000000080200000, 0x0000000080100000| Complete 
|   2|0x0000000080200000, 0x0000000080300000, 0x0000000080300000|100%|HC|  |TAMS 0x0000000080300000, 0x0000000080200000| Complete 
|   3|0x0000000080300000, 0x0000000080400000, 0x0000000080400000|100%|HC|  |TAMS 0x0000000080400000, 0x0000000080300000| Complete 
|   4|0x0000000080400000, 0x0000000080500000, 0x0000000080500000|100%| O|  |TAMS 0x0000000080500000, 0x0000000080400000| Untracked 
|   5|0x0000000080500000, 0x0000000080600000, 0x0000000080600000|100%| O|  |TAMS 0x0000000080600000, 0x0000000080500000| Untracked 
|   6|0x0000000080600000, 0x0000000080700000, 0x0000000080700000|100%| O|  |TAMS 0x0000000080700000, 0x0000000080600000| Untracked 
|   7|0x0000000080700000, 0x0000000080800000, 0x0000000080800000|100%| O|  |TAMS 0x0000000080800000, 0x0000000080700000| Untracked 
|   8|0x0000000080800000, 0x0000000080900000, 0x0000000080900000|100%| O|  |TAMS 0x0000000080900000, 0x0000000080800000| Untracked 
|   9|0x0000000080900000, 0x0000000080a00000, 0x0000000080a00000|100%| O|  |TAMS 0x0000000080a00000, 0x0000000080900000| Untracked 
|  10|0x0000000080a00000, 0x0000000080b00000, 0x0000000080b00000|100%| O|  |TAMS 0x0000000080b00000, 0x0000000080a00000| Untracked 
|  11|0x0000000080b00000, 0x0000000080c00000, 0x0000000080c00000|100%| O|  |TAMS 0x0000000080c00000, 0x0000000080b00000| Untracked 
|  12|0x0000000080c00000, 0x0000000080c56400, 0x0000000080d00000| 33%| O|  |TAMS 0x0000000080c56400, 0x0000000080c00000| Untracked 
|  13|0x0000000080d00000, 0x0000000080e00000, 0x0000000080e00000|100%| O|  |TAMS 0x0000000080e00000, 0x0000000080d00000| Untracked 
|  14|0x0000000080e00000, 0x0000000080f00000, 0x0000000080f00000|100%| O|  |TAMS 0x0000000080f00000, 0x0000000080e00000| Untracked 
|  15|0x0000000080f00000, 0x0000000081000000, 0x0000000081000000|100%| O|  |TAMS 0x0000000081000000, 0x0000000080f00000| Untracked 
|  16|0x0000000081000000, 0x0000000081100000, 0x0000000081100000|100%| O|  |TAMS 0x0000000081100000, 0x0000000081000000| Untracked 
|  17|0x0000000081100000, 0x0000000081200000, 0x0000000081200000|100%| O|  |TAMS 0x0000000081200000, 0x0000000081100000| Untracked 
|  18|0x0000000081200000, 0x0000000081300000, 0x0000000081300000|100%| O|  |TAMS 0x0000000081300000, 0x0000000081200000| Untracked 
|  19|0x0000000081300000, 0x0000000081400000, 0x0000000081400000|100%| O|  |TAMS 0x0000000081400000, 0x0000000081300000| Untracked 
|  20|0x0000000081400000, 0x0000000081500000, 0x0000000081500000|100%| O|  |TAMS 0x00000000814b9a00, 0x0000000081400000| Untracked 
|  21|0x0000000081500000, 0x0000000081600000, 0x0000000081600000|100%| O|  |TAMS 0x0000000081500000, 0x0000000081500000| Untracked 
|  22|0x0000000081600000, 0x0000000081700000, 0x0000000081700000|100%| O|  |TAMS 0x0000000081600000, 0x0000000081600000| Untracked 
|  23|0x0000000081700000, 0x0000000081800000, 0x0000000081800000|100%| O|  |TAMS 0x0000000081700000, 0x0000000081700000| Untracked 
|  24|0x0000000081800000, 0x0000000081900000, 0x0000000081900000|100%| O|  |TAMS 0x0000000081800000, 0x0000000081800000| Untracked 
|  25|0x0000000081900000, 0x0000000081a00000, 0x0000000081a00000|100%| O|  |TAMS 0x0000000081900000, 0x0000000081900000| Untracked 
|  26|0x0000000081a00000, 0x0000000081b00000, 0x0000000081b00000|100%| O|  |TAMS 0x0000000081a00000, 0x0000000081a00000| Untracked 
|  27|0x0000000081b00000, 0x0000000081b3aa00, 0x0000000081c00000| 22%| O|  |TAMS 0x0000000081b00000, 0x0000000081b00000| Untracked 
|  28|0x0000000081c00000, 0x0000000081d00000, 0x0000000081d00000|100%|HS|  |TAMS 0x0000000081c00000, 0x0000000081c00000| Complete 
|  29|0x0000000081d00000, 0x0000000081e00000, 0x0000000081e00000|100%|HS|  |TAMS 0x0000000081d00000, 0x0000000081d00000| Complete 
|  30|0x0000000081e00000, 0x0000000081e00000, 0x0000000081f00000|  0%| F|  |TAMS 0x0000000081e00000, 0x0000000081e00000| Untracked 
|  31|0x0000000081f00000, 0x0000000081f00000, 0x0000000082000000|  0%| F|  |TAMS 0x0000000081f00000, 0x0000000081f00000| Untracked 
|  32|0x0000000082000000, 0x0000000082000000, 0x0000000082100000|  0%| F|  |TAMS 0x0000000082000000, 0x0000000082000000| Untracked 
|  33|0x0000000082100000, 0x0000000082100000, 0x0000000082200000|  0%| F|  |TAMS 0x0000000082100000, 0x0000000082100000| Untracked 
|  34|0x0000000082200000, 0x0000000082200000, 0x0000000082300000|  0%| F|  |TAMS 0x0000000082200000, 0x0000000082200000| Untracked 
|  35|0x0000000082300000, 0x0000000082300000, 0x0000000082400000|  0%| F|  |TAMS 0x0000000082300000, 0x0000000082300000| Untracked 
|  36|0x0000000082400000, 0x0000000082400000, 0x0000000082500000|  0%| F|  |TAMS 0x0000000082400000, 0x0000000082400000| Untracked 
|  37|0x0000000082500000, 0x0000000082500000, 0x0000000082600000|  0%| F|  |TAMS 0x0000000082500000, 0x0000000082500000| Untracked 
|  38|0x0000000082600000, 0x0000000082600000, 0x0000000082700000|  0%| F|  |TAMS 0x0000000082600000, 0x0000000082600000| Untracked 
|  39|0x0000000082700000, 0x0000000082700000, 0x0000000082800000|  0%| F|  |TAMS 0x0000000082700000, 0x0000000082700000| Untracked 
|  40|0x0000000082800000, 0x0000000082800000, 0x0000000082900000|  0%| F|  |TAMS 0x0000000082800000, 0x0000000082800000| Untracked 
|  41|0x0000000082900000, 0x0000000082955b40, 0x0000000082a00000| 33%| S|CS|TAMS 0x0000000082900000, 0x0000000082900000| Complete 
|  42|0x0000000082a00000, 0x0000000082b00000, 0x0000000082b00000|100%| S|CS|TAMS 0x0000000082a00000, 0x0000000082a00000| Complete 
|  43|0x0000000082b00000, 0x0000000082b00000, 0x0000000082c00000|  0%| F|  |TAMS 0x0000000082b00000, 0x0000000082b00000| Untracked 
|  44|0x0000000082c00000, 0x0000000082c00000, 0x0000000082d00000|  0%| F|  |TAMS 0x0000000082c00000, 0x0000000082c00000| Untracked 
|  45|0x0000000082d00000, 0x0000000082d00000, 0x0000000082e00000|  0%| F|  |TAMS 0x0000000082d00000, 0x0000000082d00000| Untracked 
|  46|0x0000000082e00000, 0x0000000082e00000, 0x0000000082f00000|  0%| F|  |TAMS 0x0000000082e00000, 0x0000000082e00000| Untracked 
|  47|0x0000000082f00000, 0x0000000082f00000, 0x0000000083000000|  0%| F|  |TAMS 0x0000000082f00000, 0x0000000082f00000| Untracked 
|  48|0x0000000083000000, 0x0000000083000000, 0x0000000083100000|  0%| F|  |TAMS 0x0000000083000000, 0x0000000083000000| Untracked 
|  49|0x0000000083100000, 0x0000000083100000, 0x0000000083200000|  0%| F|  |TAMS 0x0000000083100000, 0x0000000083100000| Untracked 
|  50|0x0000000083200000, 0x0000000083200000, 0x0000000083300000|  0%| F|  |TAMS 0x0000000083200000, 0x0000000083200000| Untracked 
|  51|0x0000000083300000, 0x0000000083300000, 0x0000000083400000|  0%| F|  |TAMS 0x0000000083300000, 0x0000000083300000| Untracked 
|  52|0x0000000083400000, 0x0000000083400000, 0x0000000083500000|  0%| F|  |TAMS 0x0000000083400000, 0x0000000083400000| Untracked 
|  53|0x0000000083500000, 0x0000000083500000, 0x0000000083600000|  0%| F|  |TAMS 0x0000000083500000, 0x0000000083500000| Untracked 
|  54|0x0000000083600000, 0x0000000083600000, 0x0000000083700000|  0%| F|  |TAMS 0x0000000083600000, 0x0000000083600000| Untracked 
|  55|0x0000000083700000, 0x0000000083700000, 0x0000000083800000|  0%| F|  |TAMS 0x0000000083700000, 0x0000000083700000| Untracked 
|  56|0x0000000083800000, 0x0000000083800000, 0x0000000083900000|  0%| F|  |TAMS 0x0000000083800000, 0x0000000083800000| Untracked 
|  57|0x0000000083900000, 0x0000000083900000, 0x0000000083a00000|  0%| F|  |TAMS 0x0000000083900000, 0x0000000083900000| Untracked 
|  58|0x0000000083a00000, 0x0000000083a00000, 0x0000000083b00000|  0%| F|  |TAMS 0x0000000083a00000, 0x0000000083a00000| Untracked 
|  59|0x0000000083b00000, 0x0000000083b00000, 0x0000000083c00000|  0%| F|  |TAMS 0x0000000083b00000, 0x0000000083b00000| Untracked 
|  60|0x0000000083c00000, 0x0000000083c00000, 0x0000000083d00000|  0%| F|  |TAMS 0x0000000083c00000, 0x0000000083c00000| Untracked 
|  61|0x0000000083d00000, 0x0000000083d00000, 0x0000000083e00000|  0%| F|  |TAMS 0x0000000083d00000, 0x0000000083d00000| Untracked 
|  62|0x0000000083e00000, 0x0000000083e00000, 0x0000000083f00000|  0%| F|  |TAMS 0x0000000083e00000, 0x0000000083e00000| Untracked 
|  63|0x0000000083f00000, 0x0000000083f00000, 0x0000000084000000|  0%| F|  |TAMS 0x0000000083f00000, 0x0000000083f00000| Untracked 
|  64|0x0000000084000000, 0x00000000840d7c30, 0x0000000084100000| 84%| E|  |TAMS 0x0000000084000000, 0x0000000084000000| Complete 
|  65|0x0000000084100000, 0x0000000084200000, 0x0000000084200000|100%| E|CS|TAMS 0x0000000084100000, 0x0000000084100000| Complete 
|  95|0x0000000085f00000, 0x0000000086000000, 0x0000000086000000|100%| E|  |TAMS 0x0000000085f00000, 0x0000000085f00000| Complete 

Card table byte_map: [0x000001d500950000,0x000001d500d50000] _byte_map_base: 0x000001d500550000

Marking Bits (Prev, Next): (CMBitMap*) 0x000001d56be68580, (CMBitMap*) 0x000001d56be685c0
 Prev Bits: [0x000001d501150000, 0x000001d503150000)
 Next Bits: [0x000001d503150000, 0x000001d505150000)

Polling page: 0x000001d56bec0000

Metaspace:

Usage:
  Non-class:     35.65 MB used.
      Class:      5.35 MB used.
       Both:     41.01 MB used.

Virtual space:
  Non-class space:       64.00 MB reserved,      35.88 MB ( 56%) committed,  1 nodes.
      Class space:        1.00 GB reserved,       5.56 MB ( <1%) committed,  1 nodes.
             Both:        1.06 GB reserved,      41.44 MB (  4%) committed. 

Chunk freelists:
   Non-Class:  11.33 MB
       Class:  10.41 MB
        Both:  21.74 MB

MaxMetaspaceSize: unlimited
CompressedClassSpaceSize: 1.00 GB
Initial GC threshold: 21.00 MB
Current GC threshold: 58.69 MB
CDS: off
MetaspaceReclaimPolicy: balanced
 - commit_granule_bytes: 65536.
 - commit_granule_words: 8192.
 - virtual_space_node_default_size: 8388608.
 - enlarge_chunks_in_place: 1.
 - new_chunks_are_fully_committed: 0.
 - uncommit_free_chunks: 1.
 - use_allocation_guard: 0.
 - handle_deallocations: 1.


Internal statistics:

num_allocs_failed_limit: 6.
num_arena_births: 428.
num_arena_deaths: 0.
num_vsnodes_births: 2.
num_vsnodes_deaths: 0.
num_space_committed: 663.
num_space_uncommitted: 0.
num_chunks_returned_to_freelist: 6.
num_chunks_taken_from_freelist: 1576.
num_chunk_merges: 6.
num_chunk_splits: 1079.
num_chunks_enlarged: 778.
num_inconsistent_stats: 0.

CodeHeap 'non-profiled nmethods': size=120000Kb used=1745Kb max_used=1745Kb free=118254Kb
 bounds [0x000001d5785a0000, 0x000001d578810000, 0x000001d57fad0000]
CodeHeap 'profiled nmethods': size=120000Kb used=7461Kb max_used=7461Kb free=112538Kb
 bounds [0x000001d570ad0000, 0x000001d571220000, 0x000001d578000000]
CodeHeap 'non-nmethods': size=5760Kb used=1596Kb max_used=1619Kb free=4163Kb
 bounds [0x000001d578000000, 0x000001d578270000, 0x000001d5785a0000]
 total_blobs=4283 nmethods=3623 adapters=572
 compilation: enabled
              stopped_count=0, restarted_count=0
 full_count=0

Compilation events (20 events):
Event: 11.382 Thread 0x000001d50c03add0 3604       3       java.lang.invoke.ClassSpecializer::className (33 bytes)
Event: 11.382 Thread 0x000001d50c03add0 nmethod 3604 0x000001d5711f6a10 code [0x000001d5711f6bc0, 0x000001d5711f6da8]
Event: 11.382 Thread 0x000001d50c03add0 3607       3       java.lang.invoke.ClassSpecializer$Factory::typeLoadOp (102 bytes)
Event: 11.383 Thread 0x000001d50c03add0 nmethod 3607 0x000001d5711f6e90 code [0x000001d5711f70e0, 0x000001d5711f7958]
Event: 11.383 Thread 0x000001d50c03add0 3605       3       java.util.ImmutableCollections$ListItr::hasNext (17 bytes)
Event: 11.383 Thread 0x000001d50c03add0 nmethod 3605 0x000001d5711f7c10 code [0x000001d5711f7da0, 0x000001d5711f7f18]
Event: 11.383 Thread 0x000001d50c03add0 3609       3       java.lang.invoke.LambdaForm$Name::<init> (9 bytes)
Event: 11.383 Thread 0x000001d50c03add0 nmethod 3609 0x000001d5711f7f90 code [0x000001d5711f8140, 0x000001d5711f8288]
Event: 11.387 Thread 0x000001d50c03add0 3613       3       java.lang.reflect.Modifier::isVolatile (13 bytes)
Event: 11.387 Thread 0x000001d50c03add0 nmethod 3613 0x000001d5711f8310 code [0x000001d5711f84a0, 0x000001d5711f85f8]
Event: 11.387 Thread 0x000001d50c03add0 3614       3       java.lang.invoke.DirectMethodHandle::afIndex (20 bytes)
Event: 11.387 Thread 0x000001d50c03add0 nmethod 3614 0x000001d5711f8690 code [0x000001d5711f8820, 0x000001d5711f8978]
Event: 11.403 Thread 0x000001d50c03add0 3616       3       jdk.internal.loader.Resource::getByteBuffer (24 bytes)
Event: 11.403 Thread 0x000001d50c03add0 nmethod 3616 0x000001d5711f8a10 code [0x000001d5711f8c00, 0x000001d5711f92d8]
Event: 11.406 Thread 0x000001d50c03add0 3617       3       java.lang.invoke.LambdaFormEditor::bindArgumentType (101 bytes)
Event: 11.407 Thread 0x000001d50c03add0 nmethod 3617 0x000001d5711f9410 code [0x000001d5711f95c0, 0x000001d5711f97e8]
Event: 11.407 Thread 0x000001d50c03add0 3618       3       java.lang.invoke.LambdaFormEditor::bindArgumentForm (269 bytes)
Event: 11.409 Thread 0x000001d50c03add0 nmethod 3618 0x000001d5711f9910 code [0x000001d5711f9cc0, 0x000001d5711fb4c8]
Event: 11.410 Thread 0x000001d50c03add0 3620       3       jdk.internal.loader.URLClassPath$JarLoader$2::getInputStream (15 bytes)
Event: 11.411 Thread 0x000001d50c03add0 nmethod 3620 0x000001d5711fbf90 code [0x000001d5711fc140, 0x000001d5711fc328]

GC Heap History (16 events):
Event: 2.113 GC heap before
{Heap before GC invocations=0 (full 0):
 garbage-first heap   total 98304K, used 26624K [0x0000000080000000, 0x0000000100000000)
  region size 1024K, 23 young (23552K), 0 survivors (0K)
 Metaspace       used 10523K, committed 10624K, reserved 1114112K
  class space    used 1092K, committed 1152K, reserved 1048576K
}
Event: 2.127 GC heap after
{Heap after GC invocations=1 (full 0):
 garbage-first heap   total 98304K, used 10468K [0x0000000080000000, 0x0000000100000000)
  region size 1024K, 3 young (3072K), 3 survivors (3072K)
 Metaspace       used 10523K, committed 10624K, reserved 1114112K
  class space    used 1092K, committed 1152K, reserved 1048576K
}
Event: 3.012 GC heap before
{Heap before GC invocations=1 (full 0):
 garbage-first heap   total 98304K, used 36068K [0x0000000080000000, 0x0000000100000000)
  region size 1024K, 28 young (28672K), 3 survivors (3072K)
 Metaspace       used 11468K, committed 11648K, reserved 1114112K
  class space    used 1197K, committed 1280K, reserved 1048576K
}
Event: 3.020 GC heap after
{Heap after GC invocations=2 (full 0):
 garbage-first heap   total 98304K, used 11438K [0x0000000080000000, 0x0000000100000000)
  region size 1024K, 1 young (1024K), 1 survivors (1024K)
 Metaspace       used 11468K, committed 11648K, reserved 1114112K
  class space    used 1197K, committed 1280K, reserved 1048576K
}
Event: 5.634 GC heap before
{Heap before GC invocations=2 (full 0):
 garbage-first heap   total 98304K, used 57518K [0x0000000080000000, 0x0000000100000000)
  region size 1024K, 46 young (47104K), 1 survivors (1024K)
 Metaspace       used 21286K, committed 21504K, reserved 1114112K
  class space    used 2525K, committed 2624K, reserved 1048576K
}
Event: 5.646 GC heap after
{Heap after GC invocations=3 (full 0):
 garbage-first heap   total 98304K, used 18777K [0x0000000080000000, 0x0000000100000000)
  region size 1024K, 7 young (7168K), 7 survivors (7168K)
 Metaspace       used 21286K, committed 21504K, reserved 1114112K
  class space    used 2525K, committed 2624K, reserved 1048576K
}
Event: 6.872 GC heap before
{Heap before GC invocations=4 (full 0):
 garbage-first heap   total 68608K, used 52569K [0x0000000080000000, 0x0000000100000000)
  region size 1024K, 40 young (40960K), 7 survivors (7168K)
 Metaspace       used 26241K, committed 26560K, reserved 1114112K
  class space    used 3389K, committed 3520K, reserved 1048576K
}
Event: 6.879 GC heap after
{Heap after GC invocations=5 (full 0):
 garbage-first heap   total 68608K, used 20774K [0x0000000080000000, 0x0000000100000000)
  region size 1024K, 3 young (3072K), 3 survivors (3072K)
 Metaspace       used 26241K, committed 26560K, reserved 1114112K
  class space    used 3389K, committed 3520K, reserved 1048576K
}
Event: 8.194 GC heap before
{Heap before GC invocations=5 (full 0):
 garbage-first heap   total 68608K, used 47398K [0x0000000080000000, 0x0000000100000000)
  region size 1024K, 29 young (29696K), 3 survivors (3072K)
 Metaspace       used 29954K, committed 30208K, reserved 1114112K
  class space    used 3993K, committed 4096K, reserved 1048576K
}
Event: 8.199 GC heap after
{Heap after GC invocations=6 (full 0):
 garbage-first heap   total 68608K, used 22154K [0x0000000080000000, 0x0000000100000000)
  region size 1024K, 4 young (4096K), 4 survivors (4096K)
 Metaspace       used 29954K, committed 30208K, reserved 1114112K
  class space    used 3993K, committed 4096K, reserved 1048576K
}
Event: 9.551 GC heap before
{Heap before GC invocations=6 (full 0):
 garbage-first heap   total 68608K, used 49802K [0x0000000080000000, 0x0000000100000000)
  region size 1024K, 31 young (31744K), 4 survivors (4096K)
 Metaspace       used 33367K, committed 33792K, reserved 1114112K
  class space    used 4548K, committed 4736K, reserved 1048576K
}
Event: 9.556 GC heap after
{Heap after GC invocations=7 (full 0):
 garbage-first heap   total 68608K, used 23431K [0x0000000080000000, 0x0000000100000000)
  region size 1024K, 3 young (3072K), 3 survivors (3072K)
 Metaspace       used 33367K, committed 33792K, reserved 1114112K
  class space    used 4548K, committed 4736K, reserved 1048576K
}
Event: 10.208 GC heap before
{Heap before GC invocations=7 (full 0):
 garbage-first heap   total 68608K, used 34695K [0x0000000080000000, 0x0000000100000000)
  region size 1024K, 16 young (16384K), 3 survivors (3072K)
 Metaspace       used 35658K, committed 35968K, reserved 1114112K
  class space    used 4835K, committed 4992K, reserved 1048576K
}
Event: 10.215 GC heap after
{Heap after GC invocations=8 (full 0):
 garbage-first heap   total 68608K, used 24849K [0x0000000080000000, 0x0000000100000000)
  region size 1024K, 3 young (3072K), 3 survivors (3072K)
 Metaspace       used 35658K, committed 35968K, reserved 1114112K
  class space    used 4835K, committed 4992K, reserved 1048576K
}
Event: 11.077 GC heap before
{Heap before GC invocations=9 (full 0):
 garbage-first heap   total 68608K, used 50449K [0x0000000080000000, 0x0000000100000000)
  region size 1024K, 29 young (29696K), 3 survivors (3072K)
 Metaspace       used 40001K, committed 40384K, reserved 1114112K
  class space    used 5279K, committed 5504K, reserved 1048576K
}
Event: 11.085 GC heap after
{Heap after GC invocations=10 (full 0):
 garbage-first heap   total 68608K, used 27910K [0x0000000080000000, 0x0000000100000000)
  region size 1024K, 4 young (4096K), 4 survivors (4096K)
 Metaspace       used 40001K, committed 40384K, reserved 1114112K
  class space    used 5279K, committed 5504K, reserved 1048576K
}

Dll operation events (3 events):
Event: 0.043 Loaded shared library C:\Program Files\Android\Android Studio\jbr\bin\java.dll
Event: 0.355 Loaded shared library C:\Program Files\Android\Android Studio\jbr\bin\zip.dll
Event: 1.088 Loaded shared library C:\Program Files\Android\Android Studio\jbr\bin\verify.dll

Deoptimization events (20 events):
Event: 10.978 Thread 0x000001d50d99f050 Uncommon trap: trap_request=0xffffffc6 fr.pc=0x000001d578715328 relative=0x00000000000002c8
Event: 10.978 Thread 0x000001d50d99f050 Uncommon trap: reason=bimorphic_or_optimized_type_check action=maybe_recompile pc=0x000001d578715328 method=java.util.stream.MatchOps$1MatchSink.accept(Ljava/lang/Object;)V @ 12 c2
Event: 10.978 Thread 0x000001d50d99f050 DEOPT PACKING pc=0x000001d578715328 sp=0x000000880c3f8680
Event: 10.978 Thread 0x000001d50d99f050 DEOPT UNPACKING pc=0x000001d5780569a3 sp=0x000000880c3f8628 mode 2
Event: 10.984 Thread 0x000001d50d99f050 Uncommon trap: trap_request=0xffffff45 fr.pc=0x000001d578684080 relative=0x00000000000000e0
Event: 10.984 Thread 0x000001d50d99f050 Uncommon trap: reason=unstable_if action=reinterpret pc=0x000001d578684080 method=java.lang.ClassLoader.getClassLoadingLock(Ljava/lang/String;)Ljava/lang/Object; @ 6 c2
Event: 10.984 Thread 0x000001d50d99f050 DEOPT PACKING pc=0x000001d578684080 sp=0x000000880c3f8cc0
Event: 10.984 Thread 0x000001d50d99f050 DEOPT UNPACKING pc=0x000001d5780569a3 sp=0x000000880c3f8c60 mode 2
Event: 10.990 Thread 0x000001d50d99f050 Uncommon trap: trap_request=0xffffff6e fr.pc=0x000001d57873bfec relative=0x000000000000048c
Event: 10.990 Thread 0x000001d50d99f050 Uncommon trap: reason=loop_limit_check action=maybe_recompile pc=0x000001d57873bfec method=java.util.regex.Pattern$Start.match(Ljava/util/regex/Matcher;ILjava/lang/CharSequence;)Z @ 34 c2
Event: 10.990 Thread 0x000001d50d99f050 DEOPT PACKING pc=0x000001d57873bfec sp=0x000000880c3f8a00
Event: 10.990 Thread 0x000001d50d99f050 DEOPT UNPACKING pc=0x000001d5780569a3 sp=0x000000880c3f8940 mode 2
Event: 11.125 Thread 0x000001d50d99f050 Uncommon trap: trap_request=0xffffffbe fr.pc=0x000001d57871fa18 relative=0x0000000000003038
Event: 11.125 Thread 0x000001d50d99f050 Uncommon trap: reason=profile_predicate action=maybe_recompile pc=0x000001d57871fa18 method=java.util.AbstractCollection.addAll(Ljava/util/Collection;)Z @ 15 c2
Event: 11.125 Thread 0x000001d50d99f050 DEOPT PACKING pc=0x000001d57871fa18 sp=0x000000880c3fa230
Event: 11.125 Thread 0x000001d50d99f050 DEOPT UNPACKING pc=0x000001d5780569a3 sp=0x000000880c3fa228 mode 2
Event: 11.354 Thread 0x000001d50d99f050 Uncommon trap: trap_request=0xffffff45 fr.pc=0x000001d57869c838 relative=0x00000000000070d8
Event: 11.354 Thread 0x000001d50d99f050 Uncommon trap: reason=unstable_if action=reinterpret pc=0x000001d57869c838 method=jdk.internal.org.objectweb.asm.Frame.execute(IILjdk/internal/org/objectweb/asm/Symbol;Ljdk/internal/org/objectweb/asm/SymbolTable;)V @ 1 c2
Event: 11.354 Thread 0x000001d50d99f050 DEOPT PACKING pc=0x000001d57869c838 sp=0x000000880c3f98d0
Event: 11.354 Thread 0x000001d50d99f050 DEOPT UNPACKING pc=0x000001d5780569a3 sp=0x000000880c3f9888 mode 2

Classes unloaded (0 events):
No events

Classes redefined (0 events):
No events

Internal exceptions (20 events):
Event: 11.121 Thread 0x000001d50d99f050 Exception <a 'java/lang/ClassNotFoundException'{0x0000000083dc9fc0}: groovy/lang/GroovyObjectSupportCustomizer> (0x0000000083dc9fc0) 
thrown [s\src\hotspot\share\classfile\systemDictionary.cpp, line 256]
Event: 11.124 Thread 0x000001d50d99f050 Exception <a 'java/lang/ClassNotFoundException'{0x0000000083de3a80}: org/gradle/internal/extensibility/DefaultExtraPropertiesExtensionCustomizer> (0x0000000083de3a80) 
thrown [s\src\hotspot\share\classfile\systemDictionary.cpp, line 256]
Event: 11.134 Thread 0x000001d50d99f050 Exception <a 'sun/nio/fs/WindowsException'{0x0000000083c2aec0}> (0x0000000083c2aec0) 
thrown [s\src\hotspot\share\prims\jni.cpp, line 531]
Event: 11.151 Thread 0x000001d50d99f050 Exception <a 'sun/nio/fs/WindowsException'{0x0000000083c2c490}> (0x0000000083c2c490) 
thrown [s\src\hotspot\share\prims\jni.cpp, line 531]
Event: 11.152 Thread 0x000001d50d99f050 Exception <a 'sun/nio/fs/WindowsException'{0x0000000083c2da18}> (0x0000000083c2da18) 
thrown [s\src\hotspot\share\prims\jni.cpp, line 531]
Event: 11.154 Thread 0x000001d50d99f050 Exception <a 'sun/nio/fs/WindowsException'{0x0000000083c2efb0}> (0x0000000083c2efb0) 
thrown [s\src\hotspot\share\prims\jni.cpp, line 531]
Event: 11.210 Thread 0x000001d50d99f050 Exception <a 'java/lang/NoSuchMethodError'{0x0000000083b41d38}: 'java.lang.Object java.lang.invoke.Invokers$Holder.invoker(java.lang.Object, java.lang.Object, java.lang.Object, java.lang.Object, java.lang.Object, java.lang.Object, java.lang.Object, java.lang.Object, java.lang.Object)'> (0x0000000083b41d38) 
thrown [s\src\hotspot\share\interpreter\linkResolver.cpp, line 771]
Event: 11.260 Thread 0x000001d50d99f050 Exception <a 'java/lang/NoSuchMethodError'{0x0000000083bf2fc8}: 'java.lang.Object java.lang.invoke.Invokers$Holder.invoker(java.lang.Object, java.lang.Object, java.lang.Object, java.lang.Object)'> (0x0000000083bf2fc8) 
thrown [s\src\hotspot\share\interpreter\linkResolver.cpp, line 771]
Event: 11.342 Thread 0x000001d50d99f050 Exception <a 'java/lang/NoSuchMethodError'{0x0000000083aa00f0}: 'java.lang.Object java.lang.invoke.DelegatingMethodHandle$Holder.reinvoke_L(java.lang.Object, java.lang.Object, java.lang.Object, java.lang.Object, java.lang.Object, java.lang.Object, java.lang.Object, java.lang.Object, java.lang.Object, java.lang.Object, java.lang.Object, java.lang.Object, java.lang.Object, java.lang.Object, java.lang.Object, java.lang.Object, java.lang.Object, java.lang.Object, java.lang.Object, java.lang.Object, java.lang.O
Event: 11.343 Thread 0x000001d50d99f050 Exception <a 'java/lang/NoSuchMethodError'{0x0000000083aab608}: 'java.lang.Object java.lang.invoke.Invokers$Holder.invoker(java.lang.Object, java.lang.Object, java.lang.Object, java.lang.Object, java.lang.Object, java.lang.Object, java.lang.Object, java.lang.Object, java.lang.Object, java.lang.Object, java.lang.Object, java.lang.Object, java.lang.Object, java.lang.Object, java.lang.Object, java.lang.Object, java.lang.Object, java.lang.Object, java.lang.Object, java.lang.Object, java.lang.Object, java.lang.
Event: 11.344 Thread 0x000001d50d99f050 Exception <a 'java/lang/NoSuchMethodError'{0x0000000083ab2210}: 'java.lang.Object java.lang.invoke.DelegatingMethodHandle$Holder.delegate(java.lang.Object, java.lang.Object, java.lang.Object, java.lang.Object, java.lang.Object, java.lang.Object, java.lang.Object, java.lang.Object, java.lang.Object, java.lang.Object, java.lang.Object, java.lang.Object, java.lang.Object, java.lang.Object, java.lang.Object, java.lang.Object, java.lang.Object, java.lang.Object, java.lang.Object, java.lang.Object, java.lang.Obj
Event: 11.355 Thread 0x000001d50d99f050 Exception <a 'java/lang/NoSuchMethodError'{0x0000000083940898}: 'java.lang.Object java.lang.invoke.DirectMethodHandle$Holder.invokeStatic(java.lang.Object, java.lang.Object, java.lang.Object, java.lang.Object, java.lang.Object, java.lang.Object, java.lang.Object, java.lang.Object, java.lang.Object, java.lang.Object, java.lang.Object, java.lang.Object, java.lang.Object, java.lang.Object, java.lang.Object, java.lang.Object, java.lang.Object)'> (0x0000000083940898) 
thrown [s\src\hotspot\share\interpreter\lin
Event: 11.360 Thread 0x000001d50d99f050 Exception <a 'java/lang/NoSuchMethodError'{0x0000000083969960}: 'java.lang.Object java.lang.invoke.DirectMethodHandle$Holder.invokeStatic(java.lang.Object, java.lang.Object, java.lang.Object, java.lang.Object, java.lang.Object, java.lang.Object, java.lang.Object, java.lang.Object, java.lang.Object, java.lang.Object, java.lang.Object, java.lang.Object, java.lang.Object, java.lang.Object, java.lang.Object, java.lang.Object, java.lang.Object, java.lang.Object)'> (0x0000000083969960) 
thrown [s\src\hotspot\sha
Event: 11.364 Thread 0x000001d50d99f050 Exception <a 'java/lang/NoSuchMethodError'{0x0000000083993f98}: 'java.lang.Object java.lang.invoke.DirectMethodHandle$Holder.invokeStatic(java.lang.Object, java.lang.Object, java.lang.Object, java.lang.Object, java.lang.Object, java.lang.Object, java.lang.Object, java.lang.Object, java.lang.Object, java.lang.Object, java.lang.Object, java.lang.Object, java.lang.Object, java.lang.Object, java.lang.Object, java.lang.Object, java.lang.Object, java.lang.Object, java.lang.Object)'> (0x0000000083993f98) 
thrown 
Event: 11.368 Thread 0x000001d50d99f050 Exception <a 'java/lang/NoSuchMethodError'{0x00000000839befa0}: 'java.lang.Object java.lang.invoke.DirectMethodHandle$Holder.invokeStatic(java.lang.Object, java.lang.Object, java.lang.Object, java.lang.Object, java.lang.Object, java.lang.Object, java.lang.Object, java.lang.Object, java.lang.Object, java.lang.Object, java.lang.Object, java.lang.Object, java.lang.Object, java.lang.Object, java.lang.Object, java.lang.Object, java.lang.Object, java.lang.Object, java.lang.Object, java.lang.Object)'> (0x00000000
Event: 11.371 Thread 0x000001d50d99f050 Exception <a 'java/lang/NoSuchMethodError'{0x00000000839f10f8}: 'java.lang.Object java.lang.invoke.DirectMethodHandle$Holder.invokeStatic(java.lang.Object, java.lang.Object, java.lang.Object, java.lang.Object, java.lang.Object, java.lang.Object, java.lang.Object, java.lang.Object, java.lang.Object, java.lang.Object, java.lang.Object, java.lang.Object, java.lang.Object, java.lang.Object, java.lang.Object, java.lang.Object, java.lang.Object, java.lang.Object, java.lang.Object, java.lang.Object, java.lang.Obj
Event: 11.376 Thread 0x000001d50d99f050 Exception <a 'java/lang/NoSuchMethodError'{0x000000008381e618}: 'java.lang.Object java.lang.invoke.DirectMethodHandle$Holder.invokeStatic(java.lang.Object, java.lang.Object, java.lang.Object, java.lang.Object, java.lang.Object, java.lang.Object, java.lang.Object, java.lang.Object, java.lang.Object, java.lang.Object, java.lang.Object, java.lang.Object, java.lang.Object, java.lang.Object, java.lang.Object, java.lang.Object, java.lang.Object, java.lang.Object, java.lang.Object, java.lang.Object, java.lang.Obj
Event: 11.381 Thread 0x000001d50d99f050 Exception <a 'java/lang/NoSuchMethodError'{0x000000008384c250}: 'java.lang.Object java.lang.invoke.DirectMethodHandle$Holder.invokeStatic(java.lang.Object, java.lang.Object, java.lang.Object, java.lang.Object, java.lang.Object, java.lang.Object, java.lang.Object, java.lang.Object, java.lang.Object, java.lang.Object, java.lang.Object, java.lang.Object, java.lang.Object, java.lang.Object, java.lang.Object, java.lang.Object, java.lang.Object, java.lang.Object, java.lang.Object, java.lang.Object, java.lang.Obj
Event: 11.383 Thread 0x000001d50d99f050 Exception <a 'java/lang/NoSuchMethodError'{0x000000008387bd40}: 'java.lang.Object java.lang.invoke.DirectMethodHandle$Holder.invokeStatic(java.lang.Object, java.lang.Object, java.lang.Object, java.lang.Object, java.lang.Object, java.lang.Object, java.lang.Object, java.lang.Object, java.lang.Object, java.lang.Object, java.lang.Object, java.lang.Object, java.lang.Object, java.lang.Object, java.lang.Object, java.lang.Object, java.lang.Object, java.lang.Object, java.lang.Object, java.lang.Object, java.lang.Obj
Event: 11.386 Thread 0x000001d50d99f050 Exception <a 'java/lang/NoSuchMethodError'{0x00000000838ad0c0}: 'java.lang.Object java.lang.invoke.DirectMethodHandle$Holder.invokeStatic(java.lang.Object, java.lang.Object, java.lang.Object, java.lang.Object, java.lang.Object, java.lang.Object, java.lang.Object, java.lang.Object, java.lang.Object, java.lang.Object, java.lang.Object, java.lang.Object, java.lang.Object, java.lang.Object, java.lang.Object, java.lang.Object, java.lang.Object, java.lang.Object, java.lang.Object, java.lang.Object, java.lang.Obj

VM Operations (20 events):
Event: 10.241 Executing VM operation: G1PauseCleanup
Event: 10.241 Executing VM operation: G1PauseCleanup done
Event: 10.451 Executing VM operation: HandshakeAllThreads
Event: 10.451 Executing VM operation: HandshakeAllThreads done
Event: 10.740 Executing VM operation: HandshakeAllThreads
Event: 10.740 Executing VM operation: HandshakeAllThreads done
Event: 10.787 Executing VM operation: HandshakeAllThreads
Event: 10.787 Executing VM operation: HandshakeAllThreads done
Event: 10.787 Executing VM operation: HandshakeAllThreads
Event: 10.787 Executing VM operation: HandshakeAllThreads done
Event: 10.850 Executing VM operation: HandshakeAllThreads
Event: 10.850 Executing VM operation: HandshakeAllThreads done
Event: 10.861 Executing VM operation: HandshakeAllThreads
Event: 10.861 Executing VM operation: HandshakeAllThreads done
Event: 10.897 Executing VM operation: HandshakeAllThreads
Event: 10.897 Executing VM operation: HandshakeAllThreads done
Event: 10.998 Executing VM operation: HandshakeAllThreads
Event: 10.998 Executing VM operation: HandshakeAllThreads done
Event: 11.077 Executing VM operation: G1CollectForAllocation
Event: 11.085 Executing VM operation: G1CollectForAllocation done

Events (20 events):
Event: 11.352 loading class java/lang/invoke/ClassSpecializer$Factory$1Var
Event: 11.353 loading class java/lang/invoke/ClassSpecializer$Factory$1Var done
Event: 11.358 loading class java/lang/invoke/BoundMethodHandle$Species_LLLLLLLLLLLLLLL
Event: 11.358 loading class java/lang/invoke/BoundMethodHandle$Species_LLLLLLLLLLLLLLL done
Event: 11.362 loading class java/lang/invoke/BoundMethodHandle$Species_LLLLLLLLLLLLLLLL
Event: 11.362 loading class java/lang/invoke/BoundMethodHandle$Species_LLLLLLLLLLLLLLLL done
Event: 11.366 loading class java/lang/invoke/BoundMethodHandle$Species_LLLLLLLLLLLLLLLLL
Event: 11.366 loading class java/lang/invoke/BoundMethodHandle$Species_LLLLLLLLLLLLLLLLL done
Event: 11.369 loading class java/lang/invoke/BoundMethodHandle$Species_LLLLLLLLLLLLLLLLLL
Event: 11.369 loading class java/lang/invoke/BoundMethodHandle$Species_LLLLLLLLLLLLLLLLLL done
Event: 11.374 loading class java/lang/invoke/BoundMethodHandle$Species_LLLLLLLLLLLLLLLLLLL
Event: 11.374 loading class java/lang/invoke/BoundMethodHandle$Species_LLLLLLLLLLLLLLLLLLL done
Event: 11.379 loading class java/lang/invoke/BoundMethodHandle$Species_LLLLLLLLLLLLLLLLLLLL
Event: 11.379 loading class java/lang/invoke/BoundMethodHandle$Species_LLLLLLLLLLLLLLLLLLLL done
Event: 11.382 loading class java/lang/invoke/BoundMethodHandle$Species_LLLLLLLLLLLLLLLLLLLLL
Event: 11.382 loading class java/lang/invoke/BoundMethodHandle$Species_LLLLLLLLLLLLLLLLLLLLL done
Event: 11.385 loading class java/lang/invoke/BoundMethodHandle$Species_LLLLLLLLLLLLLLLLLLLLLL
Event: 11.385 loading class java/lang/invoke/BoundMethodHandle$Species_LLLLLLLLLLLLLLLLLLLLLL done
Event: 11.407 loading class java/util/regex/Pattern$Pos
Event: 11.407 loading class java/util/regex/Pattern$Pos done


Dynamic libraries:
0x00007ff634430000 - 0x00007ff63443a000 	C:\Program Files\Android\Android Studio\jbr\bin\java.exe
0x00007ff8b5a90000 - 0x00007ff8b5ca7000 	C:\WINDOWS\SYSTEM32\ntdll.dll
0x00007ff8b4470000 - 0x00007ff8b4534000 	C:\WINDOWS\System32\KERNEL32.DLL
0x00007ff8b32c0000 - 0x00007ff8b366d000 	C:\WINDOWS\System32\KERNELBASE.dll
0x00007ff8b2f10000 - 0x00007ff8b3021000 	C:\WINDOWS\System32\ucrtbase.dll
0x00007ff89da60000 - 0x00007ff89da7b000 	C:\Program Files\Android\Android Studio\jbr\bin\VCRUNTIME140.dll
0x00007ff8365a0000 - 0x00007ff8365b7000 	C:\Program Files\Android\Android Studio\jbr\bin\jli.dll
0x00007ff8b3d50000 - 0x00007ff8b3efe000 	C:\WINDOWS\System32\USER32.dll
0x00007ff8b3670000 - 0x00007ff8b3696000 	C:\WINDOWS\System32\win32u.dll
0x00007ff8b38f0000 - 0x00007ff8b3919000 	C:\WINDOWS\System32\GDI32.dll
0x00007ff8b36a0000 - 0x00007ff8b37b9000 	C:\WINDOWS\System32\gdi32full.dll
0x00007ff8b2e70000 - 0x00007ff8b2f0a000 	C:\WINDOWS\System32\msvcp_win.dll
0x00007ff89ca90000 - 0x00007ff89cd23000 	C:\WINDOWS\WinSxS\amd64_microsoft.windows.common-controls_6595b64144ccf1df_6.0.22621.3672_none_2713b9d173822955\COMCTL32.dll
0x00007ff8b5050000 - 0x00007ff8b50f7000 	C:\WINDOWS\System32\msvcrt.dll
0x00007ff8b53b0000 - 0x00007ff8b53e1000 	C:\WINDOWS\System32\IMM32.DLL
0x00007ff8a2110000 - 0x00007ff8a211c000 	C:\Program Files\Android\Android Studio\jbr\bin\vcruntime140_1.dll
0x00007ff845520000 - 0x00007ff8455ad000 	C:\Program Files\Android\Android Studio\jbr\bin\msvcp140.dll
0x00007ff833ca0000 - 0x00007ff834923000 	C:\Program Files\Android\Android Studio\jbr\bin\server\jvm.dll
0x00007ff8b5600000 - 0x00007ff8b56b2000 	C:\WINDOWS\System32\ADVAPI32.dll
0x00007ff8b3c30000 - 0x00007ff8b3cd9000 	C:\WINDOWS\System32\sechost.dll
0x00007ff8b3220000 - 0x00007ff8b3248000 	C:\WINDOWS\System32\bcrypt.dll
0x00007ff8b5230000 - 0x00007ff8b5344000 	C:\WINDOWS\System32\RPCRT4.dll
0x00007ff8b2c70000 - 0x00007ff8b2cbd000 	C:\WINDOWS\SYSTEM32\POWRPROF.dll
0x00007ff8adf90000 - 0x00007ff8adfc4000 	C:\WINDOWS\SYSTEM32\WINMM.dll
0x00007ff8a8cc0000 - 0x00007ff8a8cca000 	C:\WINDOWS\SYSTEM32\VERSION.dll
0x00007ff865200000 - 0x00007ff865209000 	C:\WINDOWS\SYSTEM32\WSOCK32.dll
0x00007ff8b51b0000 - 0x00007ff8b5221000 	C:\WINDOWS\System32\WS2_32.dll
0x00007ff8b2c50000 - 0x00007ff8b2c63000 	C:\WINDOWS\SYSTEM32\UMPDC.dll
0x00007ff8b1de0000 - 0x00007ff8b1df8000 	C:\WINDOWS\SYSTEM32\kernel.appcore.dll
0x00007ff836c30000 - 0x00007ff836c3a000 	C:\Program Files\Android\Android Studio\jbr\bin\jimage.dll
0x00007ff8aab20000 - 0x00007ff8aad52000 	C:\WINDOWS\SYSTEM32\DBGHELP.DLL
0x00007ff8b56c0000 - 0x00007ff8b5a4d000 	C:\WINDOWS\System32\combase.dll
0x00007ff8b3f00000 - 0x00007ff8b3fd7000 	C:\WINDOWS\System32\OLEAUT32.dll
0x00007ff8914a0000 - 0x00007ff8914d2000 	C:\WINDOWS\SYSTEM32\dbgcore.DLL
0x00007ff8b3030000 - 0x00007ff8b30ab000 	C:\WINDOWS\System32\bcryptPrimitives.dll
0x00007ff893ab0000 - 0x00007ff893abe000 	C:\Program Files\Android\Android Studio\jbr\bin\instrument.dll
0x00007ff836c00000 - 0x00007ff836c25000 	C:\Program Files\Android\Android Studio\jbr\bin\java.dll
0x00007ff836be0000 - 0x00007ff836bf8000 	C:\Program Files\Android\Android Studio\jbr\bin\zip.dll
0x00007ff8b4540000 - 0x00007ff8b4da8000 	C:\WINDOWS\System32\SHELL32.dll
0x00007ff8b0d00000 - 0x00007ff8b15fe000 	C:\WINDOWS\SYSTEM32\windows.storage.dll
0x00007ff8b0bc0000 - 0x00007ff8b0cff000 	C:\WINDOWS\SYSTEM32\wintypes.dll
0x00007ff8b37f0000 - 0x00007ff8b38e9000 	C:\WINDOWS\System32\SHCORE.dll
0x00007ff8b4f70000 - 0x00007ff8b4fce000 	C:\WINDOWS\System32\shlwapi.dll
0x00007ff8b2ce0000 - 0x00007ff8b2d01000 	C:\WINDOWS\SYSTEM32\profapi.dll
0x00007ff836b80000 - 0x00007ff836b99000 	C:\Program Files\Android\Android Studio\jbr\bin\net.dll
0x00007ff8ae450000 - 0x00007ff8ae586000 	C:\WINDOWS\SYSTEM32\WINHTTP.dll
0x00007ff8b2250000 - 0x00007ff8b22b9000 	C:\WINDOWS\system32\mswsock.dll
0x00007ff836b60000 - 0x00007ff836b76000 	C:\Program Files\Android\Android Studio\jbr\bin\nio.dll
0x00007ff893ac0000 - 0x00007ff893ad0000 	C:\Program Files\Android\Android Studio\jbr\bin\verify.dll
0x00007ff8a1530000 - 0x00007ff8a1557000 	C:\Users\frami\.gradle\native\68d5fa5c4cc2d200863cafc0d521ce42e7d3e7ee720ec0a83991735586a16f82\windows-amd64\native-platform.dll
0x00007ff840780000 - 0x00007ff8408c4000 	C:\Users\frami\.gradle\native\e376f236ea51e6404a007f0833ffe2c6e607c4080706a723a18a27aeea778392\windows-amd64\native-platform-file-events.dll
0x00007ff893ae0000 - 0x00007ff893ae9000 	C:\Program Files\Android\Android Studio\jbr\bin\management.dll
0x00007ff893ad0000 - 0x00007ff893adb000 	C:\Program Files\Android\Android Studio\jbr\bin\management_ext.dll
0x00007ff8b3fe0000 - 0x00007ff8b3fe8000 	C:\WINDOWS\System32\PSAPI.DLL
0x00007ff8b24b0000 - 0x00007ff8b24cb000 	C:\WINDOWS\SYSTEM32\CRYPTSP.dll
0x00007ff8b1d40000 - 0x00007ff8b1d75000 	C:\WINDOWS\system32\rsaenh.dll
0x00007ff8b2350000 - 0x00007ff8b2378000 	C:\WINDOWS\SYSTEM32\USERENV.dll
0x00007ff8b24d0000 - 0x00007ff8b24dc000 	C:\WINDOWS\SYSTEM32\CRYPTBASE.dll
0x00007ff8b1860000 - 0x00007ff8b188d000 	C:\WINDOWS\SYSTEM32\IPHLPAPI.DLL
0x00007ff8b37e0000 - 0x00007ff8b37e9000 	C:\WINDOWS\System32\NSI.dll
0x00007ff8aec50000 - 0x00007ff8aec69000 	C:\WINDOWS\SYSTEM32\dhcpcsvc6.DLL
0x00007ff8ae220000 - 0x00007ff8ae23f000 	C:\WINDOWS\SYSTEM32\dhcpcsvc.DLL
0x00007ff8b18d0000 - 0x00007ff8b19c8000 	C:\WINDOWS\SYSTEM32\DNSAPI.dll
0x00007ff893af0000 - 0x00007ff893af9000 	C:\Program Files\Android\Android Studio\jbr\bin\extnet.dll
0x00007ff8ade70000 - 0x00007ff8ade78000 	C:\WINDOWS\system32\wshunix.dll

dbghelp: loaded successfully - version: 4.0.5 - missing functions: none
symbol engine: initialized successfully - sym options: 0x614 - pdb path: .;C:\Program Files\Android\Android Studio\jbr\bin;C:\WINDOWS\SYSTEM32;C:\WINDOWS\WinSxS\amd64_microsoft.windows.common-controls_6595b64144ccf1df_6.0.22621.3672_none_2713b9d173822955;C:\Program Files\Android\Android Studio\jbr\bin\server;C:\Users\frami\.gradle\native\68d5fa5c4cc2d200863cafc0d521ce42e7d3e7ee720ec0a83991735586a16f82\windows-amd64;C:\Users\frami\.gradle\native\e376f236ea51e6404a007f0833ffe2c6e607c4080706a723a18a27aeea778392\windows-amd64

VM Arguments:
jvm_args: --add-opens=java.base/java.util=ALL-UNNAMED --add-opens=java.base/java.lang=ALL-UNNAMED --add-opens=java.base/java.lang.invoke=ALL-UNNAMED --add-opens=java.prefs/java.util.prefs=ALL-UNNAMED --add-opens=java.base/java.nio.charset=ALL-UNNAMED --add-opens=java.base/java.net=ALL-UNNAMED --add-opens=java.base/java.util.concurrent.atomic=ALL-UNNAMED -Xmx2048m -Dfile.encoding=UTF-8 -Duser.country=CO -Duser.language=es -Duser.variant -javaagent:C:\Users\frami\.gradle\wrapper\dists\gradle-8.2-bin\bbg7u40eoinfdyxsxr3z4i7ta\gradle-8.2\lib\agents\gradle-instrumentation-agent-8.2.jar 
java_command: org.gradle.launcher.daemon.bootstrap.GradleDaemon 8.2
java_class_path (initial): C:\Users\frami\.gradle\wrapper\dists\gradle-8.2-bin\bbg7u40eoinfdyxsxr3z4i7ta\gradle-8.2\lib\gradle-launcher-8.2.jar
Launcher Type: SUN_STANDARD

[Global flags]
     intx CICompilerCount                          = 4                                         {product} {ergonomic}
     uint ConcGCThreads                            = 2                                         {product} {ergonomic}
     uint G1ConcRefinementThreads                  = 8                                         {product} {ergonomic}
   size_t G1HeapRegionSize                         = 1048576                                   {product} {ergonomic}
    uintx GCDrainStackTargetSize                   = 64                                        {product} {ergonomic}
   size_t InitialHeapSize                          = 100663296                                 {product} {ergonomic}
   size_t MarkStackSize                            = 4194304                                   {product} {ergonomic}
   size_t MaxHeapSize                              = 2147483648                                {product} {command line}
   size_t MaxNewSize                               = 1287651328                                {product} {ergonomic}
   size_t MinHeapDeltaBytes                        = 1048576                                   {product} {ergonomic}
   size_t MinHeapSize                              = 8388608                                   {product} {ergonomic}
    uintx NonNMethodCodeHeapSize                   = 5839372                                {pd product} {ergonomic}
    uintx NonProfiledCodeHeapSize                  = 122909434                              {pd product} {ergonomic}
    uintx ProfiledCodeHeapSize                     = 122909434                              {pd product} {ergonomic}
    uintx ReservedCodeCacheSize                    = 251658240                              {pd product} {ergonomic}
     bool SegmentedCodeCache                       = true                                      {product} {ergonomic}
   size_t SoftMaxHeapSize                          = 2147483648                             {manageable} {ergonomic}
     bool UseCompressedClassPointers               = true                           {product lp64_product} {ergonomic}
     bool UseCompressedOops                        = true                           {product lp64_product} {ergonomic}
     bool UseG1GC                                  = true                                      {product} {ergonomic}
     bool UseLargePagesIndividualAllocation        = false                                  {pd product} {ergonomic}

Logging:
Log output configuration:
 #0: stdout all=warning uptime,level,tags
 #1: stderr all=off uptime,level,tags

Environment Variables:
JAVA_HOME=C:\Program Files\Java\jdk-21
PATH=C:\Program Files\Common Files\Oracle\Java\javapath;C:\WINDOWS\system32;C:\WINDOWS;C:\WINDOWS\System32\Wbem;C:\WINDOWS\System32\WindowsPowerShell\v1.0\;C:\WINDOWS\System32\OpenSSH\;C:\Program Files\Microsoft SQL Server\150\Tools\Binn\;C:\Program Files\Microsoft SQL Server\Client SDK\ODBC\170\Tools\Binn\;C:\Program Files\dotnet\;C:\Program Files\Java\jdk-21\bin;C:\Program Files (x86)\Microsoft SQL Server\160\DTS\Binn\;C:\Program Files\Git\cmd;C:\Users\frami\AppData\Local\Microsoft\WindowsApps;;C:\Users\frami\AppData\Local\Programs\Microsoft VS Code\bin;C:\Users\frami\.dotnet\tools
USERNAME=frami
OS=Windows_NT
PROCESSOR_IDENTIFIER=AMD64 Family 23 Model 24 Stepping 1, AuthenticAMD
TMP=C:\Users\frami\AppData\Local\Temp
TEMP=C:\Users\frami\AppData\Local\Temp



Periodic native trim disabled

JNI global refs:
JNI global refs: 24, weak refs: 1

JNI global refs memory usage: 843, weak refs: 841

Process memory usage:
Resident Set Size: 196092K (3% of 6174988K total physical memory with 453452K free physical memory)

OOME stack traces (most recent first):
Classloader memory used:
Loader org.gradle.internal.classloader.VisitableURLClassLoader                         : 2423K
Loader bootstrap                                                                       : 2295K
Loader org.gradle.initialization.MixInLegacyTypesClassLoader                           : 437K
Loader jdk.internal.loader.ClassLoaders$PlatformClassLoader                            : 68876B
Loader jdk.internal.loader.ClassLoaders$AppClassLoader                                 : 28451B
Loader jdk.internal.reflect.DelegatingClassLoader                                      : 3534B

Classes loaded by more than one classloader:
Class org.gradle.internal.installation.GradleInstallation                             : loaded 2 times (x 73B)
Class org.gradle.internal.classpath.ClassPath                                         : loaded 2 times (x 68B)
Class org.gradle.api.internal.classpath.DefaultModuleRegistry                         : loaded 2 times (x 84B)
Class org.gradle.api.Action                                                           : loaded 2 times (x 68B)
Class org.gradle.api.internal.DefaultClassPathProvider                                : loaded 2 times (x 74B)
Class org.gradle.internal.installation.GradleInstallation$1                           : loaded 2 times (x 73B)
Class org.gradle.internal.classloader.FilteringClassLoader                            : loaded 2 times (x 103B)
Class org.gradle.internal.classpath.DefaultClassPath$ImmutableUniqueList$Builder      : loaded 2 times (x 73B)
Class org.gradle.internal.classloader.ClassLoaderVisitor                              : loaded 2 times (x 74B)
Class org.gradle.internal.service.DefaultServiceLocator                               : loaded 2 times (x 81B)
Class org.gradle.internal.service.UnknownServiceException                             : loaded 2 times (x 81B)
Class org.gradle.internal.classloader.DefaultClassLoaderFactory                       : loaded 2 times (x 80B)
Class org.gradle.internal.classloader.VisitableURLClassLoader$Spec                    : loaded 2 times (x 72B)
Class org.gradle.api.GradleException                                                  : loaded 2 times (x 80B)
Class org.gradle.api.internal.classpath.ModuleRegistry                                : loaded 2 times (x 68B)
Class org.gradle.api.internal.ClassPathProvider                                       : loaded 2 times (x 68B)
Class org.gradle.internal.classloader.ClasspathUtil$1                                 : loaded 2 times (x 74B)
Class org.gradle.internal.classloader.ClassLoaderFactory                              : loaded 2 times (x 68B)
Class org.gradle.api.internal.classpath.ManifestUtil                                  : loaded 2 times (x 69B)
Class org.gradle.api.specs.Spec                                                       : loaded 2 times (x 68B)
Class org.gradle.internal.IoActions                                                   : loaded 2 times (x 69B)
Class org.gradle.api.internal.classpath.EffectiveClassPath                            : loaded 2 times (x 88B)
Class org.gradle.internal.installation.CurrentGradleInstallation                      : loaded 2 times (x 71B)
Class org.gradle.internal.agents.InstrumentingClassLoader                             : loaded 2 times (x 68B)
Class org.gradle.internal.installation.CurrentGradleInstallationLocator               : loaded 2 times (x 69B)
Class org.gradle.api.internal.classpath.Module                                        : loaded 2 times (x 68B)
Class org.gradle.internal.service.CachingServiceLocator                               : loaded 2 times (x 80B)
Class org.gradle.internal.classpath.DefaultClassPath                                  : loaded 2 times (x 88B)
Class org.gradle.internal.classloader.SystemClassLoaderSpec                           : loaded 2 times (x 69B)
Class org.gradle.api.UncheckedIOException                                             : loaded 2 times (x 80B)
Class org.gradle.internal.classloader.ClasspathUtil                                   : loaded 2 times (x 69B)
Class org.gradle.api.internal.DefaultClassPathRegistry                                : loaded 2 times (x 74B)
Class org.gradle.api.internal.classpath.DefaultModuleRegistry$DefaultModule           : loaded 2 times (x 84B)
Class org.gradle.api.internal.classpath.UnknownModuleException                        : loaded 2 times (x 80B)
Class org.gradle.internal.service.ServiceLookupException                              : loaded 2 times (x 80B)
Class org.gradle.cache.GlobalCache                                                    : loaded 2 times (x 68B)
Class [Lorg.gradle.api.internal.ClassPathProvider;                                    : loaded 2 times (x 67B)
Class org.gradle.util.internal.GUtil                                                  : loaded 2 times (x 69B)
Class org.gradle.internal.classloader.ClassLoaderSpec                                 : loaded 2 times (x 69B)
Class org.gradle.internal.classloader.VisitableURLClassLoader                         : loaded 2 times (x 115B)
Class org.gradle.internal.Cast                                                        : loaded 2 times (x 69B)
Class org.gradle.api.internal.ClassPathRegistry                                       : loaded 2 times (x 68B)
Class org.gradle.internal.classloader.VisitableURLClassLoader$InstrumentingVisitableURLClassLoader: loaded 2 times (x 121B)
Class org.gradle.internal.classloader.ClassLoaderHierarchy                            : loaded 2 times (x 68B)
Class org.gradle.internal.InternalTransformer                                         : loaded 2 times (x 68B)
Class org.gradle.internal.service.ServiceLocator                                      : loaded 2 times (x 68B)
Class org.gradle.internal.classpath.DefaultClassPath$ImmutableUniqueList              : loaded 2 times (x 159B)
Class org.gradle.internal.classpath.TransformedClassPath                              : loaded 2 times (x 94B)


---------------  S Y S T E M  ---------------

OS:
 Windows 11 , 64 bit Build 22621 (10.0.22621.3958)
OS uptime: 3 days 21:19 hours

CPU: total 8 (initial active 8) (8 cores per cpu, 2 threads per core) family 23 model 24 stepping 1 microcode 0x0, cx8, cmov, fxsr, ht, mmx, 3dnowpref, sse, sse2, sse3, ssse3, sse4a, sse4.1, sse4.2, popcnt, lzcnt, tsc, tscinvbit, avx, avx2, aes, clmul, bmi1, bmi2, adx, sha, fma, vzeroupper, clflush, clflushopt
Processor Information for all 8 processors :
  Max Mhz: 2100, Current Mhz: 2100, Mhz Limit: 2100

Memory: 4k page, system-wide physical 6030M (443M free)
TotalPageFile size 24462M (AvailPageFile size 5M)
current process WorkingSet (physical memory assigned to process): 191M, peak: 191M
current process commit charge ("private bytes"): 245M, peak: 246M

vm_info: OpenJDK 64-Bit Server VM (17.0.11+0--11852314) for windows-amd64 JRE (17.0.11+0--11852314), built on May 16 2024 21:29:20 by "androidbuild" with MS VC++ 16.10 / 16.11 (VS2019)

END.
