#
# There is insufficient memory for the Java Runtime Environment to continue.
# Native memory allocation (malloc) failed to allocate 817376 bytes. Error detail: Chunk::new
# Possible reasons:
#   The system is out of physical RAM or swap space
#   This process is running with CompressedOops enabled, and the Java Heap may be blocking the growth of the native heap
# Possible solutions:
#   Reduce memory load on the system
#   Increase physical memory or swap space
#   Check if swap backing store is full
#   Decrease Java heap size (-Xmx/-Xms)
#   Decrease number of Java threads
#   Decrease Java thread stack sizes (-Xss)
#   Set larger code cache with -XX:ReservedCodeCacheSize=
#   JVM is running with Unscaled Compressed Oops mode in which the Java heap is
#     placed in the first 4GB address space. The Java Heap base address is the
#     maximum limit for the native heap growth. Please use -XX:HeapBaseMinAddress
#     to set the Java Heap base and to place the Java Heap above 4GB virtual address.
# This output file may be truncated or incomplete.
#
#  Out of Memory Error (arena.cpp:191), pid=18856, tid=15344
#
# JRE version: OpenJDK Runtime Environment (17.0.11) (build 17.0.11+0--11852314)
# Java VM: OpenJDK 64-Bit Server VM (17.0.11+0--11852314, mixed mode, tiered, compressed oops, compressed class ptrs, g1 gc, windows-amd64)
# No core dump will be written. Minidumps are not enabled by default on client versions of Windows
#

---------------  S U M M A R Y ------------

Command Line: --add-opens=java.base/java.util=ALL-UNNAMED --add-opens=java.base/java.lang=ALL-UNNAMED --add-opens=java.base/java.lang.invoke=ALL-UNNAMED --add-opens=java.prefs/java.util.prefs=ALL-UNNAMED --add-opens=java.base/java.nio.charset=ALL-UNNAMED --add-opens=java.base/java.net=ALL-UNNAMED --add-opens=java.base/java.util.concurrent.atomic=ALL-UNNAMED -Xmx2048m -Dfile.encoding=UTF-8 -Duser.country=CO -Duser.language=es -Duser.variant -javaagent:C:\Users\frami\.gradle\wrapper\dists\gradle-8.2-bin\bbg7u40eoinfdyxsxr3z4i7ta\gradle-8.2\lib\agents\gradle-instrumentation-agent-8.2.jar org.gradle.launcher.daemon.bootstrap.GradleDaemon 8.2

Host: AMD Ryzen 5 3450U with Radeon Vega Mobile Gfx  , 8 cores, 5G,  Windows 11 , 64 bit Build 22621 (10.0.22621.3958)
Time: Fri Sep 13 15:44:51 2024 Hora est. Pacífico, Sudamérica elapsed time: 6.070225 seconds (0d 0h 0m 6s)

---------------  T H R E A D  ---------------

Current thread (0x00000220f2035cd0):  JavaThread "C2 CompilerThread0" daemon [_thread_in_native, id=15344, stack(0x0000009319b00000,0x0000009319c00000)]


Current CompileTask:
C2:   6070 2753       4       java.lang.invoke.MethodType::makeImpl (109 bytes)

Stack: [0x0000009319b00000,0x0000009319c00000]
Native frames: (J=compiled Java code, j=interpreted, Vv=VM code, C=native code)
V  [jvm.dll+0x687bb9]
V  [jvm.dll+0x84142a]
V  [jvm.dll+0x8430ae]
V  [jvm.dll+0x843713]
V  [jvm.dll+0x24a35f]
V  [jvm.dll+0xac544]
V  [jvm.dll+0xacb8c]
V  [jvm.dll+0x2b194f]
V  [jvm.dll+0x58eba7]
V  [jvm.dll+0x2247e2]
V  [jvm.dll+0x21da52]
V  [jvm.dll+0x21b201]
V  [jvm.dll+0x1a63ed]
V  [jvm.dll+0x22b1ee]
V  [jvm.dll+0x229375]
V  [jvm.dll+0x7f5647]
V  [jvm.dll+0x7efa4a]
V  [jvm.dll+0x686a35]
C  [ucrtbase.dll+0x29333]
C  [KERNEL32.DLL+0x1257d]
C  [ntdll.dll+0x5af28]


---------------  P R O C E S S  ---------------

Threads class SMR info:
_java_thread_list=0x00000220f44bcd10, length=33, elements={
0x00000220d3e7bc00, 0x00000220f2013020, 0x00000220f2013ea0, 0x00000220edcf2c00,
0x00000220edcf37c0, 0x00000220edcf4380, 0x00000220f2035020, 0x00000220f2035cd0,
0x00000220f2039c80, 0x00000220f20455c0, 0x00000220edc6a620, 0x00000220f23162a0,
0x00000220f33f68f0, 0x00000220f3c2a290, 0x00000220f3b7f030, 0x00000220f3cce020,
0x00000220f3cce500, 0x00000220f3cce9e0, 0x00000220f309dd70, 0x00000220f2c5be50,
0x00000220f2c5af20, 0x00000220f2c5cd80, 0x00000220f2c5c870, 0x00000220f2c5c360,
0x00000220f2c5b430, 0x00000220f2c5a500, 0x00000220f2c5aa10, 0x00000220f404a300,
0x00000220f404dab0, 0x00000220f40484a0, 0x00000220f404d090, 0x00000220f404ad20,
0x00000220f404d5a0
}

Java Threads: ( => current thread )
  0x00000220d3e7bc00 JavaThread "main" [_thread_blocked, id=13056, stack(0x0000009318e00000,0x0000009318f00000)]
  0x00000220f2013020 JavaThread "Reference Handler" daemon [_thread_blocked, id=21092, stack(0x0000009319500000,0x0000009319600000)]
  0x00000220f2013ea0 JavaThread "Finalizer" daemon [_thread_blocked, id=17460, stack(0x0000009319600000,0x0000009319700000)]
  0x00000220edcf2c00 JavaThread "Signal Dispatcher" daemon [_thread_blocked, id=5676, stack(0x0000009319700000,0x0000009319800000)]
  0x00000220edcf37c0 JavaThread "Attach Listener" daemon [_thread_blocked, id=14452, stack(0x0000009319800000,0x0000009319900000)]
  0x00000220edcf4380 JavaThread "Service Thread" daemon [_thread_blocked, id=18108, stack(0x0000009319900000,0x0000009319a00000)]
  0x00000220f2035020 JavaThread "Monitor Deflation Thread" daemon [_thread_blocked, id=20284, stack(0x0000009319a00000,0x0000009319b00000)]
=>0x00000220f2035cd0 JavaThread "C2 CompilerThread0" daemon [_thread_in_native, id=15344, stack(0x0000009319b00000,0x0000009319c00000)]
  0x00000220f2039c80 JavaThread "C1 CompilerThread0" daemon [_thread_blocked, id=7380, stack(0x0000009319c00000,0x0000009319d00000)]
  0x00000220f20455c0 JavaThread "Sweeper thread" daemon [_thread_blocked, id=16628, stack(0x0000009319d00000,0x0000009319e00000)]
  0x00000220edc6a620 JavaThread "Common-Cleaner" daemon [_thread_blocked, id=18312, stack(0x0000009319e00000,0x0000009319f00000)]
  0x00000220f23162a0 JavaThread "Notification Thread" daemon [_thread_blocked, id=12508, stack(0x0000009319f00000,0x000000931a000000)]
  0x00000220f33f68f0 JavaThread "Daemon health stats" [_thread_blocked, id=20640, stack(0x000000931a500000,0x000000931a600000)]
  0x00000220f3c2a290 JavaThread "Incoming local TCP Connector on port 61000" [_thread_in_native, id=14524, stack(0x000000931a600000,0x000000931a700000)]
  0x00000220f3b7f030 JavaThread "Daemon periodic checks" [_thread_blocked, id=6680, stack(0x000000931a700000,0x000000931a800000)]
  0x00000220f3cce020 JavaThread "Daemon" [_thread_blocked, id=15612, stack(0x000000931a800000,0x000000931a900000)]
  0x00000220f3cce500 JavaThread "Handler for socket connection from /127.0.0.1:61000 to /127.0.0.1:61001" [_thread_in_native, id=10260, stack(0x000000931a900000,0x000000931aa00000)]
  0x00000220f3cce9e0 JavaThread "Cancel handler" [_thread_blocked, id=13124, stack(0x000000931aa00000,0x000000931ab00000)]
  0x00000220f309dd70 JavaThread "Daemon worker" [_thread_in_native, id=18064, stack(0x000000931ab00000,0x000000931ac00000)]
  0x00000220f2c5be50 JavaThread "Asynchronous log dispatcher for DefaultDaemonConnection: socket connection from /127.0.0.1:61000 to /127.0.0.1:61001" [_thread_blocked, id=17488, stack(0x000000931ac00000,0x000000931ad00000)]
  0x00000220f2c5af20 JavaThread "Stdin handler" [_thread_blocked, id=6248, stack(0x000000931ad00000,0x000000931ae00000)]
  0x00000220f2c5cd80 JavaThread "Daemon client event forwarder" [_thread_blocked, id=21884, stack(0x000000931ae00000,0x000000931af00000)]
  0x00000220f2c5c870 JavaThread "Cache worker for journal cache (C:\Users\frami\.gradle\caches\journal-1)" [_thread_blocked, id=21228, stack(0x000000931b300000,0x000000931b400000)]
  0x00000220f2c5c360 JavaThread "File lock request listener" [_thread_in_native, id=1516, stack(0x000000931b400000,0x000000931b500000)]
  0x00000220f2c5b430 JavaThread "Cache worker for file hash cache (C:\Users\frami\.gradle\caches\8.2\fileHashes)" [_thread_blocked, id=10436, stack(0x000000931b500000,0x000000931b600000)]
  0x00000220f2c5a500 JavaThread "File watcher server" daemon [_thread_in_native, id=16252, stack(0x000000931b600000,0x000000931b700000)]
  0x00000220f2c5aa10 JavaThread "File watcher consumer" daemon [_thread_blocked, id=8444, stack(0x000000931b700000,0x000000931b800000)]
  0x00000220f404a300 JavaThread "Cache worker for checksums cache (C:\Users\frami\Downloads\rehapp_front7\.gradle\8.2\checksums)" [_thread_blocked, id=3992, stack(0x000000931b800000,0x000000931b900000)]
  0x00000220f404dab0 JavaThread "Cache worker for cache directory md-rule (C:\Users\frami\.gradle\caches\8.2\md-rule)" [_thread_blocked, id=3472, stack(0x000000931b900000,0x000000931ba00000)]
  0x00000220f40484a0 JavaThread "Cache worker for file content cache (C:\Users\frami\.gradle\caches\8.2\fileContent)" [_thread_blocked, id=5708, stack(0x000000931ba00000,0x000000931bb00000)]
  0x00000220f404d090 JavaThread "Cache worker for file hash cache (C:\Users\frami\Downloads\rehapp_front7\.gradle\8.2\fileHashes)" [_thread_blocked, id=8160, stack(0x000000931bb00000,0x000000931bc00000)]
  0x00000220f404ad20 JavaThread "Cache worker for cache directory md-supplier (C:\Users\frami\.gradle\caches\8.2\md-supplier)" [_thread_blocked, id=21688, stack(0x000000931bc00000,0x000000931bd00000)]
  0x00000220f404d5a0 JavaThread "Cache worker for execution history cache (C:\Users\frami\.gradle\caches\8.2\executionHistory)" [_thread_blocked, id=19516, stack(0x000000931bd00000,0x000000931be00000)]

Other Threads:
  0x00000220edcdd030 VMThread "VM Thread" [stack: 0x0000009319400000,0x0000009319500000] [id=22296]
  0x00000220d3e7ca80 WatcherThread [stack: 0x000000931a000000,0x000000931a100000] [id=492]
  0x00000220d3ed6c70 GCTaskThread "GC Thread#0" [stack: 0x0000009318f00000,0x0000009319000000] [id=17120]
  0x00000220f2d1a000 GCTaskThread "GC Thread#1" [stack: 0x000000931a100000,0x000000931a200000] [id=5780]
  0x00000220f2cb3a30 GCTaskThread "GC Thread#2" [stack: 0x000000931a200000,0x000000931a300000] [id=7332]
  0x00000220f2cb3cf0 GCTaskThread "GC Thread#3" [stack: 0x000000931a300000,0x000000931a400000] [id=14008]
  0x00000220f33beba0 GCTaskThread "GC Thread#4" [stack: 0x000000931a400000,0x000000931a500000] [id=2384]
  0x00000220f3d85aa0 GCTaskThread "GC Thread#5" [stack: 0x000000931af00000,0x000000931b000000] [id=19472]
  0x00000220f3d85d60 GCTaskThread "GC Thread#6" [stack: 0x000000931b000000,0x000000931b100000] [id=7336]
  0x00000220f3d695c0 GCTaskThread "GC Thread#7" [stack: 0x000000931b100000,0x000000931b200000] [id=13932]
  0x00000220d3ee9bd0 ConcurrentGCThread "G1 Main Marker" [stack: 0x0000009319000000,0x0000009319100000] [id=13388]
  0x00000220d3eead90 ConcurrentGCThread "G1 Conc#0" [stack: 0x0000009319100000,0x0000009319200000] [id=17852]
  0x00000220f3d69a90 ConcurrentGCThread "G1 Conc#1" [stack: 0x000000931b200000,0x000000931b300000] [id=6948]
  0x00000220edb324c0 ConcurrentGCThread "G1 Refine#0" [stack: 0x0000009319200000,0x0000009319300000] [id=9496]
  0x00000220f45c6ab0 ConcurrentGCThread "G1 Refine#1" [stack: 0x000000931be00000,0x000000931bf00000] [id=14504]
  0x00000220edb32ef0 ConcurrentGCThread "G1 Service" [stack: 0x0000009319300000,0x0000009319400000] [id=20008]

Threads with active compile tasks:
C2 CompilerThread0     6119 2753       4       java.lang.invoke.MethodType::makeImpl (109 bytes)

VM state: not at safepoint (normal execution)

VM Mutex/Monitor currently owned by a thread: None

Heap address: 0x0000000080000000, size: 2048 MB, Compressed Oops mode: 32-bit

CDS archive(s) not mapped
Compressed class space mapped at: 0x0000000100000000-0x0000000140000000, reserved size: 1073741824
Narrow klass base: 0x0000000000000000, Narrow klass shift: 3, Narrow klass range: 0x140000000

GC Precious Log:
 CPUs: 8 total, 8 available
 Memory: 6030M
 Large Page Support: Disabled
 NUMA Support: Disabled
 Compressed Oops: Enabled (32-bit)
 Heap Region Size: 1M
 Heap Min Capacity: 8M
 Heap Initial Capacity: 96M
 Heap Max Capacity: 2G
 Pre-touch: Disabled
 Parallel Workers: 8
 Concurrent Workers: 2
 Concurrent Refinement Workers: 8
 Periodic GC: Disabled

Heap:
 garbage-first heap   total 68608K, used 24619K [0x0000000080000000, 0x0000000100000000)
  region size 1024K, 5 young (5120K), 3 survivors (3072K)
 Metaspace       used 33700K, committed 33984K, reserved 1114112K
  class space    used 4608K, committed 4736K, reserved 1048576K

Heap Regions: E=young(eden), S=young(survivor), O=old, HS=humongous(starts), HC=humongous(continues), CS=collection set, F=free, OA=open archive, CA=closed archive, TAMS=top-at-mark-start (previous, next)
|   0|0x0000000080000000, 0x0000000080100000, 0x0000000080100000|100%|HS|  |TAMS 0x0000000080100000, 0x0000000080000000| Complete 
|   1|0x0000000080100000, 0x0000000080200000, 0x0000000080200000|100%|HC|  |TAMS 0x0000000080200000, 0x0000000080100000| Complete 
|   2|0x0000000080200000, 0x0000000080300000, 0x0000000080300000|100%|HC|  |TAMS 0x0000000080300000, 0x0000000080200000| Complete 
|   3|0x0000000080300000, 0x0000000080400000, 0x0000000080400000|100%|HC|  |TAMS 0x0000000080400000, 0x0000000080300000| Complete 
|   4|0x0000000080400000, 0x0000000080500000, 0x0000000080500000|100%| O|  |TAMS 0x0000000080500000, 0x0000000080400000| Untracked 
|   5|0x0000000080500000, 0x0000000080600000, 0x0000000080600000|100%| O|  |TAMS 0x0000000080600000, 0x0000000080500000| Untracked 
|   6|0x0000000080600000, 0x0000000080700000, 0x0000000080700000|100%| O|  |TAMS 0x0000000080700000, 0x0000000080600000| Untracked 
|   7|0x0000000080700000, 0x0000000080800000, 0x0000000080800000|100%| O|  |TAMS 0x0000000080800000, 0x0000000080700000| Untracked 
|   8|0x0000000080800000, 0x00000000808c8600, 0x0000000080900000| 78%| O|  |TAMS 0x0000000080800000, 0x0000000080800000| Untracked 
|   9|0x0000000080900000, 0x0000000080a00000, 0x0000000080a00000|100%| O|  |TAMS 0x0000000080a00000, 0x0000000080900000| Untracked 
|  10|0x0000000080a00000, 0x0000000080b00000, 0x0000000080b00000|100%| O|  |TAMS 0x0000000080b00000, 0x0000000080a00000| Untracked 
|  11|0x0000000080b00000, 0x0000000080c00000, 0x0000000080c00000|100%| O|  |TAMS 0x0000000080b87e00, 0x0000000080b00000| Untracked 
|  12|0x0000000080c00000, 0x0000000080d00000, 0x0000000080d00000|100%| O|  |TAMS 0x0000000080c00000, 0x0000000080c00000| Untracked 
|  13|0x0000000080d00000, 0x0000000080e00000, 0x0000000080e00000|100%| O|  |TAMS 0x0000000080d00000, 0x0000000080d00000| Untracked 
|  14|0x0000000080e00000, 0x0000000080f00000, 0x0000000080f00000|100%| O|  |TAMS 0x0000000080e00000, 0x0000000080e00000| Untracked 
|  15|0x0000000080f00000, 0x0000000081000000, 0x0000000081000000|100%| O|  |TAMS 0x0000000080f00000, 0x0000000080f00000| Untracked 
|  16|0x0000000081000000, 0x0000000081100000, 0x0000000081100000|100%| O|  |TAMS 0x0000000081000000, 0x0000000081000000| Untracked 
|  17|0x0000000081100000, 0x0000000081200000, 0x0000000081200000|100%| O|  |TAMS 0x0000000081100000, 0x0000000081100000| Untracked 
|  18|0x0000000081200000, 0x0000000081300000, 0x0000000081300000|100%| O|  |TAMS 0x0000000081200000, 0x0000000081200000| Untracked 
|  19|0x0000000081300000, 0x0000000081400000, 0x0000000081400000|100%| O|  |TAMS 0x0000000081300000, 0x0000000081300000| Untracked 
|  20|0x0000000081400000, 0x0000000081488200, 0x0000000081500000| 53%| O|  |TAMS 0x0000000081400000, 0x0000000081400000| Untracked 
|  21|0x0000000081500000, 0x0000000081500000, 0x0000000081600000|  0%| F|  |TAMS 0x0000000081500000, 0x0000000081500000| Untracked 
|  22|0x0000000081600000, 0x0000000081600000, 0x0000000081700000|  0%| F|  |TAMS 0x0000000081600000, 0x0000000081600000| Untracked 
|  23|0x0000000081700000, 0x0000000081700000, 0x0000000081800000|  0%| F|  |TAMS 0x0000000081700000, 0x0000000081700000| Untracked 
|  24|0x0000000081800000, 0x0000000081800000, 0x0000000081900000|  0%| F|  |TAMS 0x0000000081800000, 0x0000000081800000| Untracked 
|  25|0x0000000081900000, 0x0000000081900000, 0x0000000081a00000|  0%| F|  |TAMS 0x0000000081900000, 0x0000000081900000| Untracked 
|  26|0x0000000081a00000, 0x0000000081a00000, 0x0000000081b00000|  0%| F|  |TAMS 0x0000000081a00000, 0x0000000081a00000| Untracked 
|  27|0x0000000081b00000, 0x0000000081b00000, 0x0000000081c00000|  0%| F|  |TAMS 0x0000000081b00000, 0x0000000081b00000| Untracked 
|  28|0x0000000081c00000, 0x0000000081c00000, 0x0000000081d00000|  0%| F|  |TAMS 0x0000000081c00000, 0x0000000081c00000| Untracked 
|  29|0x0000000081d00000, 0x0000000081d00000, 0x0000000081e00000|  0%| F|  |TAMS 0x0000000081d00000, 0x0000000081d00000| Untracked 
|  30|0x0000000081e00000, 0x0000000081e00000, 0x0000000081f00000|  0%| F|  |TAMS 0x0000000081e00000, 0x0000000081e00000| Untracked 
|  31|0x0000000081f00000, 0x0000000081f00000, 0x0000000082000000|  0%| F|  |TAMS 0x0000000081f00000, 0x0000000081f00000| Untracked 
|  32|0x0000000082000000, 0x0000000082000000, 0x0000000082100000|  0%| F|  |TAMS 0x0000000082000000, 0x0000000082000000| Untracked 
|  33|0x0000000082100000, 0x00000000821ba4b0, 0x0000000082200000| 72%| S|CS|TAMS 0x0000000082100000, 0x0000000082100000| Complete 
|  34|0x0000000082200000, 0x0000000082300000, 0x0000000082300000|100%| S|CS|TAMS 0x0000000082200000, 0x0000000082200000| Complete 
|  35|0x0000000082300000, 0x0000000082400000, 0x0000000082400000|100%| S|CS|TAMS 0x0000000082300000, 0x0000000082300000| Complete 
|  36|0x0000000082400000, 0x0000000082400000, 0x0000000082500000|  0%| F|  |TAMS 0x0000000082400000, 0x0000000082400000| Untracked 
|  37|0x0000000082500000, 0x0000000082500000, 0x0000000082600000|  0%| F|  |TAMS 0x0000000082500000, 0x0000000082500000| Untracked 
|  38|0x0000000082600000, 0x0000000082600000, 0x0000000082700000|  0%| F|  |TAMS 0x0000000082600000, 0x0000000082600000| Untracked 
|  39|0x0000000082700000, 0x0000000082700000, 0x0000000082800000|  0%| F|  |TAMS 0x0000000082700000, 0x0000000082700000| Untracked 
|  40|0x0000000082800000, 0x0000000082800000, 0x0000000082900000|  0%| F|  |TAMS 0x0000000082800000, 0x0000000082800000| Untracked 
|  41|0x0000000082900000, 0x0000000082900000, 0x0000000082a00000|  0%| F|  |TAMS 0x0000000082900000, 0x0000000082900000| Untracked 
|  42|0x0000000082a00000, 0x0000000082a00000, 0x0000000082b00000|  0%| F|  |TAMS 0x0000000082a00000, 0x0000000082a00000| Untracked 
|  43|0x0000000082b00000, 0x0000000082b00000, 0x0000000082c00000|  0%| F|  |TAMS 0x0000000082b00000, 0x0000000082b00000| Untracked 
|  44|0x0000000082c00000, 0x0000000082c00000, 0x0000000082d00000|  0%| F|  |TAMS 0x0000000082c00000, 0x0000000082c00000| Untracked 
|  45|0x0000000082d00000, 0x0000000082d00000, 0x0000000082e00000|  0%| F|  |TAMS 0x0000000082d00000, 0x0000000082d00000| Untracked 
|  46|0x0000000082e00000, 0x0000000082e00000, 0x0000000082f00000|  0%| F|  |TAMS 0x0000000082e00000, 0x0000000082e00000| Untracked 
|  47|0x0000000082f00000, 0x0000000082f00000, 0x0000000083000000|  0%| F|  |TAMS 0x0000000082f00000, 0x0000000082f00000| Untracked 
|  48|0x0000000083000000, 0x0000000083000000, 0x0000000083100000|  0%| F|  |TAMS 0x0000000083000000, 0x0000000083000000| Untracked 
|  49|0x0000000083100000, 0x0000000083100000, 0x0000000083200000|  0%| F|  |TAMS 0x0000000083100000, 0x0000000083100000| Untracked 
|  50|0x0000000083200000, 0x0000000083200000, 0x0000000083300000|  0%| F|  |TAMS 0x0000000083200000, 0x0000000083200000| Untracked 
|  51|0x0000000083300000, 0x0000000083300000, 0x0000000083400000|  0%| F|  |TAMS 0x0000000083300000, 0x0000000083300000| Untracked 
|  52|0x0000000083400000, 0x0000000083400000, 0x0000000083500000|  0%| F|  |TAMS 0x0000000083400000, 0x0000000083400000| Untracked 
|  53|0x0000000083500000, 0x0000000083500000, 0x0000000083600000|  0%| F|  |TAMS 0x0000000083500000, 0x0000000083500000| Untracked 
|  54|0x0000000083600000, 0x0000000083600000, 0x0000000083700000|  0%| F|  |TAMS 0x0000000083600000, 0x0000000083600000| Untracked 
|  55|0x0000000083700000, 0x0000000083700000, 0x0000000083800000|  0%| F|  |TAMS 0x0000000083700000, 0x0000000083700000| Untracked 
|  56|0x0000000083800000, 0x0000000083800000, 0x0000000083900000|  0%| F|  |TAMS 0x0000000083800000, 0x0000000083800000| Untracked 
|  57|0x0000000083900000, 0x0000000083900000, 0x0000000083a00000|  0%| F|  |TAMS 0x0000000083900000, 0x0000000083900000| Untracked 
|  58|0x0000000083a00000, 0x0000000083a00000, 0x0000000083b00000|  0%| F|  |TAMS 0x0000000083a00000, 0x0000000083a00000| Untracked 
|  59|0x0000000083b00000, 0x0000000083b00000, 0x0000000083c00000|  0%| F|  |TAMS 0x0000000083b00000, 0x0000000083b00000| Untracked 
|  60|0x0000000083c00000, 0x0000000083c00000, 0x0000000083d00000|  0%| F|  |TAMS 0x0000000083c00000, 0x0000000083c00000| Untracked 
|  61|0x0000000083d00000, 0x0000000083d00000, 0x0000000083e00000|  0%| F|  |TAMS 0x0000000083d00000, 0x0000000083d00000| Untracked 
|  62|0x0000000083e00000, 0x0000000083e00000, 0x0000000083f00000|  0%| F|  |TAMS 0x0000000083e00000, 0x0000000083e00000| Untracked 
|  63|0x0000000083f00000, 0x0000000083f00000, 0x0000000084000000|  0%| F|  |TAMS 0x0000000083f00000, 0x0000000083f00000| Untracked 
|  64|0x0000000084000000, 0x0000000084000000, 0x0000000084100000|  0%| F|  |TAMS 0x0000000084000000, 0x0000000084000000| Untracked 
|  65|0x0000000084100000, 0x000000008416f8d8, 0x0000000084200000| 43%| E|  |TAMS 0x0000000084100000, 0x0000000084100000| Complete 
|  95|0x0000000085f00000, 0x0000000086000000, 0x0000000086000000|100%| E|CS|TAMS 0x0000000085f00000, 0x0000000085f00000| Complete 

Card table byte_map: [0x00000220e6a80000,0x00000220e6e80000] _byte_map_base: 0x00000220e6680000

Marking Bits (Prev, Next): (CMBitMap*) 0x00000220d3ed72d0, (CMBitMap*) 0x00000220d3ed7290
 Prev Bits: [0x00000220e9280000, 0x00000220eb280000)
 Next Bits: [0x00000220e7280000, 0x00000220e9280000)

Polling page: 0x00000220d1e00000

Metaspace:

Usage:
  Non-class:     28.44 MB used.
      Class:      4.50 MB used.
       Both:     32.94 MB used.

Virtual space:
  Non-class space:       64.00 MB reserved,      28.62 MB ( 45%) committed,  1 nodes.
      Class space:        1.00 GB reserved,       4.62 MB ( <1%) committed,  1 nodes.
             Both:        1.06 GB reserved,      33.25 MB (  3%) committed. 

Chunk freelists:
   Non-Class:  3.36 MB
       Class:  11.38 MB
        Both:  14.73 MB

MaxMetaspaceSize: unlimited
CompressedClassSpaceSize: 1.00 GB
Initial GC threshold: 21.00 MB
Current GC threshold: 35.25 MB
CDS: off
MetaspaceReclaimPolicy: balanced
 - commit_granule_bytes: 65536.
 - commit_granule_words: 8192.
 - virtual_space_node_default_size: 8388608.
 - enlarge_chunks_in_place: 1.
 - new_chunks_are_fully_committed: 0.
 - uncommit_free_chunks: 1.
 - use_allocation_guard: 0.
 - handle_deallocations: 1.


Internal statistics:

num_allocs_failed_limit: 3.
num_arena_births: 254.
num_arena_deaths: 0.
num_vsnodes_births: 2.
num_vsnodes_deaths: 0.
num_space_committed: 532.
num_space_uncommitted: 0.
num_chunks_returned_to_freelist: 3.
num_chunks_taken_from_freelist: 1167.
num_chunk_merges: 3.
num_chunk_splits: 782.
num_chunks_enlarged: 562.
num_inconsistent_stats: 0.

CodeHeap 'non-profiled nmethods': size=120000Kb used=1362Kb max_used=1362Kb free=118637Kb
 bounds [0x00000220dee20000, 0x00000220df090000, 0x00000220e6350000]
CodeHeap 'profiled nmethods': size=120000Kb used=5835Kb max_used=5835Kb free=114164Kb
 bounds [0x00000220d7350000, 0x00000220d7910000, 0x00000220de880000]
CodeHeap 'non-nmethods': size=5760Kb used=1240Kb max_used=1276Kb free=4519Kb
 bounds [0x00000220de880000, 0x00000220deaf0000, 0x00000220dee20000]
 total_blobs=3343 nmethods=2794 adapters=461
 compilation: enabled
              stopped_count=0, restarted_count=0
 full_count=0

Compilation events (20 events):
Event: 6.014 Thread 0x00000220f2039c80 2765       3       com.google.common.cache.LongAddables$1::get (5 bytes)
Event: 6.014 Thread 0x00000220f2039c80 nmethod 2765 0x00000220d78ea310 code [0x00000220d78ea4c0, 0x00000220d78ea818]
Event: 6.014 Thread 0x00000220f2039c80 2766       3       com.google.common.cache.LongAddables$1::get (8 bytes)
Event: 6.015 Thread 0x00000220f2039c80 nmethod 2766 0x00000220d78ea990 code [0x00000220d78eab40, 0x00000220d78eae18]
Event: 6.015 Thread 0x00000220f2039c80 2763       3       java.util.stream.ReferencePipeline$3$1::accept (23 bytes)
Event: 6.015 Thread 0x00000220f2039c80 nmethod 2763 0x00000220d78eaf90 code [0x00000220d78eb140, 0x00000220d78eb3d8]
Event: 6.027 Thread 0x00000220f2039c80 2774       3       jdk.internal.org.objectweb.asm.SymbolTable::<init> (41 bytes)
Event: 6.027 Thread 0x00000220f2039c80 nmethod 2774 0x00000220d78eb510 code [0x00000220d78eb6e0, 0x00000220d78ebc38]
Event: 6.038 Thread 0x00000220f2039c80 2775       3       org.gradle.internal.hash.Hashing$MessageDigestHasher::getDigest (22 bytes)
Event: 6.038 Thread 0x00000220f2039c80 nmethod 2775 0x00000220d78ebd90 code [0x00000220d78ebf40, 0x00000220d78ec168]
Event: 6.038 Thread 0x00000220f2039c80 2776       1       java.util.stream.ReferencePipeline$StatelessOp::opIsStateful (2 bytes)
Event: 6.038 Thread 0x00000220f2039c80 nmethod 2776 0x00000220def73b10 code [0x00000220def73ca0, 0x00000220def73d78]
Event: 6.039 Thread 0x00000220f2039c80 2777       3       java.lang.Enum::hashCode (5 bytes)
Event: 6.039 Thread 0x00000220f2039c80 nmethod 2777 0x00000220d78ec290 code [0x00000220d78ec420, 0x00000220d78ec568]
Event: 6.039 Thread 0x00000220f2039c80 2778       3       jdk.internal.reflect.Reflection::isCallerSensitive (24 bytes)
Event: 6.041 Thread 0x00000220f2039c80 nmethod 2778 0x00000220d78ec610 code [0x00000220d78ec940, 0x00000220d78ede98]
Event: 6.041 Thread 0x00000220f2039c80 2779       3       jdk.internal.reflect.NativeMethodAccessorImpl::<init> (10 bytes)
Event: 6.041 Thread 0x00000220f2039c80 nmethod 2779 0x00000220d78ee510 code [0x00000220d78ee6c0, 0x00000220d78ee938]
Event: 6.041 Thread 0x00000220f2039c80 2780       3       jdk.internal.reflect.DelegatingMethodAccessorImpl::<init> (10 bytes)
Event: 6.041 Thread 0x00000220f2039c80 nmethod 2780 0x00000220d78eea90 code [0x00000220d78eec40, 0x00000220d78eeef8]

GC Heap History (10 events):
Event: 1.598 GC heap before
{Heap before GC invocations=0 (full 0):
 garbage-first heap   total 98304K, used 26624K [0x0000000080000000, 0x0000000100000000)
  region size 1024K, 23 young (23552K), 0 survivors (0K)
 Metaspace       used 10516K, committed 10624K, reserved 1114112K
  class space    used 1092K, committed 1152K, reserved 1048576K
}
Event: 1.607 GC heap after
{Heap after GC invocations=1 (full 0):
 garbage-first heap   total 98304K, used 10432K [0x0000000080000000, 0x0000000100000000)
  region size 1024K, 3 young (3072K), 3 survivors (3072K)
 Metaspace       used 10516K, committed 10624K, reserved 1114112K
  class space    used 1092K, committed 1152K, reserved 1048576K
}
Event: 2.277 GC heap before
{Heap before GC invocations=1 (full 0):
 garbage-first heap   total 98304K, used 38080K [0x0000000080000000, 0x0000000100000000)
  region size 1024K, 30 young (30720K), 3 survivors (3072K)
 Metaspace       used 11488K, committed 11648K, reserved 1114112K
  class space    used 1197K, committed 1280K, reserved 1048576K
}
Event: 2.285 GC heap after
{Heap after GC invocations=2 (full 0):
 garbage-first heap   total 98304K, used 13084K [0x0000000080000000, 0x0000000100000000)
  region size 1024K, 3 young (3072K), 3 survivors (3072K)
 Metaspace       used 11488K, committed 11648K, reserved 1114112K
  class space    used 1197K, committed 1280K, reserved 1048576K
}
Event: 3.717 GC heap before
{Heap before GC invocations=2 (full 0):
 garbage-first heap   total 98304K, used 57116K [0x0000000080000000, 0x0000000100000000)
  region size 1024K, 47 young (48128K), 3 survivors (3072K)
 Metaspace       used 21303K, committed 21504K, reserved 1114112K
  class space    used 2533K, committed 2624K, reserved 1048576K
}
Event: 3.725 GC heap after
{Heap after GC invocations=3 (full 0):
 garbage-first heap   total 98304K, used 19233K [0x0000000080000000, 0x0000000100000000)
  region size 1024K, 7 young (7168K), 7 survivors (7168K)
 Metaspace       used 21303K, committed 21504K, reserved 1114112K
  class space    used 2533K, committed 2624K, reserved 1048576K
}
Event: 4.763 GC heap before
{Heap before GC invocations=4 (full 0):
 garbage-first heap   total 68608K, used 52001K [0x0000000080000000, 0x0000000100000000)
  region size 1024K, 40 young (40960K), 7 survivors (7168K)
 Metaspace       used 26229K, committed 26496K, reserved 1114112K
  class space    used 3393K, committed 3520K, reserved 1048576K
}
Event: 4.771 GC heap after
{Heap after GC invocations=5 (full 0):
 garbage-first heap   total 68608K, used 20999K [0x0000000080000000, 0x0000000100000000)
  region size 1024K, 2 young (2048K), 2 survivors (2048K)
 Metaspace       used 26229K, committed 26496K, reserved 1114112K
  class space    used 3393K, committed 3520K, reserved 1048576K
}
Event: 5.591 GC heap before
{Heap before GC invocations=5 (full 0):
 garbage-first heap   total 68608K, used 47623K [0x0000000080000000, 0x0000000100000000)
  region size 1024K, 29 young (29696K), 2 survivors (2048K)
 Metaspace       used 30040K, committed 30336K, reserved 1114112K
  class space    used 4012K, committed 4096K, reserved 1048576K
}
Event: 5.596 GC heap after
{Heap after GC invocations=6 (full 0):
 garbage-first heap   total 68608K, used 22383K [0x0000000080000000, 0x0000000100000000)
  region size 1024K, 4 young (4096K), 4 survivors (4096K)
 Metaspace       used 30040K, committed 30336K, reserved 1114112K
  class space    used 4012K, committed 4096K, reserved 1048576K
}

Dll operation events (3 events):
Event: 0.033 Loaded shared library C:\Program Files\Android\Android Studio\jbr\bin\java.dll
Event: 0.290 Loaded shared library C:\Program Files\Android\Android Studio\jbr\bin\zip.dll
Event: 1.077 Loaded shared library C:\Program Files\Android\Android Studio\jbr\bin\verify.dll

Deoptimization events (20 events):
Event: 5.004 Thread 0x00000220f309dd70 Uncommon trap: trap_request=0xffffff45 fr.pc=0x00000220dee50ef4 relative=0x00000000000000d4
Event: 5.004 Thread 0x00000220f309dd70 Uncommon trap: reason=unstable_if action=reinterpret pc=0x00000220dee50ef4 method=java.util.HashMap.hash(Ljava/lang/Object;)I @ 1 c2
Event: 5.004 Thread 0x00000220f309dd70 DEOPT PACKING pc=0x00000220dee50ef4 sp=0x000000931abfa000
Event: 5.004 Thread 0x00000220f309dd70 DEOPT UNPACKING pc=0x00000220de8d69a3 sp=0x000000931abf9f40 mode 2
Event: 5.077 Thread 0x00000220f309dd70 Uncommon trap: trap_request=0xffffff6e fr.pc=0x00000220deeb8664 relative=0x00000000000003c4
Event: 5.077 Thread 0x00000220f309dd70 Uncommon trap: reason=loop_limit_check action=maybe_recompile pc=0x00000220deeb8664 method=java.lang.StringLatin1.indexOf([BI[BII)I @ 37 c2
Event: 5.077 Thread 0x00000220f309dd70 DEOPT PACKING pc=0x00000220deeb8664 sp=0x000000931abf8780
Event: 5.077 Thread 0x00000220f309dd70 DEOPT UNPACKING pc=0x00000220de8d69a3 sp=0x000000931abf86e0 mode 2
Event: 5.382 Thread 0x00000220f309dd70 Uncommon trap: trap_request=0xffffff76 fr.pc=0x00000220def54e0c relative=0x000000000000016c
Event: 5.382 Thread 0x00000220f309dd70 Uncommon trap: reason=predicate action=maybe_recompile pc=0x00000220def54e0c method=com.google.common.base.CharMatcher.indexIn(Ljava/lang/CharSequence;I)I @ 19 c2
Event: 5.382 Thread 0x00000220f309dd70 DEOPT PACKING pc=0x00000220def54e0c sp=0x000000931abfa790
Event: 5.382 Thread 0x00000220f309dd70 DEOPT UNPACKING pc=0x00000220de8d69a3 sp=0x000000931abfa720 mode 2
Event: 5.471 Thread 0x00000220f309dd70 Uncommon trap: trap_request=0xffffff45 fr.pc=0x00000220deee0bf8 relative=0x00000000000005f8
Event: 5.471 Thread 0x00000220f309dd70 Uncommon trap: reason=unstable_if action=reinterpret pc=0x00000220deee0bf8 method=java.util.Properties$LineReader.readLine()I @ 95 c2
Event: 5.471 Thread 0x00000220f309dd70 DEOPT PACKING pc=0x00000220deee0bf8 sp=0x000000931abfb660
Event: 5.471 Thread 0x00000220f309dd70 DEOPT UNPACKING pc=0x00000220de8d69a3 sp=0x000000931abfb610 mode 2
Event: 5.773 Thread 0x00000220f309dd70 Uncommon trap: trap_request=0xffffff45 fr.pc=0x00000220dee83e60 relative=0x00000000000005a0
Event: 5.773 Thread 0x00000220f309dd70 Uncommon trap: reason=unstable_if action=reinterpret pc=0x00000220dee83e60 method=java.util.HashMap.hash(Ljava/lang/Object;)I @ 1 c2
Event: 5.773 Thread 0x00000220f309dd70 DEOPT PACKING pc=0x00000220dee83e60 sp=0x000000931abf7920
Event: 5.773 Thread 0x00000220f309dd70 DEOPT UNPACKING pc=0x00000220de8d69a3 sp=0x000000931abf77c8 mode 2

Classes unloaded (0 events):
No events

Classes redefined (0 events):
No events

Internal exceptions (20 events):
Event: 5.004 Thread 0x00000220f309dd70 Implicit null exception at 0x00000220dee50e58 to 0x00000220dee50eea
Event: 5.413 Thread 0x00000220f309dd70 Exception <a 'java/lang/NoSuchMethodError'{0x00000000830a0108}: 'void java.lang.invoke.DirectMethodHandle$Holder.invokeStatic(java.lang.Object, java.lang.Object, java.lang.Object, java.lang.Object)'> (0x00000000830a0108) 
thrown [s\src\hotspot\share\interpreter\linkResolver.cpp, line 771]
Event: 5.416 Thread 0x00000220f309dd70 Exception <a 'java/lang/NoSuchMethodError'{0x00000000830b47f8}: 'int java.lang.invoke.DirectMethodHandle$Holder.invokeVirtual(java.lang.Object, java.lang.Object)'> (0x00000000830b47f8) 
thrown [s\src\hotspot\share\interpreter\linkResolver.cpp, line 771]
Event: 5.418 Thread 0x00000220f309dd70 Exception <a 'java/lang/NoSuchMethodError'{0x00000000830de420}: 'java.lang.Object java.lang.invoke.DirectMethodHandle$Holder.invokeStaticInit(java.lang.Object, java.lang.Object, java.lang.Object)'> (0x00000000830de420) 
thrown [s\src\hotspot\share\interpreter\linkResolver.cpp, line 771]
Event: 5.426 Thread 0x00000220f309dd70 Exception <a 'java/lang/NoSuchMethodError'{0x0000000082f05a10}: 'int java.lang.invoke.DirectMethodHandle$Holder.invokeVirtual(java.lang.Object, java.lang.Object, java.lang.Object)'> (0x0000000082f05a10) 
thrown [s\src\hotspot\share\interpreter\linkResolver.cpp, line 771]
Event: 5.670 Thread 0x00000220f309dd70 Exception <a 'java/lang/NoSuchMethodError'{0x0000000083f1a298}: 'java.lang.Object java.lang.invoke.DirectMethodHandle$Holder.invokeSpecialIFC(java.lang.Object, java.lang.Object, java.lang.Object, java.lang.Object)'> (0x0000000083f1a298) 
thrown [s\src\hotspot\share\interpreter\linkResolver.cpp, line 771]
Event: 5.773 Thread 0x00000220f309dd70 Implicit null exception at 0x00000220dee8390f to 0x00000220dee83e40
Event: 5.822 Thread 0x00000220f309dd70 Exception <a 'java/lang/NoSuchMethodError'{0x000000008374b058}: 'java.lang.Object java.lang.invoke.DirectMethodHandle$Holder.invokeSpecial(java.lang.Object, java.lang.Object, java.lang.Object, java.lang.Object, java.lang.Object, java.lang.Object, java.lang.Object, java.lang.Object, java.lang.Object, java.lang.Object, java.lang.Object, java.lang.Object, java.lang.Object)'> (0x000000008374b058) 
thrown [s\src\hotspot\share\interpreter\linkResolver.cpp, line 771]
Event: 5.823 Thread 0x00000220f309dd70 Exception <a 'java/lang/NoSuchMethodError'{0x000000008375c9c0}: 'java.lang.Object java.lang.invoke.DirectMethodHandle$Holder.newInvokeSpecial(java.lang.Object, java.lang.Object, java.lang.Object, java.lang.Object, java.lang.Object, java.lang.Object, java.lang.Object, java.lang.Object, java.lang.Object, java.lang.Object, java.lang.Object)'> (0x000000008375c9c0) 
thrown [s\src\hotspot\share\interpreter\linkResolver.cpp, line 771]
Event: 5.823 Thread 0x00000220f309dd70 Exception <a 'java/lang/NoSuchMethodError'{0x00000000837624f8}: 'java.lang.Object java.lang.invoke.DirectMethodHandle$Holder.invokeSpecial(java.lang.Object, java.lang.Object, java.lang.Object, java.lang.Object, java.lang.Object, java.lang.Object, java.lang.Object, java.lang.Object, java.lang.Object, java.lang.Object, java.lang.Object, java.lang.Object)'> (0x00000000837624f8) 
thrown [s\src\hotspot\share\interpreter\linkResolver.cpp, line 771]
Event: 5.823 Thread 0x00000220f309dd70 Exception <a 'java/lang/NoSuchMethodError'{0x0000000083767de8}: 'java.lang.Object java.lang.invoke.Invokers$Holder.linkToTargetMethod(java.lang.Object, java.lang.Object, java.lang.Object, java.lang.Object, java.lang.Object, java.lang.Object, java.lang.Object, java.lang.Object, java.lang.Object, java.lang.Object, java.lang.Object)'> (0x0000000083767de8) 
thrown [s\src\hotspot\share\interpreter\linkResolver.cpp, line 771]
Event: 5.828 Thread 0x00000220f309dd70 Exception <a 'java/lang/NoSuchMethodError'{0x00000000837b5978}: 'java.lang.Object java.lang.invoke.DirectMethodHandle$Holder.invokeSpecial(java.lang.Object, java.lang.Object, java.lang.Object, java.lang.Object, java.lang.Object, java.lang.Object, java.lang.Object, java.lang.Object, java.lang.Object, java.lang.Object, java.lang.Object, java.lang.Object, java.lang.Object, java.lang.Object)'> (0x00000000837b5978) 
thrown [s\src\hotspot\share\interpreter\linkResolver.cpp, line 771]
Event: 5.829 Thread 0x00000220f309dd70 Exception <a 'java/lang/NoSuchMethodError'{0x00000000837c8e08}: 'java.lang.Object java.lang.invoke.DirectMethodHandle$Holder.newInvokeSpecial(java.lang.Object, java.lang.Object, java.lang.Object, java.lang.Object, java.lang.Object, java.lang.Object, java.lang.Object, java.lang.Object, java.lang.Object, java.lang.Object, java.lang.Object, java.lang.Object)'> (0x00000000837c8e08) 
thrown [s\src\hotspot\share\interpreter\linkResolver.cpp, line 771]
Event: 5.830 Thread 0x00000220f309dd70 Exception <a 'java/lang/NoSuchMethodError'{0x00000000837ce7a0}: 'java.lang.Object java.lang.invoke.Invokers$Holder.linkToTargetMethod(java.lang.Object, java.lang.Object, java.lang.Object, java.lang.Object, java.lang.Object, java.lang.Object, java.lang.Object, java.lang.Object, java.lang.Object, java.lang.Object, java.lang.Object, java.lang.Object)'> (0x00000000837ce7a0) 
thrown [s\src\hotspot\share\interpreter\linkResolver.cpp, line 771]
Event: 5.833 Thread 0x00000220f309dd70 Exception <a 'java/lang/NoSuchMethodError'{0x00000000836088c0}: 'java.lang.Object java.lang.invoke.DirectMethodHandle$Holder.newInvokeSpecial(java.lang.Object, java.lang.Object, java.lang.Object, java.lang.Object, java.lang.Object, java.lang.Object, java.lang.Object, java.lang.Object, java.lang.Object, java.lang.Object)'> (0x00000000836088c0) 
thrown [s\src\hotspot\share\interpreter\linkResolver.cpp, line 771]
Event: 5.833 Thread 0x00000220f309dd70 Exception <a 'java/lang/NoSuchMethodError'{0x000000008360d7a8}: 'java.lang.Object java.lang.invoke.Invokers$Holder.linkToTargetMethod(java.lang.Object, java.lang.Object, java.lang.Object, java.lang.Object, java.lang.Object, java.lang.Object, java.lang.Object, java.lang.Object, java.lang.Object, java.lang.Object)'> (0x000000008360d7a8) 
thrown [s\src\hotspot\share\interpreter\linkResolver.cpp, line 771]
Event: 5.843 Thread 0x00000220f309dd70 Exception <a 'java/lang/NoSuchMethodError'{0x000000008367be40}: 'java.lang.Object java.lang.invoke.DirectMethodHandle$Holder.invokeStaticInit(java.lang.Object, java.lang.Object, java.lang.Object, java.lang.Object)'> (0x000000008367be40) 
thrown [s\src\hotspot\share\interpreter\linkResolver.cpp, line 771]
Event: 6.022 Thread 0x00000220f309dd70 Exception <a 'java/lang/NoSuchMethodError'{0x0000000082b481e0}: 'java.lang.Object java.lang.invoke.DirectMethodHandle$Holder.newInvokeSpecial(java.lang.Object, java.lang.Object, java.lang.Object, java.lang.Object, java.lang.Object, java.lang.Object, java.lang.Object, java.lang.Object)'> (0x0000000082b481e0) 
thrown [s\src\hotspot\share\interpreter\linkResolver.cpp, line 771]
Event: 6.022 Thread 0x00000220f309dd70 Exception <a 'java/lang/NoSuchMethodError'{0x0000000082b4dc58}: 'java.lang.Object java.lang.invoke.Invokers$Holder.linkToTargetMethod(java.lang.Object, java.lang.Object, java.lang.Object, java.lang.Object, java.lang.Object, java.lang.Object, java.lang.Object, java.lang.Object)'> (0x0000000082b4dc58) 
thrown [s\src\hotspot\share\interpreter\linkResolver.cpp, line 771]
Event: 6.032 Thread 0x00000220f309dd70 Exception <a 'java/lang/IncompatibleClassChangeError'{0x0000000082bbb6b0}: Found class java.lang.Object, but interface was expected> (0x0000000082bbb6b0) 
thrown [s\src\hotspot\share\interpreter\linkResolver.cpp, line 838]

VM Operations (20 events):
Event: 3.735 Executing VM operation: G1PauseCleanup
Event: 3.736 Executing VM operation: G1PauseCleanup done
Event: 3.752 Executing VM operation: HandshakeAllThreads
Event: 3.752 Executing VM operation: HandshakeAllThreads done
Event: 4.090 Executing VM operation: HandshakeAllThreads
Event: 4.090 Executing VM operation: HandshakeAllThreads done
Event: 4.090 Executing VM operation: HandshakeAllThreads
Event: 4.090 Executing VM operation: HandshakeAllThreads done
Event: 4.762 Executing VM operation: G1CollectForAllocation
Event: 4.771 Executing VM operation: G1CollectForAllocation done
Event: 5.475 Executing VM operation: HandshakeAllThreads
Event: 5.475 Executing VM operation: HandshakeAllThreads done
Event: 5.475 Executing VM operation: HandshakeAllThreads
Event: 5.475 Executing VM operation: HandshakeAllThreads done
Event: 5.591 Executing VM operation: G1CollectForAllocation
Event: 5.596 Executing VM operation: G1CollectForAllocation done
Event: 5.776 Executing VM operation: HandshakeAllThreads
Event: 5.777 Executing VM operation: HandshakeAllThreads done
Event: 6.011 Executing VM operation: HandshakeAllThreads
Event: 6.012 Executing VM operation: HandshakeAllThreads done

Events (20 events):
Event: 5.421 loading class java/util/ArrayDeque$DeqSpliterator
Event: 5.421 loading class java/util/ArrayDeque$DeqSpliterator done
Event: 5.663 Thread 0x00000220f404a300 Thread added: 0x00000220f404a300
Event: 5.695 Thread 0x00000220f404dab0 Thread added: 0x00000220f404dab0
Event: 5.716 Thread 0x00000220f40484a0 Thread added: 0x00000220f40484a0
Event: 5.772 loading class sun/reflect/misc/ReflectUtil
Event: 5.773 loading class sun/reflect/misc/ReflectUtil done
Event: 5.778 loading class java/lang/Class$EnclosingMethodInfo
Event: 5.778 loading class java/lang/Class$EnclosingMethodInfo done
Event: 5.780 loading class sun/reflect/generics/tree/IntSignature
Event: 5.780 loading class sun/reflect/generics/tree/IntSignature done
Event: 5.780 loading class sun/reflect/generics/tree/ArrayTypeSignature
Event: 5.780 loading class sun/reflect/generics/tree/ArrayTypeSignature done
Event: 5.785 loading class java/lang/SafeVarargs
Event: 5.785 loading class java/lang/SafeVarargs done
Event: 5.791 loading class java/util/regex/Pattern$GroupCurly
Event: 5.791 loading class java/util/regex/Pattern$GroupCurly done
Event: 5.836 Thread 0x00000220f404d090 Thread added: 0x00000220f404d090
Event: 5.860 Thread 0x00000220f404ad20 Thread added: 0x00000220f404ad20
Event: 5.975 Thread 0x00000220f404d5a0 Thread added: 0x00000220f404d5a0


Dynamic libraries:
0x00007ff62e760000 - 0x00007ff62e76a000 	C:\Program Files\Android\Android Studio\jbr\bin\java.exe
0x00007ff8b5a90000 - 0x00007ff8b5ca7000 	C:\WINDOWS\SYSTEM32\ntdll.dll
0x00007ff8b4470000 - 0x00007ff8b4534000 	C:\WINDOWS\System32\KERNEL32.DLL
0x00007ff8b32c0000 - 0x00007ff8b366d000 	C:\WINDOWS\System32\KERNELBASE.dll
0x00007ff8b2f10000 - 0x00007ff8b3021000 	C:\WINDOWS\System32\ucrtbase.dll
0x00007ff8992c0000 - 0x00007ff8992db000 	C:\Program Files\Android\Android Studio\jbr\bin\VCRUNTIME140.dll
0x00007ff8365a0000 - 0x00007ff8365b7000 	C:\Program Files\Android\Android Studio\jbr\bin\jli.dll
0x00007ff8b3d50000 - 0x00007ff8b3efe000 	C:\WINDOWS\System32\USER32.dll
0x00007ff8b3670000 - 0x00007ff8b3696000 	C:\WINDOWS\System32\win32u.dll
0x00007ff8b38f0000 - 0x00007ff8b3919000 	C:\WINDOWS\System32\GDI32.dll
0x00007ff8b36a0000 - 0x00007ff8b37b9000 	C:\WINDOWS\System32\gdi32full.dll
0x00007ff8b2e70000 - 0x00007ff8b2f0a000 	C:\WINDOWS\System32\msvcp_win.dll
0x00007ff89ca90000 - 0x00007ff89cd23000 	C:\WINDOWS\WinSxS\amd64_microsoft.windows.common-controls_6595b64144ccf1df_6.0.22621.3672_none_2713b9d173822955\COMCTL32.dll
0x00007ff8b5050000 - 0x00007ff8b50f7000 	C:\WINDOWS\System32\msvcrt.dll
0x00007ff8b53b0000 - 0x00007ff8b53e1000 	C:\WINDOWS\System32\IMM32.DLL
0x00007ff899000000 - 0x00007ff89900c000 	C:\Program Files\Android\Android Studio\jbr\bin\vcruntime140_1.dll
0x00007ff864730000 - 0x00007ff8647bd000 	C:\Program Files\Android\Android Studio\jbr\bin\msvcp140.dll
0x00007ff833ca0000 - 0x00007ff834923000 	C:\Program Files\Android\Android Studio\jbr\bin\server\jvm.dll
0x00007ff8b5600000 - 0x00007ff8b56b2000 	C:\WINDOWS\System32\ADVAPI32.dll
0x00007ff8b3c30000 - 0x00007ff8b3cd9000 	C:\WINDOWS\System32\sechost.dll
0x00007ff8b3220000 - 0x00007ff8b3248000 	C:\WINDOWS\System32\bcrypt.dll
0x00007ff8b5230000 - 0x00007ff8b5344000 	C:\WINDOWS\System32\RPCRT4.dll
0x00007ff865200000 - 0x00007ff865209000 	C:\WINDOWS\SYSTEM32\WSOCK32.dll
0x00007ff8a8cc0000 - 0x00007ff8a8cca000 	C:\WINDOWS\SYSTEM32\VERSION.dll
0x00007ff8b51b0000 - 0x00007ff8b5221000 	C:\WINDOWS\System32\WS2_32.dll
0x00007ff8adf90000 - 0x00007ff8adfc4000 	C:\WINDOWS\SYSTEM32\WINMM.dll
0x00007ff8b2c70000 - 0x00007ff8b2cbd000 	C:\WINDOWS\SYSTEM32\POWRPROF.dll
0x00007ff8b2c50000 - 0x00007ff8b2c63000 	C:\WINDOWS\SYSTEM32\UMPDC.dll
0x00007ff8b1de0000 - 0x00007ff8b1df8000 	C:\WINDOWS\SYSTEM32\kernel.appcore.dll
0x00007ff836c30000 - 0x00007ff836c3a000 	C:\Program Files\Android\Android Studio\jbr\bin\jimage.dll
0x00007ff8aab20000 - 0x00007ff8aad52000 	C:\WINDOWS\SYSTEM32\DBGHELP.DLL
0x00007ff8b56c0000 - 0x00007ff8b5a4d000 	C:\WINDOWS\System32\combase.dll
0x00007ff8b3f00000 - 0x00007ff8b3fd7000 	C:\WINDOWS\System32\OLEAUT32.dll
0x00007ff8914a0000 - 0x00007ff8914d2000 	C:\WINDOWS\SYSTEM32\dbgcore.DLL
0x00007ff8b3030000 - 0x00007ff8b30ab000 	C:\WINDOWS\System32\bcryptPrimitives.dll
0x00007ff893ab0000 - 0x00007ff893abe000 	C:\Program Files\Android\Android Studio\jbr\bin\instrument.dll
0x00007ff836c00000 - 0x00007ff836c25000 	C:\Program Files\Android\Android Studio\jbr\bin\java.dll
0x00007ff836be0000 - 0x00007ff836bf8000 	C:\Program Files\Android\Android Studio\jbr\bin\zip.dll
0x00007ff8b4540000 - 0x00007ff8b4da8000 	C:\WINDOWS\System32\SHELL32.dll
0x00007ff8b0d00000 - 0x00007ff8b15fe000 	C:\WINDOWS\SYSTEM32\windows.storage.dll
0x00007ff8b0bc0000 - 0x00007ff8b0cff000 	C:\WINDOWS\SYSTEM32\wintypes.dll
0x00007ff8b37f0000 - 0x00007ff8b38e9000 	C:\WINDOWS\System32\SHCORE.dll
0x00007ff8b4f70000 - 0x00007ff8b4fce000 	C:\WINDOWS\System32\shlwapi.dll
0x00007ff8b2ce0000 - 0x00007ff8b2d01000 	C:\WINDOWS\SYSTEM32\profapi.dll
0x00007ff836b80000 - 0x00007ff836b99000 	C:\Program Files\Android\Android Studio\jbr\bin\net.dll
0x00007ff8ae450000 - 0x00007ff8ae586000 	C:\WINDOWS\SYSTEM32\WINHTTP.dll
0x00007ff8b2250000 - 0x00007ff8b22b9000 	C:\WINDOWS\system32\mswsock.dll
0x00007ff836b60000 - 0x00007ff836b76000 	C:\Program Files\Android\Android Studio\jbr\bin\nio.dll
0x00007ff893ac0000 - 0x00007ff893ad0000 	C:\Program Files\Android\Android Studio\jbr\bin\verify.dll
0x00007ff8a1530000 - 0x00007ff8a1557000 	C:\Users\frami\.gradle\native\68d5fa5c4cc2d200863cafc0d521ce42e7d3e7ee720ec0a83991735586a16f82\windows-amd64\native-platform.dll
0x00007ff840780000 - 0x00007ff8408c4000 	C:\Users\frami\.gradle\native\e376f236ea51e6404a007f0833ffe2c6e607c4080706a723a18a27aeea778392\windows-amd64\native-platform-file-events.dll
0x00007ff893ae0000 - 0x00007ff893ae9000 	C:\Program Files\Android\Android Studio\jbr\bin\management.dll
0x00007ff893ad0000 - 0x00007ff893adb000 	C:\Program Files\Android\Android Studio\jbr\bin\management_ext.dll
0x00007ff8b3fe0000 - 0x00007ff8b3fe8000 	C:\WINDOWS\System32\PSAPI.DLL
0x00007ff8b24b0000 - 0x00007ff8b24cb000 	C:\WINDOWS\SYSTEM32\CRYPTSP.dll
0x00007ff8b1d40000 - 0x00007ff8b1d75000 	C:\WINDOWS\system32\rsaenh.dll
0x00007ff8b2350000 - 0x00007ff8b2378000 	C:\WINDOWS\SYSTEM32\USERENV.dll
0x00007ff8b24d0000 - 0x00007ff8b24dc000 	C:\WINDOWS\SYSTEM32\CRYPTBASE.dll
0x00007ff8b1860000 - 0x00007ff8b188d000 	C:\WINDOWS\SYSTEM32\IPHLPAPI.DLL
0x00007ff8b37e0000 - 0x00007ff8b37e9000 	C:\WINDOWS\System32\NSI.dll
0x00007ff8aec50000 - 0x00007ff8aec69000 	C:\WINDOWS\SYSTEM32\dhcpcsvc6.DLL
0x00007ff8ae220000 - 0x00007ff8ae23f000 	C:\WINDOWS\SYSTEM32\dhcpcsvc.DLL
0x00007ff8b18d0000 - 0x00007ff8b19c8000 	C:\WINDOWS\SYSTEM32\DNSAPI.dll
0x00007ff893af0000 - 0x00007ff893af9000 	C:\Program Files\Android\Android Studio\jbr\bin\extnet.dll
0x00007ff8ade70000 - 0x00007ff8ade78000 	C:\WINDOWS\system32\wshunix.dll

dbghelp: loaded successfully - version: 4.0.5 - missing functions: none
symbol engine: initialized successfully - sym options: 0x614 - pdb path: .;C:\Program Files\Android\Android Studio\jbr\bin;C:\WINDOWS\SYSTEM32;C:\WINDOWS\WinSxS\amd64_microsoft.windows.common-controls_6595b64144ccf1df_6.0.22621.3672_none_2713b9d173822955;C:\Program Files\Android\Android Studio\jbr\bin\server;C:\Users\frami\.gradle\native\68d5fa5c4cc2d200863cafc0d521ce42e7d3e7ee720ec0a83991735586a16f82\windows-amd64;C:\Users\frami\.gradle\native\e376f236ea51e6404a007f0833ffe2c6e607c4080706a723a18a27aeea778392\windows-amd64

VM Arguments:
jvm_args: --add-opens=java.base/java.util=ALL-UNNAMED --add-opens=java.base/java.lang=ALL-UNNAMED --add-opens=java.base/java.lang.invoke=ALL-UNNAMED --add-opens=java.prefs/java.util.prefs=ALL-UNNAMED --add-opens=java.base/java.nio.charset=ALL-UNNAMED --add-opens=java.base/java.net=ALL-UNNAMED --add-opens=java.base/java.util.concurrent.atomic=ALL-UNNAMED -Xmx2048m -Dfile.encoding=UTF-8 -Duser.country=CO -Duser.language=es -Duser.variant -javaagent:C:\Users\frami\.gradle\wrapper\dists\gradle-8.2-bin\bbg7u40eoinfdyxsxr3z4i7ta\gradle-8.2\lib\agents\gradle-instrumentation-agent-8.2.jar 
java_command: org.gradle.launcher.daemon.bootstrap.GradleDaemon 8.2
java_class_path (initial): C:\Users\frami\.gradle\wrapper\dists\gradle-8.2-bin\bbg7u40eoinfdyxsxr3z4i7ta\gradle-8.2\lib\gradle-launcher-8.2.jar
Launcher Type: SUN_STANDARD

[Global flags]
     intx CICompilerCount                          = 4                                         {product} {ergonomic}
     uint ConcGCThreads                            = 2                                         {product} {ergonomic}
     uint G1ConcRefinementThreads                  = 8                                         {product} {ergonomic}
   size_t G1HeapRegionSize                         = 1048576                                   {product} {ergonomic}
    uintx GCDrainStackTargetSize                   = 64                                        {product} {ergonomic}
   size_t InitialHeapSize                          = 100663296                                 {product} {ergonomic}
   size_t MarkStackSize                            = 4194304                                   {product} {ergonomic}
   size_t MaxHeapSize                              = 2147483648                                {product} {command line}
   size_t MaxNewSize                               = 1287651328                                {product} {ergonomic}
   size_t MinHeapDeltaBytes                        = 1048576                                   {product} {ergonomic}
   size_t MinHeapSize                              = 8388608                                   {product} {ergonomic}
    uintx NonNMethodCodeHeapSize                   = 5839372                                {pd product} {ergonomic}
    uintx NonProfiledCodeHeapSize                  = 122909434                              {pd product} {ergonomic}
    uintx ProfiledCodeHeapSize                     = 122909434                              {pd product} {ergonomic}
    uintx ReservedCodeCacheSize                    = 251658240                              {pd product} {ergonomic}
     bool SegmentedCodeCache                       = true                                      {product} {ergonomic}
   size_t SoftMaxHeapSize                          = 2147483648                             {manageable} {ergonomic}
     bool UseCompressedClassPointers               = true                           {product lp64_product} {ergonomic}
     bool UseCompressedOops                        = true                           {product lp64_product} {ergonomic}
     bool UseG1GC                                  = true                                      {product} {ergonomic}
     bool UseLargePagesIndividualAllocation        = false                                  {pd product} {ergonomic}

Logging:
Log output configuration:
 #0: stdout all=warning uptime,level,tags
 #1: stderr all=off uptime,level,tags

Environment Variables:
JAVA_HOME=C:\Program Files\Java\jdk-21
PATH=C:\Program Files\Common Files\Oracle\Java\javapath;C:\WINDOWS\system32;C:\WINDOWS;C:\WINDOWS\System32\Wbem;C:\WINDOWS\System32\WindowsPowerShell\v1.0\;C:\WINDOWS\System32\OpenSSH\;C:\Program Files\Microsoft SQL Server\150\Tools\Binn\;C:\Program Files\Microsoft SQL Server\Client SDK\ODBC\170\Tools\Binn\;C:\Program Files\dotnet\;C:\Program Files\Java\jdk-21\bin;C:\Program Files (x86)\Microsoft SQL Server\160\DTS\Binn\;C:\Program Files\Git\cmd;C:\Users\frami\AppData\Local\Microsoft\WindowsApps;;C:\Users\frami\AppData\Local\Programs\Microsoft VS Code\bin;C:\Users\frami\.dotnet\tools
USERNAME=frami
OS=Windows_NT
PROCESSOR_IDENTIFIER=AMD64 Family 23 Model 24 Stepping 1, AuthenticAMD
TMP=C:\Users\frami\AppData\Local\Temp
TEMP=C:\Users\frami\AppData\Local\Temp



Periodic native trim disabled

JNI global refs:
JNI global refs: 24, weak refs: 7

JNI global refs memory usage: 843, weak refs: 841

Process memory usage:
Resident Set Size: 178728K (2% of 6174988K total physical memory with 239992K free physical memory)

OOME stack traces (most recent first):
Classloader memory used:
Loader bootstrap                                                                       : 1908K
Loader org.gradle.internal.classloader.VisitableURLClassLoader                         : 1841K
Loader org.gradle.initialization.MixInLegacyTypesClassLoader                           : 424K
Loader jdk.internal.loader.ClassLoaders$AppClassLoader                                 : 28451B
Loader jdk.internal.loader.ClassLoaders$PlatformClassLoader                            : 18152B
Loader jdk.internal.reflect.DelegatingClassLoader                                      : 3102B

Classes loaded by more than one classloader:
Class org.gradle.internal.installation.GradleInstallation                             : loaded 2 times (x 73B)
Class org.gradle.internal.classpath.ClassPath                                         : loaded 2 times (x 68B)
Class org.gradle.api.internal.classpath.DefaultModuleRegistry                         : loaded 2 times (x 84B)
Class org.gradle.api.Action                                                           : loaded 2 times (x 68B)
Class org.gradle.api.internal.DefaultClassPathProvider                                : loaded 2 times (x 74B)
Class org.gradle.internal.installation.GradleInstallation$1                           : loaded 2 times (x 73B)
Class org.gradle.internal.classloader.FilteringClassLoader                            : loaded 2 times (x 103B)
Class org.gradle.internal.classpath.DefaultClassPath$ImmutableUniqueList$Builder      : loaded 2 times (x 73B)
Class org.gradle.internal.classloader.ClassLoaderVisitor                              : loaded 2 times (x 74B)
Class org.gradle.internal.service.DefaultServiceLocator                               : loaded 2 times (x 81B)
Class org.gradle.internal.service.UnknownServiceException                             : loaded 2 times (x 81B)
Class org.gradle.internal.classloader.DefaultClassLoaderFactory                       : loaded 2 times (x 80B)
Class org.gradle.internal.classloader.VisitableURLClassLoader$Spec                    : loaded 2 times (x 72B)
Class org.gradle.api.GradleException                                                  : loaded 2 times (x 80B)
Class org.gradle.api.internal.classpath.ModuleRegistry                                : loaded 2 times (x 68B)
Class org.gradle.api.internal.ClassPathProvider                                       : loaded 2 times (x 68B)
Class org.gradle.internal.classloader.ClasspathUtil$1                                 : loaded 2 times (x 74B)
Class org.gradle.internal.classloader.ClassLoaderFactory                              : loaded 2 times (x 68B)
Class org.gradle.api.internal.classpath.ManifestUtil                                  : loaded 2 times (x 69B)
Class org.gradle.api.specs.Spec                                                       : loaded 2 times (x 68B)
Class org.gradle.internal.IoActions                                                   : loaded 2 times (x 69B)
Class org.gradle.api.internal.classpath.EffectiveClassPath                            : loaded 2 times (x 88B)
Class org.gradle.internal.installation.CurrentGradleInstallation                      : loaded 2 times (x 71B)
Class org.gradle.internal.agents.InstrumentingClassLoader                             : loaded 2 times (x 68B)
Class org.gradle.internal.installation.CurrentGradleInstallationLocator               : loaded 2 times (x 69B)
Class org.gradle.api.internal.classpath.Module                                        : loaded 2 times (x 68B)
Class org.gradle.internal.service.CachingServiceLocator                               : loaded 2 times (x 80B)
Class org.gradle.internal.classpath.DefaultClassPath                                  : loaded 2 times (x 88B)
Class org.gradle.internal.classloader.SystemClassLoaderSpec                           : loaded 2 times (x 69B)
Class org.gradle.api.UncheckedIOException                                             : loaded 2 times (x 80B)
Class org.gradle.internal.classloader.ClasspathUtil                                   : loaded 2 times (x 69B)
Class org.gradle.api.internal.DefaultClassPathRegistry                                : loaded 2 times (x 74B)
Class org.gradle.api.internal.classpath.DefaultModuleRegistry$DefaultModule           : loaded 2 times (x 84B)
Class org.gradle.api.internal.classpath.UnknownModuleException                        : loaded 2 times (x 80B)
Class org.gradle.internal.service.ServiceLookupException                              : loaded 2 times (x 80B)
Class org.gradle.cache.GlobalCache                                                    : loaded 2 times (x 68B)
Class [Lorg.gradle.api.internal.ClassPathProvider;                                    : loaded 2 times (x 67B)
Class org.gradle.util.internal.GUtil                                                  : loaded 2 times (x 69B)
Class org.gradle.internal.classloader.ClassLoaderSpec                                 : loaded 2 times (x 69B)
Class org.gradle.internal.classloader.VisitableURLClassLoader                         : loaded 2 times (x 115B)
Class org.gradle.internal.Cast                                                        : loaded 2 times (x 69B)
Class org.gradle.api.internal.ClassPathRegistry                                       : loaded 2 times (x 68B)
Class org.gradle.internal.classloader.VisitableURLClassLoader$InstrumentingVisitableURLClassLoader: loaded 2 times (x 121B)
Class org.gradle.internal.classloader.ClassLoaderHierarchy                            : loaded 2 times (x 68B)
Class org.gradle.internal.InternalTransformer                                         : loaded 2 times (x 68B)
Class org.gradle.internal.service.ServiceLocator                                      : loaded 2 times (x 68B)
Class org.gradle.internal.classpath.DefaultClassPath$ImmutableUniqueList              : loaded 2 times (x 159B)
Class org.gradle.internal.classpath.TransformedClassPath                              : loaded 2 times (x 94B)


---------------  S Y S T E M  ---------------

OS:
 Windows 11 , 64 bit Build 22621 (10.0.22621.3958)
OS uptime: 3 days 21:12 hours

CPU: total 8 (initial active 8) (8 cores per cpu, 2 threads per core) family 23 model 24 stepping 1 microcode 0x0, cx8, cmov, fxsr, ht, mmx, 3dnowpref, sse, sse2, sse3, ssse3, sse4a, sse4.1, sse4.2, popcnt, lzcnt, tsc, tscinvbit, avx, avx2, aes, clmul, bmi1, bmi2, adx, sha, fma, vzeroupper, clflush, clflushopt
Processor Information for all 8 processors :
  Max Mhz: 2100, Current Mhz: 2100, Mhz Limit: 2100

Memory: 4k page, system-wide physical 6030M (234M free)
TotalPageFile size 24462M (AvailPageFile size 3M)
current process WorkingSet (physical memory assigned to process): 174M, peak: 174M
current process commit charge ("private bytes"): 216M, peak: 218M

vm_info: OpenJDK 64-Bit Server VM (17.0.11+0--11852314) for windows-amd64 JRE (17.0.11+0--11852314), built on May 16 2024 21:29:20 by "androidbuild" with MS VC++ 16.10 / 16.11 (VS2019)

END.
